Log file open, 12/20/16 19:39:16
LogInit:Display: Running engine for game: Colluseum
LogPlatformFile: Not using cached read wrapper
LogInit:Display: RandInit(72344591) SRandInit(72344593).
LogTaskGraph: Started task graph with 4 named threads and 7 total threads with 1 sets of task threads.
LogStats: Stats thread started at 0.076523
LogInit: Version: 4.12.5-3039270+++UE4+Release-4.12
LogInit: API Version: 2992821
LogInit: Net Version: 3039270
LogDevObjectVersion: Number of dev versions registered: 13
LogDevObjectVersion:   Dev-Blueprints (B0D832E4-1F89-4F0D-ACCF-7EB736FD4AA2): 3
LogDevObjectVersion:   Dev-Build (E1C64328-A22C-4D53-A36C-8E866417BD8C): 0
LogDevObjectVersion:   Dev-Core (375EC13C-06E4-48FB-B500-84F0262A717E): 1
LogDevObjectVersion:   Dev-Editor (E4B068ED-F494-42E9-A231-DA0B2E46BB41): 2
LogDevObjectVersion:   Dev-Framework (CFFC743F-43B0-4480-9391-14DF171D2073): 6
LogDevObjectVersion:   Dev-Mobile (B02B49B5-BB20-44E9-A304-32B752E40360): 0
LogDevObjectVersion:   Dev-Networking (A4E4105C-59A1-49B5-A7C5-40C4547EDFEE): 0
LogDevObjectVersion:   Dev-Online (39C831C9-5AE6-47DC-9A44-9C173E1C8E7C): 0
LogDevObjectVersion:   Dev-Physics (78F01B33-EBEA-4F98-B9B4-84EACCB95AA2): 0
LogDevObjectVersion:   Dev-Platform (6631380F-2D4D-43E0-8009-CF276956A95A): 0
LogDevObjectVersion:   Dev-Rendering (12F88B9F-8875-4AFC-A67C-D90C383ABD29): 2
LogDevObjectVersion:   Dev-Sequencer (7B5AE74C-D270-4C10-A958-57980B212A5A): 0
LogDevObjectVersion:   Dev-VR (D7296918-1DD6-4BDD-9DE2-64A83CC13884): 0
LogInit: Compiled (64-bit): Jul  6 2016 09:09:46
LogInit: Compiled with Visual C++: 19.00.23026.00
LogInit: Build Configuration: Development
LogInit: Branch Name: ++UE4+Release-4.12
LogInit: Command line: -EpicPortal 
LogInit: Base directory: D:/Program Files/EPIC/Epic Games/4.12/Engine/Binaries/Win64/
LogInit: Installed Engine Build: 1
LogInit: Using libcurl 7.41.0
LogInit:  - built for x86_64-pc-win32
LogInit:  - supports SSL with WinSSL
LogInit:  - other features:
LogInit:      CURL_VERSION_SSL
LogInit:      CURL_VERSION_IPV6
LogInit:      CURL_VERSION_ASYNCHDNS
LogInit:      CURL_VERSION_LARGEFILE
LogInit:      CURL_VERSION_IDN
LogInit:  CurlRequestOptions (configurable via config and command line):
LogInit:  - bVerifyPeer = true  - Libcurl will verify peer certificate
LogInit:  - bUseHttpProxy = false  - Libcurl will NOT use HTTP proxy
LogInit:  - bDontReuseConnections = false  - Libcurl will reuse connections
LogInit:  - CertBundlePath = nullptr  - Libcurl will use whatever was configured at build time.
LogInit: Presizing for max 8388607 objects, including 0 objects not considered by GC, pre-allocating 0 bytes for permanent pool.
LogInit: Object subsystem initialized
[2016.12.21-03.39.16:566][  0]LogInit: Selected Device Profile: [Windows]
[2016.12.21-03.39.16:566][  0]LogInit: Applying CVar settings loaded from the selected device profile: [Windows]
[2016.12.21-03.39.16:615][  0]LogInit: Computer: DESKTOP-TAF0IGL
[2016.12.21-03.39.16:615][  0]LogInit: User: tyler
[2016.12.21-03.39.16:615][  0]LogInit: CPU Page size=65536, Cores=4
[2016.12.21-03.39.16:615][  0]LogInit: High frequency timer resolution =3.312793 MHz
[2016.12.21-03.39.16:615][  0]LogMemory: Memory total: Physical=11.9GB (12GB approx)
[2016.12.21-03.39.16:615][  0]LogMemory: Platform Memory Stats for Windows
[2016.12.21-03.39.16:615][  0]LogMemory: Process Physical Memory: 190.36 MB used, 190.36 MB peak
[2016.12.21-03.39.16:615][  0]LogMemory: Process Virtual Memory: 195.26 MB used, 195.26 MB peak
[2016.12.21-03.39.16:615][  0]LogMemory: Physical Memory: 6354.74 MB used, 12223.61 MB total
[2016.12.21-03.39.16:615][  0]LogMemory: Virtual Memory: 553.60 MB used, 134217728.00 MB total
[2016.12.21-03.39.16:652][  0]LogTextLocalizationManager: No specific translations for ('en-CA') exist, so ('en') translations will be used.
[2016.12.21-03.39.17:162][  0]LogD3D11RHI: D3D11 adapters:
[2016.12.21-03.39.17:331][  0]LogD3D11RHI:    0. 'NVIDIA GeForce GTX 970' (Feature Level 11_0)
[2016.12.21-03.39.17:331][  0]LogD3D11RHI:       4059/0/6111 MB DedicatedVideo/DedicatedSystem/SharedSystem, Outputs:2, VendorId:0x10de
[2016.12.21-03.39.17:387][  0]LogD3D11RHI:    1. 'Microsoft Basic Render Driver' (Feature Level 11_0)
[2016.12.21-03.39.17:387][  0]LogD3D11RHI:       0/0/6111 MB DedicatedVideo/DedicatedSystem/SharedSystem, Outputs:0, VendorId:0x1414
[2016.12.21-03.39.17:387][  0]LogD3D11RHI: Chosen D3D11 Adapter: 0
[2016.12.21-03.39.17:392][  0]LogD3D11RHI: Creating new Direct3DDevice
[2016.12.21-03.39.17:392][  0]LogD3D11RHI:     GPU DeviceId: 0x13c2 (for the marketing name, search the web for "GPU Device Id")
[2016.12.21-03.39.17:392][  0]LogWindows: EnumDisplayDevices:
[2016.12.21-03.39.17:392][  0]LogWindows:    0. 'NVIDIA GeForce GTX 970' (P:0 D:1)
[2016.12.21-03.39.17:392][  0]LogWindows:    1. 'NVIDIA GeForce GTX 970' (P:1 D:1)
[2016.12.21-03.39.17:392][  0]LogWindows:    2. 'NVIDIA GeForce GTX 970' (P:0 D:0)
[2016.12.21-03.39.17:392][  0]LogWindows:    3. 'NVIDIA GeForce GTX 970' (P:0 D:0)
[2016.12.21-03.39.17:393][  0]LogWindows: DebugString: FoundDriverCount:4 
[2016.12.21-03.39.17:393][  0]LogD3D11RHI:     Adapter Name: NVIDIA GeForce GTX 970
[2016.12.21-03.39.17:393][  0]LogD3D11RHI:   Driver Version: 372.90 (internal:21.21.13.7290, unified:372.90)
[2016.12.21-03.39.17:393][  0]LogD3D11RHI:      Driver Date: 9-16-2016
[2016.12.21-03.39.17:393][  0]LogRHI: Texture pool is 1361 MB (70% of 1945 MB)
[2016.12.21-03.39.17:428][  0]LogD3D11RHI: Async texture creation enabled
[2016.12.21-03.39.17:438][  0]LogD3D11RHI: GPU Timing Frequency: 1000.000000 (Debug: 2 1)
[2016.12.21-03.39.17:439][  0]LogShaderCompilers: Guid format shader working directory is -11 characters bigger than the processId version (../../../../../../../Documents/Unreal Projects/Colluseum/Intermediate/Shaders/WorkingDirectory/10796/).
[2016.12.21-03.39.17:439][  0]LogShaderCompilers: Cleaned the shader compiler working directory 'C:/Users/tyler/AppData/Local/Temp/UnrealShaderWorkingDir/98DE77DA424081098C706EAA2484D90C/'.
[2016.12.21-03.39.17:439][  0]LogShaderCompilers:Display: Using Local Shader Compiler.
[2016.12.21-03.39.18:500][  0]LogTemp:Display: Loaded TP AllDesktopTargetPlatform
[2016.12.21-03.39.18:511][  0]LogTemp:Display: Loaded TP WindowsClientTargetPlatform
[2016.12.21-03.39.18:523][  0]LogTemp:Display: Loaded TP WindowsNoEditorTargetPlatform
[2016.12.21-03.39.18:533][  0]LogTemp:Display: Loaded TP WindowsServerTargetPlatform
[2016.12.21-03.39.18:545][  0]LogTemp:Display: Loaded TP WindowsTargetPlatform
[2016.12.21-03.39.18:555][  0]LogTemp:Display: Loaded TP AndroidTargetPlatform
[2016.12.21-03.39.18:564][  0]LogTemp:Display: Loaded TP Android_ASTCTargetPlatform
[2016.12.21-03.39.18:574][  0]LogTemp:Display: Loaded TP Android_ATCTargetPlatform
[2016.12.21-03.39.18:584][  0]LogTemp:Display: Loaded TP Android_DXTTargetPlatform
[2016.12.21-03.39.18:594][  0]LogTemp:Display: Loaded TP Android_ETC1TargetPlatform
[2016.12.21-03.39.18:604][  0]LogTemp:Display: Loaded TP Android_ETC2TargetPlatform
[2016.12.21-03.39.18:623][  0]LogTemp:Display: Loaded TP Android_MultiTargetPlatform
[2016.12.21-03.39.18:623][  0]LogTemp:Display: Loaded TP Android_PVRTCTargetPlatform
[2016.12.21-03.39.18:625][  0]LogTemp:Display: Loaded TP HTML5TargetPlatform
[2016.12.21-03.39.18:649][  0]LogTemp:Display: Loaded TP IOSTargetPlatform
[2016.12.21-03.39.18:659][  0]LogTemp:Display: Loaded TP TVOSTargetPlatform
[2016.12.21-03.39.18:668][  0]LogTemp:Display: Loaded TP LinuxNoEditorTargetPlatform
[2016.12.21-03.39.18:678][  0]LogTemp:Display: Loaded TP LinuxServerTargetPlatform
[2016.12.21-03.39.18:688][  0]LogTemp:Display: Loaded TP LinuxTargetPlatform
[2016.12.21-03.39.18:688][  0]LogTargetPlatformManager:Display: Building Assets For Windows
[2016.12.21-03.39.18:798][  0]LogDerivedDataCache:Display: Max Cache Size: 512 MB
[2016.12.21-03.39.18:843][  0]LogDerivedDataCache: Loaded boot cache 0.04s 48MB C:/Users/tyler/AppData/Local/UnrealEngine/4.12/DerivedDataCache/Boot.ddc.
[2016.12.21-03.39.18:844][  0]LogDerivedDataCache:Display: Loaded Boot cache: C:/Users/tyler/AppData/Local/UnrealEngine/4.12/DerivedDataCache/Boot.ddc
[2016.12.21-03.39.18:844][  0]LogDerivedDataCache: FDerivedDataBackendGraph:  Pak pak cache file ../../../../../../../Documents/Unreal Projects/Colluseum/DerivedDataCache/DDC.ddp not found, will not use a pak cache.
[2016.12.21-03.39.18:844][  0]LogDerivedDataCache: Unable to find inner node Pak for hierarchical cache Hierarchy.
[2016.12.21-03.39.18:844][  0]LogDerivedDataCache: FDerivedDataBackendGraph:  CompressedPak pak cache file ../../../../../../../Documents/Unreal Projects/Colluseum/DerivedDataCache/Compressed.ddp not found, will not use a pak cache.
[2016.12.21-03.39.18:844][  0]LogDerivedDataCache: Unable to find inner node CompressedPak for hierarchical cache Hierarchy.
[2016.12.21-03.39.18:860][  0]LogDerivedDataCache:Display: Pak cache opened for reading ../../../Engine/DerivedDataCache/Compressed.ddp.
[2016.12.21-03.39.18:873][  0]LogDerivedDataCache: Using Local data cache path C:/Users/tyler/AppData/Local/UnrealEngine/Common/DerivedDataCache: Writable
[2016.12.21-03.39.19:138][  0]LogInit: Selected Device Profile: [Windows]
[2016.12.21-03.39.19:139][  0]LogContentStreaming: Texture pool size is 0.00 MB
[2016.12.21-03.39.19:455][  0]LogMeshUtilities: No automatic mesh reduction module available
[2016.12.21-03.39.19:455][  0]LogMeshUtilities: No automatic mesh merging module available
[2016.12.21-03.39.19:455][  0]LogMeshUtilities: No distributed automatic mesh merging module available
[2016.12.21-03.39.19:735][  0]LogAssetRegistry: FAssetRegistry took 0.0215 seconds to start up
[2016.12.21-03.39.19:909][  0]LogPackageLocalizationCache: Processed 3 localized package path(s) for 2 prioritized culture(s) in 0.170649 seconds
[2016.12.21-03.39.19:917][  0]LogUObjectArray: 28739 objects as part of root set at end of initial load.
[2016.12.21-03.39.19:917][  0]LogUObjectAllocator: 5855632 out of 0 bytes used by permanent object pool.
[2016.12.21-03.39.19:917][  0]LogUObjectArray: CloseDisregardForGC: 0/0 objects in disregard for GC pool
[2016.12.21-03.39.19:925][  0]LogInit: WinSock: version 1.1 (2.2), MaxSocks=32767, MaxUdp=65467
[2016.12.21-03.39.20:133][  0]LogSlate: SlateFontCache - WITH_FREETYPE: 1, WITH_HARFBUZZ: 1
[2016.12.21-03.39.20:133][  0]LogSlate: SlateFontCache - WITH_FREETYPE: 1, WITH_HARFBUZZ: 1
[2016.12.21-03.39.21:004][  0]LogUdpMessaging: Initializing bridge on interface 0.0.0.0:0 to multicast group 230.0.0.1:6666.
[2016.12.21-03.39.21:304][  0]SourceControl: Info Source control is disabled
[2016.12.21-03.39.22:438][  0]LogEngine: Initializing Engine...
[2016.12.21-03.39.22:439][  0]LogHMD: SteamVR failed to initialize.  Err: 110
[2016.12.21-03.39.22:440][  0]LogHMD: SteamVR failed to initialize.  Err: 110
[2016.12.21-03.39.22:593][  0]LogAIModule: Creating AISystem for world NewWorld
[2016.12.21-03.39.22:601][  0]LogInit: XAudio2 using 'Speakers / Headphones (IDT High Definition Audio CODEC)' : 2 channels at 48 kHz using 32 bits per sample (channel mask 0x3)
[2016.12.21-03.39.22:610][  0]LogInit: FAudioDevice initialized.
[2016.12.21-03.39.22:637][  0]LogDerivedDataCache: Saved boot cache 0.03s 48MB C:/Users/tyler/AppData/Local/UnrealEngine/4.12/DerivedDataCache/Boot.ddc.
[2016.12.21-03.39.22:653][  0]LogInit: Texture streaming: Enabled
[2016.12.21-03.39.22:751][  0]LogInit: Transaction tracking system initialized
[2016.12.21-03.39.22:777][  0]BlueprintLog: New page: Editor Load
[2016.12.21-03.39.22:876][  0]LocalizationService: Info Localization service is disabled
[2016.12.21-03.39.22:966][  0]LogConsoleResponse:Display: 
[2016.12.21-03.39.23:375][  0]LogCook:Display: Max memory allowance for cook 8192mb
[2016.12.21-03.39.23:375][  0]LogCook:Display: Mobile HDR setting 1
[2016.12.21-03.39.23:707][  0]LogFileCache: Scanning file cache for directory 'D:/Documents/Unreal Projects/Colluseum/Content/' took 0.04s
[2016.12.21-03.39.23:707][  0]Cmd: MAP LOAD FILE="../../../../../../../Documents/Unreal Projects/Colluseum/Content/StarterContent/Maps/Minimal_Default.umap" TEMPLATE=0 SHOWPROGRESS=1 FEATURELEVEL=3
[2016.12.21-03.39.23:745][  0]LightingResults: New page: Lighting Build
[2016.12.21-03.39.23:748][  0]MapCheck: New page: Map Check
[2016.12.21-03.39.23:748][  0]LightingResults: New page: Lighting Build
[2016.12.21-03.39.26:851][  0]LogAIModule: Creating AISystem for world Minimal_Default
[2016.12.21-03.39.39:457][  0]LogEditorServer: Finished looking for orphan Actors (0.000 secs)
[2016.12.21-03.39.39:498][  0]Cmd: MAP CHECKDEP NOCLEARLOG
[2016.12.21-03.39.39:649][  0]MapCheck: Info Map check complete: 0 Error(s), 0 Warning(s), took 151.189ms to complete.
[2016.12.21-03.39.39:649][  0]LogFileHelpers: Loading map 'Minimal_Default' took 15.942
[2016.12.21-03.39.41:335][  0]LogCollectionManager: Loaded 0 collections in 0.002051 seconds
[2016.12.21-03.39.41:528][  0]LogFileCache: Scanning file cache for directory 'D:/Documents/Unreal Projects/Colluseum/Saved/Collections/' took 0.01s
[2016.12.21-03.39.41:528][  0]LogFileCache: Scanning file cache for directory 'D:/Documents/Unreal Projects/Colluseum/Content/Developers/tyler/Collections/' took 0.01s
[2016.12.21-03.39.41:528][  0]LogFileCache: Scanning file cache for directory 'D:/Documents/Unreal Projects/Colluseum/Content/Collections/' took 0.01s
[2016.12.21-03.39.41:528][  0]LogCollectionManager: Rebuilt the GUID cache for 0 collections in 0.000002 seconds
[2016.12.21-03.39.41:546][  0]LogContentBrowser: Native class hierarchy populated in 0.0130 seconds. Added 2047 classes and 369 folders.
[2016.12.21-03.39.41:645][  0]LogStats: UGameplayTagsManager::ConstructGameplayTagTree: Construct from data asset -  0.000 s
[2016.12.21-03.39.41:646][  0]LogStats: UGameplayTagsManager::ConstructGameplayTagTree: GameplayTagTreeChangedEvent.Broadcast -  0.000 s
[2016.12.21-03.39.41:654][  0]LogContentBrowser: Native class hierarchy updated for 'GameplayTags' in 0.0008 seconds. Added 12 classes and 0 folders.
[2016.12.21-03.39.41:695][  0]LogContentBrowser: Native class hierarchy updated for 'WidgetCarousel' in 0.0007 seconds. Added 0 classes and 0 folders.
[2016.12.21-03.39.43:041][  0]LogContentBrowser: Native class hierarchy updated for 'AddContentDialog' in 0.0016 seconds. Added 0 classes and 0 folders.
[2016.12.21-03.39.43:120][  0]LogContentBrowser: Native class hierarchy updated for 'SceneOutliner' in 0.0016 seconds. Added 1 classes and 2 folders.
[2016.12.21-03.39.44:128][  0]LogCrashTracker: Crashtracker disabled due to settings.
[2016.12.21-03.39.44:362][  0]LogUObjectGlobals:Warning: Failed to find object 'Class None.'
[2016.12.21-03.39.44:432][  0]LogContentBrowser: Native class hierarchy updated for 'HierarchicalLODOutliner' in 0.0007 seconds. Added 1 classes and 2 folders.
[2016.12.21-03.39.44:432][  0]LogLoad: Full Startup: 29.45 seconds (BP compile: 0.04 seconds)
[2016.12.21-03.39.44:432][  0]LogExternalProfiler: Found external profiler: VSPerf
[2016.12.21-03.39.44:432][  0]LogExternalProfiler: Using external profiler: VSPerf
[2016.12.21-03.39.44:441][  0]LogWindowsTextInputMethodSystem:Display: IME system now deactivated.
[2016.12.21-03.39.44:442][  0]LogOcInput: OculusInput pre-init called
[2016.12.21-03.39.44:693][  0]SourceControl: Info On branch master
[2016.12.21-03.39.44:693][  0]SourceControl: Info Your branch is up-to-date with 'origin/master'.
[2016.12.21-03.39.44:693][  0]SourceControl: Info Changes to be committed:
[2016.12.21-03.39.44:693][  0]SourceControl: Info   (use "git reset HEAD <file>..." to unstage)
[2016.12.21-03.39.44:693][  0]SourceControl: Info 	new file:   .gitignore
[2016.12.21-03.39.44:693][  0]SourceControl: Info 	new file:   Colluseum.uproject
[2016.12.21-03.39.44:693][  0]SourceControl: Info 	new file:   Config/DefaultEditor.ini
[2016.12.21-03.39.44:693][  0]SourceControl: Info 	new file:   Config/DefaultEngine.ini
[2016.12.21-03.39.44:693][  0]SourceControl: Info 	new file:   Config/DefaultGame.ini
[2016.12.21-03.39.44:693][  0]SourceControl: Info Untracked files:
[2016.12.21-03.39.44:693][  0]SourceControl: Info   (use "git add <file>..." to include in what will be committed)
