Log file open, 12/19/16 22:43:11
LogInit:Display: Running engine for game: Colluseum
LogPlatformFile: Not using cached read wrapper
LogInit:Display: RandInit(-497034981) SRandInit(-497034979).
LogTaskGraph: Started task graph with 4 named threads and 7 total threads with 1 sets of task threads.
LogStats: Stats thread started at 0.201823
LogInit: Version: 4.12.5-3039270+++UE4+Release-4.12
LogInit: API Version: 2992821
LogInit: Net Version: 3039270
LogDevObjectVersion: Number of dev versions registered: 13
LogDevObjectVersion:   Dev-Blueprints (B0D832E4-1F89-4F0D-ACCF-7EB736FD4AA2): 3
LogDevObjectVersion:   Dev-Build (E1C64328-A22C-4D53-A36C-8E866417BD8C): 0
LogDevObjectVersion:   Dev-Core (375EC13C-06E4-48FB-B500-84F0262A717E): 1
LogDevObjectVersion:   Dev-Editor (E4B068ED-F494-42E9-A231-DA0B2E46BB41): 2
LogDevObjectVersion:   Dev-Framework (CFFC743F-43B0-4480-9391-14DF171D2073): 6
LogDevObjectVersion:   Dev-Mobile (B02B49B5-BB20-44E9-A304-32B752E40360): 0
LogDevObjectVersion:   Dev-Networking (A4E4105C-59A1-49B5-A7C5-40C4547EDFEE): 0
LogDevObjectVersion:   Dev-Online (39C831C9-5AE6-47DC-9A44-9C173E1C8E7C): 0
LogDevObjectVersion:   Dev-Physics (78F01B33-EBEA-4F98-B9B4-84EACCB95AA2): 0
LogDevObjectVersion:   Dev-Platform (6631380F-2D4D-43E0-8009-CF276956A95A): 0
LogDevObjectVersion:   Dev-Rendering (12F88B9F-8875-4AFC-A67C-D90C383ABD29): 2
LogDevObjectVersion:   Dev-Sequencer (7B5AE74C-D270-4C10-A958-57980B212A5A): 0
LogDevObjectVersion:   Dev-VR (D7296918-1DD6-4BDD-9DE2-64A83CC13884): 0
LogInit: Compiled (64-bit): Jul  6 2016 09:09:46
LogInit: Compiled with Visual C++: 19.00.23026.00
LogInit: Build Configuration: Development
LogInit: Branch Name: ++UE4+Release-4.12
LogInit: Command line:  
LogInit: Base directory: D:/Program Files/EPIC/Epic Games/4.12/Engine/Binaries/Win64/
LogInit: Installed Engine Build: 1
LogInit: Using libcurl 7.41.0
LogInit:  - built for x86_64-pc-win32
LogInit:  - supports SSL with WinSSL
LogInit:  - other features:
LogInit:      CURL_VERSION_SSL
LogInit:      CURL_VERSION_IPV6
LogInit:      CURL_VERSION_ASYNCHDNS
LogInit:      CURL_VERSION_LARGEFILE
LogInit:      CURL_VERSION_IDN
LogInit:  CurlRequestOptions (configurable via config and command line):
LogInit:  - bVerifyPeer = true  - Libcurl will verify peer certificate
LogInit:  - bUseHttpProxy = false  - Libcurl will NOT use HTTP proxy
LogInit:  - bDontReuseConnections = false  - Libcurl will reuse connections
LogInit:  - CertBundlePath = nullptr  - Libcurl will use whatever was configured at build time.
LogInit: Presizing for max 8388607 objects, including 0 objects not considered by GC, pre-allocating 0 bytes for permanent pool.
LogInit: Object subsystem initialized
[2016.12.20-06.43.13:013][  0]LogInit: Selected Device Profile: [Windows]
[2016.12.20-06.43.13:014][  0]LogInit: Applying CVar settings loaded from the selected device profile: [Windows]
[2016.12.20-06.43.13:186][  0]LogInit: Computer: DESKTOP-TAF0IGL
[2016.12.20-06.43.13:186][  0]LogInit: User: tyler
[2016.12.20-06.43.13:186][  0]LogInit: CPU Page size=65536, Cores=4
[2016.12.20-06.43.13:186][  0]LogInit: High frequency timer resolution =3.312793 MHz
[2016.12.20-06.43.13:192][  0]LogMemory: Memory total: Physical=11.9GB (12GB approx)
[2016.12.20-06.43.13:196][  0]LogMemory: Platform Memory Stats for Windows
[2016.12.20-06.43.13:196][  0]LogMemory: Process Physical Memory: 190.49 MB used, 190.49 MB peak
[2016.12.20-06.43.13:196][  0]LogMemory: Process Virtual Memory: 195.23 MB used, 195.23 MB peak
[2016.12.20-06.43.13:196][  0]LogMemory: Physical Memory: 6132.14 MB used, 12223.61 MB total
[2016.12.20-06.43.13:196][  0]LogMemory: Virtual Memory: 553.60 MB used, 134217728.00 MB total
[2016.12.20-06.43.14:475][  0]LogTextLocalizationManager: No specific translations for ('en-CA') exist, so ('en') translations will be used.
[2016.12.20-06.43.15:872][  0]LogD3D11RHI: D3D11 adapters:
[2016.12.20-06.43.15:939][  0]LogD3D11RHI:    0. 'NVIDIA GeForce GTX 970' (Feature Level 11_0)
[2016.12.20-06.43.15:939][  0]LogD3D11RHI:       4059/0/6111 MB DedicatedVideo/DedicatedSystem/SharedSystem, Outputs:2, VendorId:0x10de
[2016.12.20-06.43.15:941][  0]LogD3D11RHI:    1. 'Microsoft Basic Render Driver' (Feature Level 11_0)
[2016.12.20-06.43.15:941][  0]LogD3D11RHI:       0/0/6111 MB DedicatedVideo/DedicatedSystem/SharedSystem, Outputs:0, VendorId:0x1414
[2016.12.20-06.43.15:941][  0]LogD3D11RHI: Chosen D3D11 Adapter: 0
[2016.12.20-06.43.15:968][  0]LogD3D11RHI: Creating new Direct3DDevice
[2016.12.20-06.43.15:968][  0]LogD3D11RHI:     GPU DeviceId: 0x13c2 (for the marketing name, search the web for "GPU Device Id")
[2016.12.20-06.43.15:984][  0]LogWindows: EnumDisplayDevices:
[2016.12.20-06.43.15:984][  0]LogWindows:    0. 'NVIDIA GeForce GTX 970' (P:0 D:1)
[2016.12.20-06.43.15:984][  0]LogWindows:    1. 'NVIDIA GeForce GTX 970' (P:1 D:1)
[2016.12.20-06.43.15:984][  0]LogWindows:    2. 'NVIDIA GeForce GTX 970' (P:0 D:0)
[2016.12.20-06.43.15:985][  0]LogWindows:    3. 'NVIDIA GeForce GTX 970' (P:0 D:0)
[2016.12.20-06.43.15:985][  0]LogWindows: DebugString: FoundDriverCount:4 
[2016.12.20-06.43.15:986][  0]LogD3D11RHI:     Adapter Name: NVIDIA GeForce GTX 970
[2016.12.20-06.43.15:987][  0]LogD3D11RHI:   Driver Version: 372.90 (internal:21.21.13.7290, unified:372.90)
[2016.12.20-06.43.15:987][  0]LogD3D11RHI:      Driver Date: 9-16-2016
[2016.12.20-06.43.15:987][  0]LogRHI: Texture pool is 1361 MB (70% of 1945 MB)
[2016.12.20-06.43.16:005][  0]LogD3D11RHI: Async texture creation enabled
[2016.12.20-06.43.16:322][  0]LogD3D11RHI: GPU Timing Frequency: 1000.000000 (Debug: 2 1)
[2016.12.20-06.43.16:415][  0]LogShaderCompilers: Guid format shader working directory is -10 characters bigger than the processId version (../../../../../../../Documents/Unreal Projects/Colluseum/Intermediate/Shaders/WorkingDirectory/9456/).
[2016.12.20-06.43.16:415][  0]LogShaderCompilers: Cleaned the shader compiler working directory 'C:/Users/tyler/AppData/Local/Temp/UnrealShaderWorkingDir/EB4946A14E40773E6EE1769D3B63DD01/'.
[2016.12.20-06.43.16:424][  0]LogShaderCompilers:Display: Using Local Shader Compiler.
[2016.12.20-06.43.20:445][  0]LogTemp:Display: Loaded TP AllDesktopTargetPlatform
[2016.12.20-06.43.20:465][  0]LogTemp:Display: Loaded TP WindowsClientTargetPlatform
[2016.12.20-06.43.20:485][  0]LogTemp:Display: Loaded TP WindowsNoEditorTargetPlatform
[2016.12.20-06.43.20:497][  0]LogTemp:Display: Loaded TP WindowsServerTargetPlatform
[2016.12.20-06.43.20:508][  0]LogTemp:Display: Loaded TP WindowsTargetPlatform
[2016.12.20-06.43.20:523][  0]LogTemp:Display: Loaded TP AndroidTargetPlatform
[2016.12.20-06.43.20:531][  0]LogTemp:Display: Loaded TP Android_ASTCTargetPlatform
[2016.12.20-06.43.20:540][  0]LogTemp:Display: Loaded TP Android_ATCTargetPlatform
[2016.12.20-06.43.20:548][  0]LogTemp:Display: Loaded TP Android_DXTTargetPlatform
[2016.12.20-06.43.20:557][  0]LogTemp:Display: Loaded TP Android_ETC1TargetPlatform
[2016.12.20-06.43.20:565][  0]LogTemp:Display: Loaded TP Android_ETC2TargetPlatform
[2016.12.20-06.43.20:583][  0]LogTemp:Display: Loaded TP Android_MultiTargetPlatform
[2016.12.20-06.43.20:583][  0]LogTemp:Display: Loaded TP Android_PVRTCTargetPlatform
[2016.12.20-06.43.20:584][  0]LogTemp:Display: Loaded TP HTML5TargetPlatform
[2016.12.20-06.43.20:670][  0]LogTemp:Display: Loaded TP IOSTargetPlatform
[2016.12.20-06.43.20:688][  0]LogTemp:Display: Loaded TP TVOSTargetPlatform
[2016.12.20-06.43.20:703][  0]LogTemp:Display: Loaded TP LinuxNoEditorTargetPlatform
[2016.12.20-06.43.20:711][  0]LogTemp:Display: Loaded TP LinuxServerTargetPlatform
[2016.12.20-06.43.20:763][  0]LogTemp:Display: Loaded TP LinuxTargetPlatform
[2016.12.20-06.43.20:763][  0]LogTargetPlatformManager:Display: Building Assets For Windows
[2016.12.20-06.43.21:703][  0]LogDerivedDataCache:Display: Max Cache Size: 512 MB
[2016.12.20-06.43.22:068][  0]LogDerivedDataCache: Loaded boot cache 0.37s 48MB C:/Users/tyler/AppData/Local/UnrealEngine/4.12/DerivedDataCache/Boot.ddc.
[2016.12.20-06.43.22:069][  0]LogDerivedDataCache:Display: Loaded Boot cache: C:/Users/tyler/AppData/Local/UnrealEngine/4.12/DerivedDataCache/Boot.ddc
[2016.12.20-06.43.22:069][  0]LogDerivedDataCache: FDerivedDataBackendGraph:  Pak pak cache file ../../../../../../../Documents/Unreal Projects/Colluseum/DerivedDataCache/DDC.ddp not found, will not use a pak cache.
[2016.12.20-06.43.22:069][  0]LogDerivedDataCache: Unable to find inner node Pak for hierarchical cache Hierarchy.
[2016.12.20-06.43.22:069][  0]LogDerivedDataCache: FDerivedDataBackendGraph:  CompressedPak pak cache file ../../../../../../../Documents/Unreal Projects/Colluseum/DerivedDataCache/Compressed.ddp not found, will not use a pak cache.
[2016.12.20-06.43.22:069][  0]LogDerivedDataCache: Unable to find inner node CompressedPak for hierarchical cache Hierarchy.
[2016.12.20-06.43.22:166][  0]LogDerivedDataCache:Display: Pak cache opened for reading ../../../Engine/DerivedDataCache/Compressed.ddp.
[2016.12.20-06.43.22:180][  0]LogDerivedDataCache: Using Local data cache path C:/Users/tyler/AppData/Local/UnrealEngine/Common/DerivedDataCache: Writable
[2016.12.20-06.43.35:161][  0]LogInit: Selected Device Profile: [Windows]
[2016.12.20-06.43.35:220][  0]LogContentStreaming: Texture pool size is 0.00 MB
[2016.12.20-06.43.38:377][  0]LogMeshUtilities: No automatic mesh reduction module available
[2016.12.20-06.43.38:377][  0]LogMeshUtilities: No automatic mesh merging module available
[2016.12.20-06.43.38:377][  0]LogMeshUtilities: No distributed automatic mesh merging module available
[2016.12.20-06.43.43:860][  0]LogAssetRegistry: FAssetRegistry took 0.2795 seconds to start up
[2016.12.20-06.43.44:076][  0]LogAssetRegistry:Error: Failed to open file for write ../../../../../../../Documents/Unreal Projects/Colluseum/Intermediate/AssetRegistryCache/2657c409.bin
[2016.12.20-06.43.44:110][  0]LogAssetRegistry:Error: Failed to open file for write ../../../../../../../Documents/Unreal Projects/Colluseum/Intermediate/AssetRegistryCache/9daa4dac.bin
[2016.12.20-06.43.44:119][  0]LogPackageLocalizationCache: Processed 3 localized package path(s) for 2 prioritized culture(s) in 0.118974 seconds
[2016.12.20-06.43.44:195][  0]LogUObjectArray: 28739 objects as part of root set at end of initial load.
[2016.12.20-06.43.44:195][  0]LogUObjectAllocator: 5855624 out of 0 bytes used by permanent object pool.
[2016.12.20-06.43.44:195][  0]LogUObjectArray: CloseDisregardForGC: 0/0 objects in disregard for GC pool
[2016.12.20-06.43.44:266][  0]LogInit: WinSock: version 1.1 (2.2), MaxSocks=32767, MaxUdp=65467
[2016.12.20-06.43.52:049][  0]LogSlate: SlateFontCache - WITH_FREETYPE: 1, WITH_HARFBUZZ: 1
[2016.12.20-06.43.52:064][  0]LogSlate: SlateFontCache - WITH_FREETYPE: 1, WITH_HARFBUZZ: 1
[2016.12.20-06.44.09:278][  0]LogUdpMessaging: Initializing bridge on interface 0.0.0.0:0 to multicast group 230.0.0.1:6666.
[2016.12.20-06.44.11:611][  0]LogConfig:Warning: Failed to saved backup for config[SourceControlSettings]
[2016.12.20-06.44.11:650][  0]SourceControl: Info Source control is disabled
[2016.12.20-06.44.11:901][  0]SourceControl: Info Source control is disabled
[2016.12.20-06.44.11:970][  0]SourceControl: Info Source control is disabled
[2016.12.20-06.44.12:039][  0]SourceControl: Info Source control is disabled
[2016.12.20-06.44.14:160][  0]LogEngine: Initializing Engine...
[2016.12.20-06.44.14:278][  0]LogHMD: SteamVR failed to initialize.  Err: 110
[2016.12.20-06.44.14:288][  0]LogHMD: SteamVR failed to initialize.  Err: 110
[2016.12.20-06.44.15:818][  0]LogAIModule: Creating AISystem for world NewWorld
[2016.12.20-06.44.16:132][  0]LogInit: XAudio2 using 'Speakers / Headphones (IDT High Definition Audio CODEC)' : 2 channels at 48 kHz using 32 bits per sample (channel mask 0x3)
[2016.12.20-06.44.16:317][  0]LogInit: FAudioDevice initialized.
[2016.12.20-06.44.16:334][  0]LogDerivedDataCache:Error: Could not save memory cache C:/Users/tyler/AppData/Local/UnrealEngine/4.12/DerivedDataCache/Boot.ddc.
[2016.12.20-06.44.16:343][  0]LogInit: Texture streaming: Enabled
[2016.12.20-06.44.16:812][  0]LogInit: Transaction tracking system initialized
[2016.12.20-06.44.17:265][  0]BlueprintLog: New page: Editor Load
[2016.12.20-06.44.18:774][  0]LocalizationService: Info Localization service is disabled
[2016.12.20-06.44.19:628][  0]LogConsoleResponse:Display: 
[2016.12.20-06.44.22:082][  0]LogFileCache: Scanning file cache for directory 'D:/Documents/Unreal Projects/Colluseum/Content/' took 0.16s
[2016.12.20-06.44.22:082][  0]LogCook:Display: Max memory allowance for cook 8192mb
[2016.12.20-06.44.22:083][  0]LogCook:Display: Mobile HDR setting 1
[2016.12.20-06.44.24:547][  0]SourceControl: Info Source control is disabled
[2016.12.20-06.44.24:621][  0]Cmd: MAP LOAD FILE="../../../../../../../Documents/Unreal Projects/Colluseum/Content/StarterContent/Maps/Minimal_Default.umap" TEMPLATE=0 SHOWPROGRESS=1 FEATURELEVEL=3
[2016.12.20-06.44.24:719][  0]LightingResults: New page: Lighting Build
[2016.12.20-06.44.25:048][  0]MapCheck: New page: Map Check
[2016.12.20-06.44.25:048][  0]LightingResults: New page: Lighting Build
[2016.12.20-06.44.28:710][  0]LogAIModule: Creating AISystem for world Minimal_Default
[2016.12.20-06.44.44:435][  0]LogEditorServer: Finished looking for orphan Actors (0.000 secs)
[2016.12.20-06.44.44:572][  0]Cmd: MAP CHECKDEP NOCLEARLOG
[2016.12.20-06.44.44:702][  0]MapCheck: Info Map check complete: 0 Error(s), 0 Warning(s), took 130.439ms to complete.
[2016.12.20-06.44.44:703][  0]LogFileHelpers: Loading map 'Minimal_Default' took 20.110
[2016.12.20-06.44.48:319][  0]LogCollectionManager: Loaded 0 collections in 0.003774 seconds
[2016.12.20-06.44.48:669][  0]LogFileCache: Scanning file cache for directory 'D:/Documents/Unreal Projects/Colluseum/Saved/Collections/' took 0.14s
[2016.12.20-06.44.48:669][  0]LogFileCache: Scanning file cache for directory 'D:/Documents/Unreal Projects/Colluseum/Content/Developers/tyler/Collections/' took 0.01s
[2016.12.20-06.44.48:669][  0]LogFileCache: Scanning file cache for directory 'D:/Documents/Unreal Projects/Colluseum/Content/Collections/' took 0.01s
[2016.12.20-06.44.48:669][  0]LogCollectionManager: Rebuilt the GUID cache for 0 collections in 0.000002 seconds
[2016.12.20-06.44.48:710][  0]LogContentBrowser: Native class hierarchy populated in 0.0251 seconds. Added 2047 classes and 369 folders.
[2016.12.20-06.44.48:800][  0]LogStats: UGameplayTagsManager::ConstructGameplayTagTree: Construct from data asset -  0.000 s
[2016.12.20-06.44.48:801][  0]LogStats: UGameplayTagsManager::ConstructGameplayTagTree: GameplayTagTreeChangedEvent.Broadcast -  0.000 s
[2016.12.20-06.44.48:809][  0]LogContentBrowser: Native class hierarchy updated for 'GameplayTags' in 0.0011 seconds. Added 12 classes and 0 folders.
[2016.12.20-06.44.48:841][  0]LogContentBrowser: Native class hierarchy updated for 'WidgetCarousel' in 0.0022 seconds. Added 0 classes and 0 folders.
[2016.12.20-06.44.50:183][  0]LogContentBrowser: Native class hierarchy updated for 'AddContentDialog' in 0.0011 seconds. Added 0 classes and 0 folders.
[2016.12.20-06.44.50:285][  0]LogContentBrowser: Native class hierarchy updated for 'SceneOutliner' in 0.0014 seconds. Added 1 classes and 2 folders.
[2016.12.20-06.44.51:525][  0]LogCrashTracker: Crashtracker disabled due to settings.
[2016.12.20-06.44.51:882][  0]LogUObjectGlobals:Warning: Failed to find object 'Class None.'
[2016.12.20-06.44.52:047][  0]LogContentBrowser: Native class hierarchy updated for 'HierarchicalLODOutliner' in 0.0019 seconds. Added 1 classes and 2 folders.
[2016.12.20-06.44.52:047][  0]LogLoad: Full Startup: 104.83 seconds (BP compile: 0.88 seconds)
[2016.12.20-06.44.52:047][  0]LogExternalProfiler: Found external profiler: VSPerf
[2016.12.20-06.44.52:047][  0]LogExternalProfiler: Using external profiler: VSPerf
[2016.12.20-06.44.52:435][  0]LogOcInput: OculusInput pre-init called
[2016.12.20-06.44.52:897][  0]LogContentStreaming: Texture pool size now 1000 MB
[2016.12.20-06.44.55:106][  0]LogRenderer: Reallocating scene render targets to support 1056x512 (Frame:2).
[2016.12.20-06.44.55:527][  1]Cmd: UpdateLandscapeEditorData -warnings
[2016.12.20-06.44.57:621][  5]LogAssetRegistry: Asset discovery search completed in 74.0290 seconds
[2016.12.20-06.44.57:621][  5]LogCollectionManager: Rebuilt the object cache for 0 collections in 0.000001 seconds (found 0 objects)
[2016.12.20-06.44.57:621][  5]LogCollectionManager: Fixed up redirectors for 0 collections in 0.000034 seconds (updated 0 objects)
[2016.12.20-07.00.13:019][297]LogSourceControl: Attempting "svn info "D:/Documents/Unreal Projects/Colluseum/" --xml --non-interactive --trust-server-cert --username Tyler --password ********"
[2016.12.20-07.00.13:264][325]LogSourceControl: Unable to detect system-level svn binary.
[2016.12.20-07.00.13:264][325]LogSourceControl: Using path D:/Program Files/EPIC/Epic Games/4.12/Engine/Binaries/ThirdParty/svn/Win64/svn.exe for svn operations
[2016.12.20-07.00.13:839][391]SourceControl:Error: Error svn: E155007: 'D:\Documents\Unreal Projects\Colluseum' is not a working copy
[2016.12.20-07.00.13:848][391]SourceControl:Error: Error Failed to connect to source control. Check your settings and connection then try again.
[2016.12.20-07.00.27:911][ 39]LogSourceControl: Attempting "svn info "D:/Documents/Unreal Projects/Colluseum/" --xml --non-interactive --trust-server-cert --username Tyler --password ********"
[2016.12.20-07.00.27:929][ 41]SourceControl:Error: Error svn: E155007: 'D:\Documents\Unreal Projects\Colluseum' is not a working copy
[2016.12.20-07.00.27:929][ 41]SourceControl:Error: Error Failed to connect to source control. Check your settings and connection then try again.
[2016.12.20-07.01.26:264][958]LogSourceControl: Attempting "svn info "D:/Documents/Unreal Projects/Colluseum/" --xml --non-interactive --trust-server-cert --username Tyler --password ********"
[2016.12.20-07.01.26:284][960]SourceControl:Error: Error svn: E155007: 'D:\Documents\Unreal Projects\Colluseum' is not a working copy
[2016.12.20-07.01.26:284][960]SourceControl:Error: Error Failed to connect to source control. Check your settings and connection then try again.
[2016.12.20-07.01.43:861][  8]LogSourceControl: Attempting "svn info "D:/Documents/Unreal Projects/Colluseum/" --xml --non-interactive --trust-server-cert --username Tyler --password ********"
[2016.12.20-07.01.43:880][ 10]SourceControl:Error: Error svn: E155007: 'D:\Documents\Unreal Projects\Colluseum' is not a working copy
[2016.12.20-07.01.43:880][ 10]SourceControl:Error: Error Failed to connect to source control. Check your settings and connection then try again.
[2016.12.20-07.01.46:446][299]SourceControl: Info Source control is disabled
[2016.12.20-07.01.50:150][672]Cmd: POLY SELECT ALL
[2016.12.20-07.04.29:184][677]LogSourceControl: Attempting "svn info "D:/Documents/Unreal Projects/Colluseum/" --xml --non-interactive --trust-server-cert --username Tyler --password ********"
[2016.12.20-07.04.29:196][678]SourceControl:Error: Error svn: E155007: 'D:\Documents\Unreal Projects\Colluseum' is not a working copy
[2016.12.20-07.04.29:196][678]SourceControl:Error: Error Failed to connect to source control. Check your settings and connection then try again.
[2016.12.20-07.05.32:079][223]LogSourceControl: Attempting "svn info "D:/Documents/Unreal Projects/Colluseum/" --xml --non-interactive --trust-server-cert --username Tyler --password ********"
[2016.12.20-07.05.32:102][224]SourceControl:Error: Error svn: E155007: 'D:\Documents\Unreal Projects\Colluseum' is not a working copy
[2016.12.20-07.05.32:102][224]SourceControl:Error: Error Failed to connect to source control. Check your settings and connection then try again.
[2016.12.20-07.05.53:317][152]LogSourceControl: Attempting "svn info "D:/Documents/Unreal Projects/Colluseum/" --xml --non-interactive --trust-server-cert --username Tyler --password ********"
[2016.12.20-07.05.53:330][153]SourceControl:Error: Error svn: E155007: 'D:\Documents\Unreal Projects\Colluseum' is not a working copy
[2016.12.20-07.05.53:330][153]SourceControl:Error: Error Failed to connect to source control. Check your settings and connection then try again.
[2016.12.20-07.06.13:919][458]LogSourceControl: Attempting "svn info "D:/Documents/Unreal Projects/Colluseum/" --xml --non-interactive --trust-server-cert --username Tyler --password ********"
[2016.12.20-07.06.14:031][470]SourceControl:Error: Error svn: E155007: 'D:\Documents\Unreal Projects\Colluseum' is not a working copy
[2016.12.20-07.06.14:031][470]SourceControl:Error: Error Failed to connect to source control. Check your settings and connection then try again.
[2016.12.20-07.06.15:038][567]LogSourceControl: Attempting "svn info "D:/Documents/Unreal Projects/Colluseum/" --xml --non-interactive --trust-server-cert --username Tyler --password ********"
[2016.12.20-07.06.15:052][568]SourceControl:Error: Error svn: E155007: 'D:\Documents\Unreal Projects\Colluseum' is not a working copy
[2016.12.20-07.06.15:052][568]SourceControl:Error: Error Failed to connect to source control. Check your settings and connection then try again.
[2016.12.20-07.12.16:040][929]LogSourceControl: Attempting "svn info "D:/Documents/Unreal Projects/Colluseum/" --xml --non-interactive --trust-server-cert --username Tyler --password ********"
[2016.12.20-07.12.16:797][  4]SourceControl:Error: Error svn: E155007: 'D:\Documents\Unreal Projects\Colluseum' is not a working copy
[2016.12.20-07.12.16:797][  4]SourceControl:Error: Error Failed to connect to source control. Check your settings and connection then try again.
[2016.12.20-07.17.04:774][519]SourceControl: Info Source control is disabled
[2016.12.20-07.20.12:262][471]LogSourceControl:Error: '../../../../../../../Documents/Unreal Projects/Colluseum/' is not part of a Git repository
[2016.12.20-07.20.20:848][421]SourceControl: Info On branch master
[2016.12.20-07.20.20:848][421]SourceControl: Info Initial commit
[2016.12.20-07.20.20:848][421]SourceControl: Info Changes to be committed:
[2016.12.20-07.20.20:848][421]SourceControl: Info   (use "git rm --cached <file>..." to unstage)
[2016.12.20-07.20.20:848][421]SourceControl: Info 	new file:   .gitignore
[2016.12.20-07.20.20:848][421]SourceControl: Info 	new file:   Colluseum.uproject
[2016.12.20-07.20.20:848][421]SourceControl: Info 	new file:   Config/DefaultEditor.ini
[2016.12.20-07.20.20:848][421]SourceControl: Info 	new file:   Config/DefaultEngine.ini
[2016.12.20-07.20.20:848][421]SourceControl: Info 	new file:   Config/DefaultGame.ini
[2016.12.20-07.20.20:848][421]SourceControl: Info Untracked files:
[2016.12.20-07.20.20:848][421]SourceControl: Info   (use "git add <file>..." to include in what will be committed)
[2016.12.20-07.20.20:848][421]SourceControl: Info 	Content/
[2016.12.20-07.20.20:848][421]SourceControl: Info 	Unreal-Development/
[2016.12.20-07.20.20:848][421]SourceControl: Info 	Unreal/
[2016.12.20-07.20.35:595][912]SourceControl: Info fatal: D:/Program Files/EPIC/Epic Games/4.12/Engine/Content/: 'D:/Program Files/EPIC/Epic Games/4.12/Engine/Content/' is outside repository
[2016.12.20-07.20.52:921][912]LogSourceControl: FGitCheckInWorker: commit successful
[2016.12.20-07.20.52:976][912]SourceControl: Info [master (root-commit) 0914083] Nothing
[2016.12.20-07.20.52:976][912]SourceControl: Info  24 files changed, 0 insertions(+), 0 deletions(-)
[2016.12.20-07.20.52:976][912]SourceControl: Info  create mode 100644 Content/NewAimOffsetBlendSpace.uasset
[2016.12.20-07.20.52:976][912]SourceControl: Info  create mode 100644 Content/None.uasset
[2016.12.20-07.20.52:976][912]SourceControl: Info  create mode 100644 Content/arch.uasset
[2016.12.20-07.20.52:976][912]SourceControl: Info  create mode 100644 Content/boxo.uasset
[2016.12.20-07.20.52:976][912]SourceControl: Info  create mode 100644 Content/boxo2.uasset
[2016.12.20-07.20.52:976][912]SourceControl: Info  create mode 100644 Content/boxo2_Anim_Armature_ArmatureAction.uasset
[2016.12.20-07.20.52:976][912]SourceControl: Info  create mode 100644 Content/boxo2_Anim_Armature_CubeAction.uasset
[2016.12.20-07.20.52:976][912]SourceControl: Info  create mode 100644 Content/boxo2_PhysicsAsset.uasset
[2016.12.20-07.20.52:976][912]SourceControl: Info  create mode 100644 Content/boxo2_Skeleton.uasset
[2016.12.20-07.20.52:976][912]SourceControl: Info  create mode 100644 Content/boxo_Anim.uasset
[2016.12.20-07.20.52:976][912]SourceControl: Info  create mode 100644 Content/boxo_Anim_Cube_Action.uasset
[2016.12.20-07.20.52:976][912]SourceControl: Info  create mode 100644 Content/boxo_Anim_Cube_Action_001.uasset
[2016.12.20-07.20.52:976][912]SourceControl: Info  create mode 100644 Content/boxo_Anim_Cube_CubeAction.uasset
[2016.12.20-07.20.52:976][912]SourceControl: Info  create mode 100644 Content/boxo_PhysicsAsset.uasset
[2016.12.20-07.20.52:976][912]SourceControl: Info  create mode 100644 Content/boxo_Skeleton.uasset
[2016.12.20-07.20.52:976][912]SourceControl: Info  create mode 100644 Content/colusseumfloor.uasset
[2016.12.20-07.20.52:976][912]SourceControl: Info  create mode 100644 Content/fuck.uasset
[2016.12.20-07.20.52:976][912]SourceControl: Info  create mode 100644 Content/fuck_Blueprint.uasset
[2016.12.20-07.20.52:976][912]SourceControl: Info  create mode 100644 Content/fuck_PhysicsAsset.uasset
[2016.12.20-07.20.52:976][912]SourceControl: Info  create mode 100644 Content/fuck_Skeleton.uasset
[2016.12.20-07.20.52:976][912]SourceControl: Info  create mode 100644 Content/fuck_Skeleton_Sequence.uasset
[2016.12.20-07.20.52:976][912]SourceControl: Info  create mode 100644 Content/fuck_Skeleton_Sequence2.uasset
[2016.12.20-07.20.52:976][912]SourceControl: Info  create mode 100644 Content/lambert1.uasset
[2016.12.20-07.20.52:976][912]SourceControl: Info  create mode 100644 Content/ring.uasset
[2016.12.20-07.20.53:004][912]SourceControl: Info Commited [master (root-commit) 0914083] Nothing.
[2016.12.20-07.21.59:464][468]SourceControl: Info On branch master
[2016.12.20-07.21.59:464][468]SourceControl: Info Changes to be committed:
[2016.12.20-07.21.59:464][468]SourceControl: Info   (use "git reset HEAD <file>..." to unstage)
[2016.12.20-07.21.59:464][468]SourceControl: Info 	new file:   .gitignore
[2016.12.20-07.21.59:464][468]SourceControl: Info 	new file:   Colluseum.uproject
[2016.12.20-07.21.59:464][468]SourceControl: Info 	new file:   Config/DefaultEditor.ini
[2016.12.20-07.21.59:464][468]SourceControl: Info 	new file:   Config/DefaultEngine.ini
[2016.12.20-07.21.59:464][468]SourceControl: Info 	new file:   Config/DefaultGame.ini
[2016.12.20-07.21.59:464][468]SourceControl: Info Untracked files:
[2016.12.20-07.21.59:464][468]SourceControl: Info   (use "git add <file>..." to include in what will be committed)
[2016.12.20-07.21.59:464][468]SourceControl: Info 	Content/Blueprints/
[2016.12.20-07.21.59:464][468]SourceControl: Info 	Content/StarterContent/
[2016.12.20-07.21.59:464][468]SourceControl: Info 	Content/mode1.uasset
[2016.12.20-07.21.59:464][468]SourceControl: Info 	Unreal-Development/
[2016.12.20-07.21.59:464][468]SourceControl: Info 	Unreal/
[2016.12.20-07.22.09:202][343]SourceControl: Info fatal: D:/Program Files/EPIC/Epic Games/4.12/Engine/Content/: 'D:/Program Files/EPIC/Epic Games/4.12/Engine/Content/' is outside repository
[2016.12.20-07.24.49:801][891]SourceControl: Info fatal: D:/Program Files/EPIC/Epic Games/4.12/Engine/Content/: 'D:/Program Files/EPIC/Epic Games/4.12/Engine/Content/' is outside repository
[2016.12.20-07.25.11:571][841]SourceControl: Info fatal: D:/Program Files/EPIC/Epic Games/4.12/Engine/Content/: 'D:/Program Files/EPIC/Epic Games/4.12/Engine/Content/' is outside repository
[2016.12.20-07.25.59:692][855]Cmd: OBJ SAVEPACKAGE PACKAGE="/Game/ASS" FILE="../../../../../../../Documents/Unreal Projects/Colluseum/Content/ASS.uasset" SILENT=true
[2016.12.20-07.25.59:839][855]LogSavePackage: Save=122.31ms
[2016.12.20-07.25.59:839][855]LogSavePackage: Moving '../../../../../../../Documents/Unreal Projects/Colluseum/Saved/ASSE36A7331440633E945D5359F0431955D.tmp' to '../../../../../../../Documents/Unreal Projects/Colluseum/Content/ASS.uasset'
[2016.12.20-07.25.59:918][855]LogSavePackage:Display: Finished SavePackage ../../../../../../../Documents/Unreal Projects/Colluseum/Content/ASS.uasset
[2016.12.20-07.26.04:626][303]SourceControl: Info fatal: D:/Program Files/EPIC/Epic Games/4.12/Engine/Content/: 'D:/Program Files/EPIC/Epic Games/4.12/Engine/Content/' is outside repository
[2016.12.20-07.26.11:979][303]LogSourceControl: FGitCheckInWorker: commit successful
[2016.12.20-07.26.12:044][303]SourceControl: Info [master 98faa70] Changes
[2016.12.20-07.26.12:044][303]SourceControl: Info  1 file changed, 0 insertions(+), 0 deletions(-)
[2016.12.20-07.26.12:044][303]SourceControl: Info  create mode 100644 Content/ASS.uasset
[2016.12.20-07.26.12:053][303]SourceControl: Info Commited [master 98faa70] Changes.
[2016.12.20-07.36.04:135][208]SourceControl: Info On branch master
[2016.12.20-07.36.04:135][208]SourceControl: Info Your branch is up-to-date with 'origin/master'.
[2016.12.20-07.36.04:135][208]SourceControl: Info Changes to be committed:
[2016.12.20-07.36.04:135][208]SourceControl: Info   (use "git reset HEAD <file>..." to unstage)
[2016.12.20-07.36.04:135][208]SourceControl: Info 	new file:   .gitignore
[2016.12.20-07.36.04:135][208]SourceControl: Info 	new file:   Colluseum.uproject
[2016.12.20-07.36.04:135][208]SourceControl: Info 	new file:   Config/DefaultEditor.ini
[2016.12.20-07.36.04:135][208]SourceControl: Info 	new file:   Config/DefaultEngine.ini
[2016.12.20-07.36.04:135][208]SourceControl: Info 	new file:   Config/DefaultGame.ini
[2016.12.20-07.36.04:135][208]SourceControl: Info Untracked files:
[2016.12.20-07.36.04:135][208]SourceControl: Info   (use "git add <file>..." to include in what will be committed)
[2016.12.20-07.36.04:135][208]SourceControl: Info 	Content/Blueprints/
[2016.12.20-07.36.04:135][208]SourceControl: Info 	Content/StarterContent/
[2016.12.20-07.36.04:135][208]SourceControl: Info 	Content/mode1.uasset
[2016.12.20-07.36.04:135][208]SourceControl: Info 	Unreal-Development/
[2016.12.20-07.36.04:135][208]SourceControl: Info 	Unreal/
[2016.12.20-07.36.06:539][430]LogWindowsTextInputMethodSystem:Display: IME system now deactivated.
[2016.12.20-07.36.07:544][431]Cmd: QUIT_EDITOR
[2016.12.20-07.36.08:133][431]LogExit: Preparing to exit.
[2016.12.20-07.36.09:433][431]LogExit: Editor shut down
[2016.12.20-07.36.09:434][431]LogExit: Transaction tracking system shut down
[2016.12.20-07.36.12:895][431]LogObj: Freed 0b from 0 cluster array pools.
[2016.12.20-07.36.12:895][431]LogExit: Object subsystem successfully closed.
[2016.12.20-07.36.13:309][431]LogD3D11RHI: Shutdown
[2016.12.20-07.36.13:311][431]LogD3D11RHI: CleanupD3DDevice
[2016.12.20-07.36.13:505][431]LogD3D11RHI: ~FD3D11DynamicRHI
[2016.12.20-07.36.14:791][431]LogModuleManager: Shutting down and abandoning module ExternalImagePicker (214)
[2016.12.20-07.36.14:791][431]LogModuleManager: Shutting down and abandoning module HierarchicalLODOutliner (213)
[2016.12.20-07.36.14:799][431]LogModuleManager: Shutting down and abandoning module CrashTracker (212)
[2016.12.20-07.36.14:799][431]LogModuleManager: Shutting down and abandoning module SceneOutliner (211)
[2016.12.20-07.36.14:799][431]LogModuleManager: Shutting down and abandoning module WidgetCarousel (210)
[2016.12.20-07.36.14:812][431]LogModuleManager: Shutting down and abandoning module AddContentDialog (209)
[2016.12.20-07.36.14:854][431]LogModuleManager: Shutting down and abandoning module GameplayTags (208)
[2016.12.20-07.36.14:854][431]LogModuleManager: Shutting down and abandoning module EditorWidgets (207)
[2016.12.20-07.36.14:854][431]LogModuleManager: Shutting down and abandoning module CollectionManager (206)
[2016.12.20-07.36.14:878][431]LogModuleManager: Shutting down and abandoning module StatsViewer (205)
[2016.12.20-07.36.14:899][431]LogModuleManager: Shutting down and abandoning module FoliageEdit (204)
[2016.12.20-07.36.14:899][431]LogModuleManager: Shutting down and abandoning module LandscapeEditor (203)
[2016.12.20-07.36.14:963][431]LogModuleManager: Shutting down and abandoning module SceneDepthPickerMode (202)
[2016.12.20-07.36.14:963][431]LogModuleManager: Shutting down and abandoning module ActorPickerMode (201)
[2016.12.20-07.36.14:963][431]LogModuleManager: Shutting down and abandoning module GeometryMode (200)
[2016.12.20-07.36.14:963][431]LogModuleManager: Shutting down and abandoning module TextureAlignMode (199)
[2016.12.20-07.36.14:963][431]LogModuleManager: Shutting down and abandoning module BspMode (198)
[2016.12.20-07.36.14:997][431]LogModuleManager: Shutting down and abandoning module HardwareSurvey (197)
[2016.12.20-07.36.15:017][431]LogModuleManager: Shutting down and abandoning module SequenceRecorderSections (196)
[2016.12.20-07.36.15:017][431]LogModuleManager: Shutting down and abandoning module SequenceRecorder (195)
[2016.12.20-07.36.15:033][431]LogModuleManager: Shutting down and abandoning module AutomationWorker (194)
[2016.12.20-07.36.15:043][431]LogModuleManager: Shutting down and abandoning module MatineeToLevelSequence (193)
[2016.12.20-07.36.15:057][431]LogModuleManager: Shutting down and abandoning module PlacementMode (192)
[2016.12.20-07.36.15:067][431]LogModuleManager: Shutting down and abandoning module LevelSequenceEditor (191)
[2016.12.20-07.36.15:096][431]LogModuleManager: Shutting down and abandoning module CharacterAI (190)
[2016.12.20-07.36.15:096][431]LogModuleManager: Shutting down and abandoning module SmartSnapping (189)
[2016.12.20-07.36.15:096][431]LogModuleManager: Shutting down and abandoning module SessionServices (188)
[2016.12.20-07.36.15:096][431]LogModuleManager: Shutting down and abandoning module ViewportSnapping (187)
[2016.12.20-07.36.15:096][431]LogModuleManager: Shutting down and abandoning module LogVisualizer (186)
[2016.12.20-07.36.15:122][431]LogModuleManager: Shutting down and abandoning module GameProjectGeneration (185)
[2016.12.20-07.36.15:151][431]LogModuleManager: Shutting down and abandoning module IntroTutorials (184)
[2016.12.20-07.36.15:158][431]LogModuleManager: Shutting down and abandoning module EditorLiveStreaming (183)
[2016.12.20-07.36.15:158][431]LogModuleManager: Shutting down and abandoning module IOSPlatformEditor (182)
[2016.12.20-07.36.15:166][431]LogModuleManager: Shutting down and abandoning module HTML5PlatformEditor (181)
[2016.12.20-07.36.15:166][431]LogModuleManager: Shutting down and abandoning module AndroidDeviceDetection (180)
[2016.12.20-07.36.15:186][431]LogModuleManager: Shutting down and abandoning module AndroidPlatformEditor (179)
[2016.12.20-07.36.15:197][431]LogModuleManager: Shutting down and abandoning module IOSRuntimeSettings (178)
[2016.12.20-07.36.15:197][431]LogModuleManager: Shutting down and abandoning module AndroidRuntimeSettings (177)
[2016.12.20-07.36.15:197][431]LogModuleManager: Shutting down and abandoning module MergeActors (176)
[2016.12.20-07.36.15:205][431]LogModuleManager: Shutting down and abandoning module SizeMap (175)
[2016.12.20-07.36.15:205][431]LogModuleManager: Shutting down and abandoning module TreeMap (174)
[2016.12.20-07.36.15:221][431]LogModuleManager: Shutting down and abandoning module ReferenceViewer (173)
[2016.12.20-07.36.15:236][431]LogModuleManager: Shutting down and abandoning module LocalizationService (172)
[2016.12.20-07.36.15:253][431]LogModuleManager: Shutting down and abandoning module LocalizationDashboard (171)
[2016.12.20-07.36.15:277][431]LogModuleManager: Shutting down and abandoning module HardwareTargeting (170)
[2016.12.20-07.36.15:278][431]LogModuleManager: Shutting down and abandoning module DeviceProfileEditor (169)
[2016.12.20-07.36.15:293][431]LogModuleManager: Shutting down and abandoning module UndoHistory (168)
[2016.12.20-07.36.15:302][431]LogModuleManager: Shutting down and abandoning module UserFeedback (167)
[2016.12.20-07.36.15:302][431]LogModuleManager: Shutting down and abandoning module XmlParser (166)
[2016.12.20-07.36.15:313][431]LogModuleManager: Shutting down and abandoning module Blutility (165)
[2016.12.20-07.36.15:322][431]LogModuleManager: Shutting down and abandoning module ProjectTargetPlatformEditor (164)
[2016.12.20-07.36.15:322][431]LogModuleManager: Shutting down and abandoning module ProjectSettingsViewer (163)
[2016.12.20-07.36.15:322][431]LogModuleManager: Shutting down and abandoning module InputBindingEditor (162)
[2016.12.20-07.36.15:354][431]LogModuleManager: Shutting down and abandoning module EditorSettingsViewer (161)
[2016.12.20-07.36.15:354][431]LogModuleManager: Shutting down and abandoning module SettingsEditor (160)
[2016.12.20-07.36.15:354][431]LogModuleManager: Shutting down and abandoning module ProjectLauncher (159)
[2016.12.20-07.36.15:374][431]LogModuleManager: Shutting down and abandoning module SessionFrontend (158)
[2016.12.20-07.36.15:390][431]LogModuleManager: Shutting down and abandoning module ProfilerClient (157)
[2016.12.20-07.36.15:404][431]LogModuleManager: Shutting down and abandoning module TargetDeviceServices (156)
[2016.12.20-07.36.15:404][431]LogModuleManager: Shutting down and abandoning module DeviceManager (155)
[2016.12.20-07.36.15:462][431]LogModuleManager: Shutting down and abandoning module AutomationController (154)
[2016.12.20-07.36.15:494][431]LogModuleManager: Shutting down and abandoning module AutomationWindow (153)
[2016.12.20-07.36.15:519][431]LogModuleManager: Shutting down and abandoning module Layers (152)
[2016.12.20-07.36.15:546][431]LogModuleManager: Shutting down and abandoning module ComponentVisualizers (151)
[2016.12.20-07.36.15:546][431]LogModuleManager: Shutting down and abandoning module DetailCustomizations (150)
[2016.12.20-07.36.15:573][431]LogModuleManager: Shutting down and abandoning module PackagesDialog (149)
[2016.12.20-07.36.15:574][431]LogModuleManager: Shutting down and abandoning module Persona (148)
[2016.12.20-07.36.15:622][431]LogModuleManager: Shutting down and abandoning module Kismet (147)
[2016.12.20-07.36.15:630][431]LogModuleManager: Shutting down and abandoning module GraphEditor (146)
[2016.12.20-07.36.15:682][431]LogModuleManager: Shutting down and abandoning module ClassViewer (145)
[2016.12.20-07.36.15:695][431]LogModuleManager: Shutting down and abandoning module Toolbox (144)
[2016.12.20-07.36.15:708][431]LogModuleManager: Shutting down and abandoning module ModuleUI (143)
[2016.12.20-07.36.15:723][431]LogModuleManager: Shutting down and abandoning module MovieSceneTools (142)
[2016.12.20-07.36.15:782][431]LogModuleManager: Shutting down and abandoning module OutputLog (141)
[2016.12.20-07.36.15:800][431]LogModuleManager: Shutting down and abandoning module GammaUI (140)
[2016.12.20-07.36.15:814][431]LogModuleManager: Shutting down and abandoning module Documentation (139)
[2016.12.20-07.36.15:814][431]LogModuleManager: Shutting down and abandoning module StreamingPauseRendering (138)
[2016.12.20-07.36.15:814][431]LogModuleManager: Shutting down and abandoning module AnalyticsET (137)
[2016.12.20-07.36.15:814][431]LogModuleManager: Shutting down and abandoning module Analytics (136)
[2016.12.20-07.36.15:814][431]LogModuleManager: Shutting down and abandoning module PortalServices (135)
[2016.12.20-07.36.15:814][431]LogModuleManager: Shutting down and abandoning module PortalRpc (134)
[2016.12.20-07.36.15:814][431]LogModuleManager: Shutting down and abandoning module MessagingRpc (133)
[2016.12.20-07.36.15:814][431]LogModuleManager: Shutting down and abandoning module GameplayDebugger (132)
[2016.12.20-07.36.15:814][431]LogModuleManager: Shutting down and abandoning module AITestSuite (131)
[2016.12.20-07.36.15:828][431]LogModuleManager: Shutting down and abandoning module AIModule (130)
[2016.12.20-07.36.15:828][431]LogModuleManager: Shutting down and abandoning module ProfilerService (129)
[2016.12.20-07.36.16:067][431]LogModuleManager: Shutting down and abandoning module TaskGraph (128)
[2016.12.20-07.36.16:085][431]LogModuleManager: Shutting down and abandoning module SlateRemote (127)
[2016.12.20-07.36.16:085][431]LogModuleManager: Shutting down and abandoning module SteamVRController (126)
[2016.12.20-07.36.16:085][431]LogModuleManager: Shutting down and abandoning module SteamVR (125)
[2016.12.20-07.36.16:085][431]LogModuleManager: Shutting down and abandoning module ProceduralMeshComponent (124)
[2016.12.20-07.36.16:085][431]LogModuleManager: Shutting down and abandoning module OculusLibrary (123)
[2016.12.20-07.36.16:085][431]LogModuleManager: Shutting down and abandoning module OculusInput (122)
[2016.12.20-07.36.16:085][431]LogModuleManager: Shutting down and abandoning module CustomMeshComponent (121)
[2016.12.20-07.36.16:085][431]LogModuleManager: Shutting down and abandoning module CableComponent (120)
[2016.12.20-07.36.16:085][431]LogModuleManager: Shutting down and abandoning module ArchVisCharacter (119)
[2016.12.20-07.36.16:085][431]LogModuleManager: Shutting down and abandoning module MediaPlayerEditor (118)
[2016.12.20-07.36.16:117][431]LogModuleManager: Shutting down and abandoning module HTML5Networking (117)
[2016.12.20-07.36.16:117][431]LogModuleManager: Shutting down and abandoning module SuperSearch (116)
[2016.12.20-07.36.16:117][431]LogModuleManager: Shutting down and abandoning module SuperSearchEditor (115)
[2016.12.20-07.36.16:117][431]LogModuleManager: Shutting down and abandoning module SpeedTreeImporter (114)
[2016.12.20-07.36.16:117][431]LogModuleManager: Shutting down and abandoning module PluginBrowser (113)
[2016.12.20-07.36.16:157][431]LogModuleManager: Shutting down and abandoning module EpicSurvey (112)
[2016.12.20-07.36.16:157][431]LogModuleManager: Shutting down and abandoning module DesktopPlatform (111)
[2016.12.20-07.36.16:167][431]LogModuleManager: Shutting down and abandoning module VisualStudioSourceCodeAccess (110)
[2016.12.20-07.36.16:181][431]LogModuleManager: Shutting down and abandoning module UObjectPlugin (109)
[2016.12.20-07.36.16:181][431]LogModuleManager: Shutting down and abandoning module SubversionSourceControl (108)
[2016.12.20-07.36.16:181][431]LogModuleManager: Shutting down and abandoning module PerforceSourceControl (107)
[2016.12.20-07.36.16:191][431]LogModuleManager: Shutting down and abandoning module SourceControl (106)
[2016.12.20-07.36.16:191][431]LogModuleManager: Shutting down and abandoning module GitSourceControl (105)
[2016.12.20-07.36.16:191][431]LogModuleManager: Shutting down and abandoning module LightPropagationVolumeEditor (104)
[2016.12.20-07.36.16:191][431]LogModuleManager: Shutting down and abandoning module PaperTiledImporter (103)
[2016.12.20-07.36.16:201][431]LogModuleManager: Shutting down and abandoning module PaperSpriteSheetImporter (102)
[2016.12.20-07.36.16:202][431]LogModuleManager: Shutting down and abandoning module MeshPaint (101)
[2016.12.20-07.36.16:215][431]LogModuleManager: Shutting down and abandoning module PixelInspectorModule (100)
[2016.12.20-07.36.16:238][431]LogModuleManager: Shutting down and abandoning module HotReload (99)
[2016.12.20-07.36.16:285][431]LogModuleManager: Shutting down and abandoning module MainFrame (98)
[2016.12.20-07.36.16:291][431]LogModuleManager: Shutting down and abandoning module LevelEditor (97)
[2016.12.20-07.36.16:302][431]LogModuleManager: Shutting down and abandoning module ContentBrowser (96)
[2016.12.20-07.36.16:304][431]LogModuleManager: Shutting down and abandoning module Paper2DEditor (95)
[2016.12.20-07.36.16:327][431]LogModuleManager: Shutting down and abandoning module UdpMessaging (94)
[2016.12.20-07.36.16:427][431]LogModuleManager: Shutting down and abandoning module LightPropagationVolumeRuntime (93)
[2016.12.20-07.36.16:427][431]LogModuleManager: Shutting down and abandoning module Paper2D (92)
[2016.12.20-07.36.16:439][431]LogModuleManager: Shutting down and abandoning module WindowsMoviePlayer (91)
[2016.12.20-07.36.16:439][431]LogModuleManager: Shutting down and abandoning module Media (90)
[2016.12.20-07.36.16:439][431]LogModuleManager: Shutting down and abandoning module WmfMedia (89)
[2016.12.20-07.36.16:490][431]LogModuleManager: Shutting down and abandoning module MediaAssets (88)
[2016.12.20-07.36.16:490][431]LogModuleManager: Shutting down and abandoning module GameLiveStreaming (87)
[2016.12.20-07.36.16:501][431]LogModuleManager: Shutting down and abandoning module GameplayTagsEditor (86)
[2016.12.20-07.36.16:501][431]LogModuleManager: Shutting down and abandoning module OnlineBlueprintSupport (85)
[2016.12.20-07.36.16:501][431]LogModuleManager: Shutting down and abandoning module VREditor (84)
[2016.12.20-07.36.16:512][431]LogModuleManager: Shutting down and abandoning module GameplayTasksEditor (83)
[2016.12.20-07.36.16:512][431]LogModuleManager: Shutting down and abandoning module PropertyEditor (82)
[2016.12.20-07.36.16:512][431]LogModuleManager: Shutting down and abandoning module BehaviorTreeEditor (81)
[2016.12.20-07.36.16:548][431]LogModuleManager: Shutting down and abandoning module FunctionalTesting (80)
[2016.12.20-07.36.16:548][431]LogModuleManager: Shutting down and abandoning module CollisionAnalyzer (79)
[2016.12.20-07.36.16:559][431]LogModuleManager: Shutting down and abandoning module Sequencer (78)
[2016.12.20-07.36.16:588][431]LogModuleManager: Shutting down and abandoning module WorkspaceMenuStructure (77)
[2016.12.20-07.36.16:588][431]LogModuleManager: Shutting down and abandoning module MessageLog (76)
[2016.12.20-07.36.16:588][431]LogModuleManager: Shutting down and abandoning module AssetTools (75)
[2016.12.20-07.36.16:601][431]LogModuleManager: Shutting down and abandoning module UMGEditor (74)
[2016.12.20-07.36.16:639][431]LogModuleManager: Shutting down and abandoning module UMG (73)
[2016.12.20-07.36.16:672][431]LogModuleManager: Shutting down and abandoning module SlateReflector (72)
[2016.12.20-07.36.16:711][431]LogModuleManager: Shutting down and abandoning module Slate (71)
[2016.12.20-07.36.16:711][431]LogModuleManager: Shutting down and abandoning module EditorStyle (70)
[2016.12.20-07.36.16:713][431]LogModuleManager: Shutting down and abandoning module SourceCodeAccess (69)
[2016.12.20-07.36.16:713][431]LogModuleManager: Shutting down and abandoning module HeadMountedDisplay (68)
[2016.12.20-07.36.16:713][431]LogModuleManager: Shutting down and abandoning module XAudio2 (67)
[2016.12.20-07.36.16:713][431]LogModuleManager: Shutting down and abandoning module Networking (65)
[2016.12.20-07.36.16:713][431]LogModuleManager: Shutting down and abandoning module Core (64)
[2016.12.20-07.36.16:713][431]LogModuleManager: Shutting down and abandoning module DirectoryWatcher (63)
[2016.12.20-07.36.16:718][431]LogModuleManager: Shutting down and abandoning module AssetRegistry (62)
[2016.12.20-07.36.16:951][431]LogModuleManager: Shutting down and abandoning module KismetCompiler (61)
[2016.12.20-07.36.16:951][431]LogModuleManager: Shutting down and abandoning module PhysXFormats (60)
[2016.12.20-07.36.16:966][431]LogModuleManager: Shutting down and abandoning module MeshUtilities (59)
[2016.12.20-07.36.16:982][431]LogModuleManager: Shutting down and abandoning module DerivedDataCache (58)
[2016.12.20-07.36.17:003][431]LogDerivedDataCache: Shutdown
[2016.12.20-07.36.17:003][431]LogModuleManager: Shutting down and abandoning module VulkanShaderFormat (57)
[2016.12.20-07.36.17:022][431]LogModuleManager: Shutting down and abandoning module ShaderFormatOpenGL (56)
[2016.12.20-07.36.17:035][431]LogModuleManager: Shutting down and abandoning module ShaderFormatD3D (55)
[2016.12.20-07.36.17:067][431]LogModuleManager: Shutting down and abandoning module MetalShaderFormat (54)
[2016.12.20-07.36.17:083][431]LogModuleManager: Shutting down and abandoning module TextureFormatUncompressed (53)
[2016.12.20-07.36.17:083][431]LogModuleManager: Shutting down and abandoning module TextureFormatPVR (52)
[2016.12.20-07.36.17:094][431]LogModuleManager: Shutting down and abandoning module TextureFormatIntelISPCTexComp (51)
[2016.12.20-07.36.17:103][431]LogModuleManager: Shutting down and abandoning module TextureFormatDXT (50)
[2016.12.20-07.36.17:117][431]LogModuleManager: Shutting down and abandoning module ImageWrapper (49)
[2016.12.20-07.36.17:117][431]LogModuleManager: Shutting down and abandoning module TextureFormatASTC (48)
[2016.12.20-07.36.17:117][431]LogModuleManager: Shutting down and abandoning module TextureFormatAndroid (47)
[2016.12.20-07.36.17:117][431]LogModuleManager: Shutting down and abandoning module AudioFormatOpus (46)
[2016.12.20-07.36.17:133][431]LogModuleManager: Shutting down and abandoning module AudioFormatOgg (45)
[2016.12.20-07.36.17:146][431]LogModuleManager: Shutting down and abandoning module AudioFormatADPCM (44)
[2016.12.20-07.36.17:158][431]LogModuleManager: Shutting down and abandoning module LinuxTargetPlatform (43)
[2016.12.20-07.36.17:158][431]LogModuleManager: Shutting down and abandoning module LinuxServerTargetPlatform (42)
[2016.12.20-07.36.17:169][431]LogModuleManager: Shutting down and abandoning module LinuxNoEditorTargetPlatform (41)
[2016.12.20-07.36.17:189][431]LogModuleManager: Shutting down and abandoning module TVOSTargetPlatform (40)
[2016.12.20-07.36.17:189][431]LogModuleManager: Shutting down and abandoning module Messaging (39)
[2016.12.20-07.36.17:189][431]LogModuleManager: Shutting down and abandoning module IOSTargetPlatform (38)
[2016.12.20-07.36.17:189][431]LogModuleManager: Shutting down and abandoning module HTML5TargetPlatform (37)
[2016.12.20-07.36.17:189][431]LogModuleManager: Shutting down and abandoning module Android_PVRTCTargetPlatform (36)
[2016.12.20-07.36.17:189][431]LogModuleManager: Shutting down and abandoning module Android_MultiTargetPlatform (35)
[2016.12.20-07.36.17:198][431]LogModuleManager: Shutting down and abandoning module Android_ETC2TargetPlatform (34)
[2016.12.20-07.36.17:198][431]LogModuleManager: Shutting down and abandoning module Android_ETC1TargetPlatform (33)
[2016.12.20-07.36.17:198][431]LogModuleManager: Shutting down and abandoning module Android_DXTTargetPlatform (32)
[2016.12.20-07.36.17:198][431]LogModuleManager: Shutting down and abandoning module Android_ATCTargetPlatform (31)
[2016.12.20-07.36.17:198][431]LogModuleManager: Shutting down and abandoning module Android_ASTCTargetPlatform (30)
[2016.12.20-07.36.17:198][431]LogModuleManager: Shutting down and abandoning module AndroidTargetPlatform (29)
[2016.12.20-07.36.17:198][431]LogModuleManager: Shutting down and abandoning module WindowsTargetPlatform (28)
[2016.12.20-07.36.17:198][431]LogModuleManager: Shutting down and abandoning module WindowsServerTargetPlatform (27)
[2016.12.20-07.36.17:208][431]LogModuleManager: Shutting down and abandoning module WindowsNoEditorTargetPlatform (26)
[2016.12.20-07.36.17:212][431]LogModuleManager: Shutting down and abandoning module WindowsClientTargetPlatform (25)
[2016.12.20-07.36.17:220][431]LogModuleManager: Shutting down and abandoning module AllDesktopTargetPlatform (24)
[2016.12.20-07.36.17:220][431]LogModuleManager: Shutting down and abandoning module TargetPlatform (23)
[2016.12.20-07.36.17:237][431]LogModuleManager: Shutting down and abandoning module InputCore (22)
[2016.12.20-07.36.17:237][431]LogModuleManager: Shutting down and abandoning module Settings (21)
[2016.12.20-07.36.17:247][431]LogModuleManager: Shutting down and abandoning module OnlineSubsystem (19)
[2016.12.20-07.36.17:247][431]LogModuleManager: Shutting down and abandoning module HTTP (18)
[2016.12.20-07.36.18:749][431]LogModuleManager: Shutting down and abandoning module XMPP (17)
[2016.12.20-07.36.18:785][431]LogModuleManager: Shutting down and abandoning module OculusRift (16)
[2016.12.20-07.36.18:801][431]LogModuleManager: Shutting down and abandoning module ExampleDeviceProfileSelector (15)
[2016.12.20-07.36.18:801][431]LogModuleManager: Shutting down and abandoning module TextureCompressor (14)
[2016.12.20-07.36.18:811][431]LogModuleManager: Shutting down and abandoning module ShaderCore (13)
[2016.12.20-07.36.18:811][431]LogModuleManager: Shutting down and abandoning module Landscape (12)
[2016.12.20-07.36.18:811][431]LogModuleManager: Shutting down and abandoning module SlateRHIRenderer (11)
[2016.12.20-07.36.18:853][431]LogModuleManager: Shutting down and abandoning module OpenGLDrv (10)
[2016.12.20-07.36.18:886][431]LogModuleManager: Shutting down and abandoning module D3D11RHI (9)
[2016.12.20-07.36.18:886][431]LogModuleManager: Shutting down and abandoning module AnimGraphRuntime (8)
[2016.12.20-07.36.18:899][431]LogModuleManager: Shutting down and abandoning module Renderer (7)
[2016.12.20-07.36.18:899][431]LogModuleManager: Shutting down and abandoning module Engine (6)
[2016.12.20-07.36.18:899][431]LogModuleManager: Shutting down and abandoning module CoreUObject (5)
[2016.12.20-07.36.18:899][431]LogModuleManager: Shutting down and abandoning module NetworkFile (4)
[2016.12.20-07.36.18:912][431]LogModuleManager: Shutting down and abandoning module StreamingFile (3)
[2016.12.20-07.36.18:924][431]LogModuleManager: Shutting down and abandoning module SandboxFile (2)
[2016.12.20-07.36.18:942][431]LogModuleManager: Shutting down and abandoning module PakFile (1)
[2016.12.20-07.36.18:971][431]LogExit: Exiting.
[2016.12.20-07.36.18:998][431]Log file closed, 12/19/16 23:36:18
