Log file open, 12/18/16 20:58:21
LogInit:Display: Running engine for game: Colluseum
LogPlatformFile: Not using cached read wrapper
LogInit:Display: RandInit(1690640067) SRandInit(1690640068).
LogTaskGraph: Started task graph with 4 named threads and 7 total threads with 1 sets of task threads.
LogStats: Stats thread started at 0.071939
LogInit: Version: 4.12.5-3039270+++UE4+Release-4.12
LogInit: API Version: 2992821
LogInit: Net Version: 3039270
LogDevObjectVersion: Number of dev versions registered: 13
LogDevObjectVersion:   Dev-Blueprints (B0D832E4-1F89-4F0D-ACCF-7EB736FD4AA2): 3
LogDevObjectVersion:   Dev-Build (E1C64328-A22C-4D53-A36C-8E866417BD8C): 0
LogDevObjectVersion:   Dev-Core (375EC13C-06E4-48FB-B500-84F0262A717E): 1
LogDevObjectVersion:   Dev-Editor (E4B068ED-F494-42E9-A231-DA0B2E46BB41): 2
LogDevObjectVersion:   Dev-Framework (CFFC743F-43B0-4480-9391-14DF171D2073): 6
LogDevObjectVersion:   Dev-Mobile (B02B49B5-BB20-44E9-A304-32B752E40360): 0
LogDevObjectVersion:   Dev-Networking (A4E4105C-59A1-49B5-A7C5-40C4547EDFEE): 0
LogDevObjectVersion:   Dev-Online (39C831C9-5AE6-47DC-9A44-9C173E1C8E7C): 0
LogDevObjectVersion:   Dev-Physics (78F01B33-EBEA-4F98-B9B4-84EACCB95AA2): 0
LogDevObjectVersion:   Dev-Platform (6631380F-2D4D-43E0-8009-CF276956A95A): 0
LogDevObjectVersion:   Dev-Rendering (12F88B9F-8875-4AFC-A67C-D90C383ABD29): 2
LogDevObjectVersion:   Dev-Sequencer (7B5AE74C-D270-4C10-A958-57980B212A5A): 0
LogDevObjectVersion:   Dev-VR (D7296918-1DD6-4BDD-9DE2-64A83CC13884): 0
LogInit: Compiled (64-bit): Jul  6 2016 09:09:46
LogInit: Compiled with Visual C++: 19.00.23026.00
LogInit: Build Configuration: Development
LogInit: Branch Name: ++UE4+Release-4.12
LogInit: Command line: -EpicPortal 
LogInit: Base directory: D:/Program Files/EPIC/Epic Games/4.12/Engine/Binaries/Win64/
LogInit: Installed Engine Build: 1
LogInit: Using libcurl 7.41.0
LogInit:  - built for x86_64-pc-win32
LogInit:  - supports SSL with WinSSL
LogInit:  - other features:
LogInit:      CURL_VERSION_SSL
LogInit:      CURL_VERSION_IPV6
LogInit:      CURL_VERSION_ASYNCHDNS
LogInit:      CURL_VERSION_LARGEFILE
LogInit:      CURL_VERSION_IDN
LogInit:  CurlRequestOptions (configurable via config and command line):
LogInit:  - bVerifyPeer = true  - Libcurl will verify peer certificate
LogInit:  - bUseHttpProxy = false  - Libcurl will NOT use HTTP proxy
LogInit:  - bDontReuseConnections = false  - Libcurl will reuse connections
LogInit:  - CertBundlePath = nullptr  - Libcurl will use whatever was configured at build time.
LogInit: Presizing for max 8388607 objects, including 0 objects not considered by GC, pre-allocating 0 bytes for permanent pool.
LogInit: Object subsystem initialized
[2016.12.19-04.58.21:994][  0]LogInit: Selected Device Profile: [Windows]
[2016.12.19-04.58.21:994][  0]LogInit: Applying CVar settings loaded from the selected device profile: [Windows]
[2016.12.19-04.58.22:003][  0]LogInit: Computer: DESKTOP-TAF0IGL
[2016.12.19-04.58.22:003][  0]LogInit: User: tyler
[2016.12.19-04.58.22:003][  0]LogInit: CPU Page size=65536, Cores=4
[2016.12.19-04.58.22:003][  0]LogInit: High frequency timer resolution =3.312793 MHz
[2016.12.19-04.58.22:004][  0]LogMemory: Memory total: Physical=11.9GB (12GB approx)
[2016.12.19-04.58.22:004][  0]LogMemory: Platform Memory Stats for Windows
[2016.12.19-04.58.22:004][  0]LogMemory: Process Physical Memory: 190.57 MB used, 190.57 MB peak
[2016.12.19-04.58.22:004][  0]LogMemory: Process Virtual Memory: 195.28 MB used, 195.28 MB peak
[2016.12.19-04.58.22:004][  0]LogMemory: Physical Memory: 6155.72 MB used, 12223.61 MB total
[2016.12.19-04.58.22:004][  0]LogMemory: Virtual Memory: 553.60 MB used, 134217728.00 MB total
[2016.12.19-04.58.22:040][  0]LogTextLocalizationManager: No specific translations for ('en-CA') exist, so ('en') translations will be used.
[2016.12.19-04.58.22:394][  0]LogD3D11RHI: D3D11 adapters:
[2016.12.19-04.58.22:422][  0]LogD3D11RHI:    0. 'NVIDIA GeForce GTX 970' (Feature Level 11_0)
[2016.12.19-04.58.22:422][  0]LogD3D11RHI:       4059/0/6111 MB DedicatedVideo/DedicatedSystem/SharedSystem, Outputs:2, VendorId:0x10de
[2016.12.19-04.58.22:423][  0]LogD3D11RHI:    1. 'Microsoft Basic Render Driver' (Feature Level 11_0)
[2016.12.19-04.58.22:423][  0]LogD3D11RHI:       0/0/6111 MB DedicatedVideo/DedicatedSystem/SharedSystem, Outputs:0, VendorId:0x1414
[2016.12.19-04.58.22:423][  0]LogD3D11RHI: Chosen D3D11 Adapter: 0
[2016.12.19-04.58.22:428][  0]LogD3D11RHI: Creating new Direct3DDevice
[2016.12.19-04.58.22:428][  0]LogD3D11RHI:     GPU DeviceId: 0x13c2 (for the marketing name, search the web for "GPU Device Id")
[2016.12.19-04.58.22:428][  0]LogWindows: EnumDisplayDevices:
[2016.12.19-04.58.22:428][  0]LogWindows:    0. 'NVIDIA GeForce GTX 970' (P:0 D:1)
[2016.12.19-04.58.22:428][  0]LogWindows:    1. 'NVIDIA GeForce GTX 970' (P:1 D:1)
[2016.12.19-04.58.22:428][  0]LogWindows:    2. 'NVIDIA GeForce GTX 970' (P:0 D:0)
[2016.12.19-04.58.22:429][  0]LogWindows:    3. 'NVIDIA GeForce GTX 970' (P:0 D:0)
[2016.12.19-04.58.22:429][  0]LogWindows: DebugString: FoundDriverCount:4 
[2016.12.19-04.58.22:429][  0]LogD3D11RHI:     Adapter Name: NVIDIA GeForce GTX 970
[2016.12.19-04.58.22:429][  0]LogD3D11RHI:   Driver Version: 372.90 (internal:21.21.13.7290, unified:372.90)
[2016.12.19-04.58.22:429][  0]LogD3D11RHI:      Driver Date: 9-16-2016
[2016.12.19-04.58.22:429][  0]LogRHI: Texture pool is 1361 MB (70% of 1945 MB)
[2016.12.19-04.58.22:441][  0]LogD3D11RHI: Async texture creation enabled
[2016.12.19-04.58.22:451][  0]LogD3D11RHI: GPU Timing Frequency: 1000.000000 (Debug: 2 1)
[2016.12.19-04.58.22:451][  0]LogShaderCompilers: Guid format shader working directory is -10 characters bigger than the processId version (../../../../../../../Documents/Unreal Projects/Colluseum/Intermediate/Shaders/WorkingDirectory/1668/).
[2016.12.19-04.58.22:451][  0]LogShaderCompilers: Cleaned the shader compiler working directory 'C:/Users/tyler/AppData/Local/Temp/UnrealShaderWorkingDir/2FCD213349706F09E811958EBB41E038/'.
[2016.12.19-04.58.22:452][  0]LogShaderCompilers:Display: Using Local Shader Compiler.
[2016.12.19-04.58.23:373][  0]LogTemp:Display: Loaded TP AllDesktopTargetPlatform
[2016.12.19-04.58.23:382][  0]LogTemp:Display: Loaded TP WindowsClientTargetPlatform
[2016.12.19-04.58.23:390][  0]LogTemp:Display: Loaded TP WindowsNoEditorTargetPlatform
[2016.12.19-04.58.23:399][  0]LogTemp:Display: Loaded TP WindowsServerTargetPlatform
[2016.12.19-04.58.23:407][  0]LogTemp:Display: Loaded TP WindowsTargetPlatform
[2016.12.19-04.58.23:415][  0]LogTemp:Display: Loaded TP AndroidTargetPlatform
[2016.12.19-04.58.23:422][  0]LogTemp:Display: Loaded TP Android_ASTCTargetPlatform
[2016.12.19-04.58.23:429][  0]LogTemp:Display: Loaded TP Android_ATCTargetPlatform
[2016.12.19-04.58.23:437][  0]LogTemp:Display: Loaded TP Android_DXTTargetPlatform
[2016.12.19-04.58.23:444][  0]LogTemp:Display: Loaded TP Android_ETC1TargetPlatform
[2016.12.19-04.58.23:451][  0]LogTemp:Display: Loaded TP Android_ETC2TargetPlatform
[2016.12.19-04.58.23:466][  0]LogTemp:Display: Loaded TP Android_MultiTargetPlatform
[2016.12.19-04.58.23:466][  0]LogTemp:Display: Loaded TP Android_PVRTCTargetPlatform
[2016.12.19-04.58.23:467][  0]LogTemp:Display: Loaded TP HTML5TargetPlatform
[2016.12.19-04.58.23:488][  0]LogTemp:Display: Loaded TP IOSTargetPlatform
[2016.12.19-04.58.23:497][  0]LogTemp:Display: Loaded TP TVOSTargetPlatform
[2016.12.19-04.58.23:505][  0]LogTemp:Display: Loaded TP LinuxNoEditorTargetPlatform
[2016.12.19-04.58.23:513][  0]LogTemp:Display: Loaded TP LinuxServerTargetPlatform
[2016.12.19-04.58.23:521][  0]LogTemp:Display: Loaded TP LinuxTargetPlatform
[2016.12.19-04.58.23:521][  0]LogTargetPlatformManager:Display: Building Assets For Windows
[2016.12.19-04.58.23:606][  0]LogDerivedDataCache:Display: Max Cache Size: 512 MB
[2016.12.19-04.58.23:652][  0]LogDerivedDataCache: Loaded boot cache 0.05s 48MB C:/Users/tyler/AppData/Local/UnrealEngine/4.12/DerivedDataCache/Boot.ddc.
[2016.12.19-04.58.23:653][  0]LogDerivedDataCache:Display: Loaded Boot cache: C:/Users/tyler/AppData/Local/UnrealEngine/4.12/DerivedDataCache/Boot.ddc
[2016.12.19-04.58.23:653][  0]LogDerivedDataCache: FDerivedDataBackendGraph:  Pak pak cache file ../../../../../../../Documents/Unreal Projects/Colluseum/DerivedDataCache/DDC.ddp not found, will not use a pak cache.
[2016.12.19-04.58.23:653][  0]LogDerivedDataCache: Unable to find inner node Pak for hierarchical cache Hierarchy.
[2016.12.19-04.58.23:653][  0]LogDerivedDataCache: FDerivedDataBackendGraph:  CompressedPak pak cache file ../../../../../../../Documents/Unreal Projects/Colluseum/DerivedDataCache/Compressed.ddp not found, will not use a pak cache.
[2016.12.19-04.58.23:653][  0]LogDerivedDataCache: Unable to find inner node CompressedPak for hierarchical cache Hierarchy.
[2016.12.19-04.58.23:668][  0]LogDerivedDataCache:Display: Pak cache opened for reading ../../../Engine/DerivedDataCache/Compressed.ddp.
[2016.12.19-04.58.23:680][  0]LogDerivedDataCache: Using Local data cache path C:/Users/tyler/AppData/Local/UnrealEngine/Common/DerivedDataCache: Writable
[2016.12.19-04.58.23:893][  0]LogInit: Selected Device Profile: [Windows]
[2016.12.19-04.58.23:893][  0]LogContentStreaming: Texture pool size is 0.00 MB
[2016.12.19-04.58.24:054][  0]LogMeshUtilities: No automatic mesh reduction module available
[2016.12.19-04.58.24:054][  0]LogMeshUtilities: No automatic mesh merging module available
[2016.12.19-04.58.24:054][  0]LogMeshUtilities: No distributed automatic mesh merging module available
[2016.12.19-04.58.24:302][  0]LogAssetRegistry: FAssetRegistry took 0.0212 seconds to start up
[2016.12.19-04.58.24:335][  0]LogPackageLocalizationCache: Processed 3 localized package path(s) for 2 prioritized culture(s) in 0.030821 seconds
[2016.12.19-04.58.24:340][  0]LogUObjectArray: 28739 objects as part of root set at end of initial load.
[2016.12.19-04.58.24:340][  0]LogUObjectAllocator: 5855624 out of 0 bytes used by permanent object pool.
[2016.12.19-04.58.24:340][  0]LogUObjectArray: CloseDisregardForGC: 0/0 objects in disregard for GC pool
[2016.12.19-04.58.24:346][  0]LogInit: WinSock: version 1.1 (2.2), MaxSocks=32767, MaxUdp=65467
[2016.12.19-04.58.24:501][  0]LogSlate: SlateFontCache - WITH_FREETYPE: 1, WITH_HARFBUZZ: 1
[2016.12.19-04.58.24:501][  0]LogSlate: SlateFontCache - WITH_FREETYPE: 1, WITH_HARFBUZZ: 1
[2016.12.19-04.58.25:332][  0]LogUdpMessaging: Initializing bridge on interface 0.0.0.0:0 to multicast group 230.0.0.1:6666.
[2016.12.19-04.58.25:570][  0]SourceControl: Info Source control is disabled
[2016.12.19-04.58.25:613][  0]SourceControl: Info Source control is disabled
[2016.12.19-04.58.25:629][  0]SourceControl: Info Source control is disabled
[2016.12.19-04.58.25:643][  0]SourceControl: Info Source control is disabled
[2016.12.19-04.58.25:959][  0]LogEngine: Initializing Engine...
[2016.12.19-04.58.25:960][  0]LogHMD: SteamVR failed to initialize.  Err: 110
[2016.12.19-04.58.25:960][  0]LogHMD: SteamVR failed to initialize.  Err: 110
[2016.12.19-04.58.26:089][  0]LogAIModule: Creating AISystem for world NewWorld
[2016.12.19-04.58.26:097][  0]LogInit: XAudio2 using 'Speakers / Headphones (IDT High Definition Audio CODEC)' : 2 channels at 48 kHz using 32 bits per sample (channel mask 0x3)
[2016.12.19-04.58.26:106][  0]LogInit: FAudioDevice initialized.
[2016.12.19-04.58.26:131][  0]LogDerivedDataCache: Saved boot cache 0.02s 48MB C:/Users/tyler/AppData/Local/UnrealEngine/4.12/DerivedDataCache/Boot.ddc.
[2016.12.19-04.58.26:136][  0]LogInit: Texture streaming: Enabled
[2016.12.19-04.58.26:157][  0]LogInit: Transaction tracking system initialized
[2016.12.19-04.58.26:175][  0]BlueprintLog: New page: Editor Load
[2016.12.19-04.58.26:237][  0]LocalizationService: Info Localization service is disabled
[2016.12.19-04.58.26:304][  0]LogConsoleResponse:Display: 
[2016.12.19-04.58.26:399][  0]LogCook:Display: Max memory allowance for cook 8192mb
[2016.12.19-04.58.26:399][  0]LogCook:Display: Mobile HDR setting 1
[2016.12.19-04.58.26:511][  0]LogFileCache: Scanning file cache for directory 'D:/Documents/Unreal Projects/Colluseum/Content/' took 0.01s
[2016.12.19-04.58.26:511][  0]SourceControl: Info Source control is disabled
[2016.12.19-04.58.26:511][  0]Cmd: MAP LOAD FILE="../../../../../../../Documents/Unreal Projects/Colluseum/Content/StarterContent/Maps/Minimal_Default.umap" TEMPLATE=0 SHOWPROGRESS=1 FEATURELEVEL=3
[2016.12.19-04.58.26:511][  0]LightingResults: New page: Lighting Build
[2016.12.19-04.58.26:514][  0]MapCheck: New page: Map Check
[2016.12.19-04.58.26:514][  0]LightingResults: New page: Lighting Build
[2016.12.19-04.58.27:110][  0]LogAIModule: Creating AISystem for world Minimal_Default
[2016.12.19-04.58.27:551][  0]LogEditorServer: Finished looking for orphan Actors (0.000 secs)
[2016.12.19-04.58.27:551][  0]Cmd: MAP CHECKDEP NOCLEARLOG
[2016.12.19-04.58.27:613][  0]MapCheck: Info Map check complete: 0 Error(s), 0 Warning(s), took 62.267ms to complete.
[2016.12.19-04.58.27:613][  0]LogFileHelpers: Loading map 'Minimal_Default' took 1.103
[2016.12.19-04.58.28:269][  0]LogCollectionManager: Loaded 0 collections in 0.001553 seconds
[2016.12.19-04.58.28:314][  0]LogFileCache: Scanning file cache for directory 'D:/Documents/Unreal Projects/Colluseum/Saved/Collections/' took 0.01s
[2016.12.19-04.58.28:314][  0]LogFileCache: Scanning file cache for directory 'D:/Documents/Unreal Projects/Colluseum/Content/Developers/tyler/Collections/' took 0.01s
[2016.12.19-04.58.28:314][  0]LogFileCache: Scanning file cache for directory 'D:/Documents/Unreal Projects/Colluseum/Content/Collections/' took 0.01s
[2016.12.19-04.58.28:314][  0]LogCollectionManager: Rebuilt the GUID cache for 0 collections in 0.000003 seconds
[2016.12.19-04.58.28:322][  0]LogContentBrowser: Native class hierarchy populated in 0.0083 seconds. Added 2047 classes and 369 folders.
[2016.12.19-04.58.28:325][  0]LogStats: UGameplayTagsManager::ConstructGameplayTagTree: Construct from data asset -  0.000 s
[2016.12.19-04.58.28:325][  0]LogStats: UGameplayTagsManager::ConstructGameplayTagTree: GameplayTagTreeChangedEvent.Broadcast -  0.000 s
[2016.12.19-04.58.28:326][  0]LogContentBrowser: Native class hierarchy updated for 'GameplayTags' in 0.0007 seconds. Added 12 classes and 0 folders.
[2016.12.19-04.58.28:330][  0]LogContentBrowser: Native class hierarchy updated for 'WidgetCarousel' in 0.0007 seconds. Added 0 classes and 0 folders.
[2016.12.19-04.58.28:406][  0]LogContentBrowser: Native class hierarchy updated for 'AddContentDialog' in 0.0006 seconds. Added 0 classes and 0 folders.
[2016.12.19-04.58.28:410][  0]LogContentBrowser: Native class hierarchy updated for 'SceneOutliner' in 0.0007 seconds. Added 1 classes and 2 folders.
[2016.12.19-04.58.28:483][  0]LogCrashTracker: Crashtracker disabled due to settings.
[2016.12.19-04.58.28:489][  0]LogUObjectGlobals:Warning: Failed to find object 'Class None.'
[2016.12.19-04.58.28:514][  0]LogContentBrowser: Native class hierarchy updated for 'HierarchicalLODOutliner' in 0.0007 seconds. Added 1 classes and 2 folders.
[2016.12.19-04.58.28:515][  0]LogLoad: Full Startup: 7.32 seconds (BP compile: 0.01 seconds)
[2016.12.19-04.58.28:515][  0]LogExternalProfiler: Found external profiler: VSPerf
[2016.12.19-04.58.28:515][  0]LogExternalProfiler: Using external profiler: VSPerf
[2016.12.19-04.58.28:524][  0]LogWindowsTextInputMethodSystem:Display: IME system now deactivated.
[2016.12.19-04.58.28:525][  0]LogOcInput: OculusInput pre-init called
[2016.12.19-04.58.28:546][  0]LogContentStreaming: Texture pool size now 1000 MB
[2016.12.19-04.58.28:713][  0]LogRenderer: Reallocating scene render targets to support 1056x512 (Frame:2).
[2016.12.19-04.58.28:789][  1]Cmd: UpdateLandscapeEditorData -warnings
[2016.12.19-04.58.28:816][  1]LogAssetRegistry: Asset discovery search completed in 4.5346 seconds
[2016.12.19-04.58.28:816][  1]LogCollectionManager: Rebuilt the object cache for 0 collections in 0.000001 seconds (found 0 objects)
[2016.12.19-04.58.28:816][  1]LogCollectionManager: Fixed up redirectors for 0 collections in 0.000024 seconds (updated 0 objects)
[2016.12.19-04.58.46:668][607]LogFactory: FactoryCreateFile: StaticMesh with FbxFactory (0 0 ../../../../../../../Desktop/person.obj)
[2016.12.19-04.58.46:688][607]LogFbx: Loading FBX Scene from ../../../../../../../Desktop/person.obj
[2016.12.19-04.58.48:445][607]LogAssetTools:Warning: Failed to import '../../../../../../../Desktop/person.obj'. Failed to create asset '/Game/StarterContent/Particles/person'
[2016.12.19-05.03.52:792][234]LogFactory: FactoryCreateFile: StaticMesh with FbxFactory (0 0 ../../../../../../../Downloads/fuck.fbx)
[2016.12.19-05.03.53:281][234]LogCrashTracker: 


[2016.12.19-05.03.53:281][234]LogCrashTracker: 


[2016.12.19-05.03.53:281][234]LogWindows:Error: === Critical error: ===
Fatal error!



[2016.12.19-05.03.53:307][234]LogExit: Executing StaticShutdownAfterError
[2016.12.19-05.03.53:317][234]LogWindows: FPlatformMisc::RequestExit(1)
[2016.12.19-05.03.53:317][234]Log file closed, 12/18/16 21:03:53
