Log file open, 12/19/16 14:41:07
LogInit:Display: Running engine for game: Colluseum
LogPlatformFile: Not using cached read wrapper
LogInit:Display: RandInit(-1815715714) SRandInit(-1815715712).
LogTaskGraph: Started task graph with 4 named threads and 7 total threads with 1 sets of task threads.
LogStats: Stats thread started at 0.073445
LogInit: Version: 4.12.5-3039270+++UE4+Release-4.12
LogInit: API Version: 2992821
LogInit: Net Version: 3039270
LogDevObjectVersion: Number of dev versions registered: 13
LogDevObjectVersion:   Dev-Blueprints (B0D832E4-1F89-4F0D-ACCF-7EB736FD4AA2): 3
LogDevObjectVersion:   Dev-Build (E1C64328-A22C-4D53-A36C-8E866417BD8C): 0
LogDevObjectVersion:   Dev-Core (375EC13C-06E4-48FB-B500-84F0262A717E): 1
LogDevObjectVersion:   Dev-Editor (E4B068ED-F494-42E9-A231-DA0B2E46BB41): 2
LogDevObjectVersion:   Dev-Framework (CFFC743F-43B0-4480-9391-14DF171D2073): 6
LogDevObjectVersion:   Dev-Mobile (B02B49B5-BB20-44E9-A304-32B752E40360): 0
LogDevObjectVersion:   Dev-Networking (A4E4105C-59A1-49B5-A7C5-40C4547EDFEE): 0
LogDevObjectVersion:   Dev-Online (39C831C9-5AE6-47DC-9A44-9C173E1C8E7C): 0
LogDevObjectVersion:   Dev-Physics (78F01B33-EBEA-4F98-B9B4-84EACCB95AA2): 0
LogDevObjectVersion:   Dev-Platform (6631380F-2D4D-43E0-8009-CF276956A95A): 0
LogDevObjectVersion:   Dev-Rendering (12F88B9F-8875-4AFC-A67C-D90C383ABD29): 2
LogDevObjectVersion:   Dev-Sequencer (7B5AE74C-D270-4C10-A958-57980B212A5A): 0
LogDevObjectVersion:   Dev-VR (D7296918-1DD6-4BDD-9DE2-64A83CC13884): 0
LogInit: Compiled (64-bit): Jul  6 2016 09:09:46
LogInit: Compiled with Visual C++: 19.00.23026.00
LogInit: Build Configuration: Development
LogInit: Branch Name: ++UE4+Release-4.12
LogInit: Command line:  
LogInit: Base directory: D:/Program Files/EPIC/Epic Games/4.12/Engine/Binaries/Win64/
LogInit: Installed Engine Build: 1
LogInit: Using libcurl 7.41.0
LogInit:  - built for x86_64-pc-win32
LogInit:  - supports SSL with WinSSL
LogInit:  - other features:
LogInit:      CURL_VERSION_SSL
LogInit:      CURL_VERSION_IPV6
LogInit:      CURL_VERSION_ASYNCHDNS
LogInit:      CURL_VERSION_LARGEFILE
LogInit:      CURL_VERSION_IDN
LogInit:  CurlRequestOptions (configurable via config and command line):
LogInit:  - bVerifyPeer = true  - Libcurl will verify peer certificate
LogInit:  - bUseHttpProxy = false  - Libcurl will NOT use HTTP proxy
LogInit:  - bDontReuseConnections = false  - Libcurl will reuse connections
LogInit:  - CertBundlePath = nullptr  - Libcurl will use whatever was configured at build time.
LogInit: Presizing for max 8388607 objects, including 0 objects not considered by GC, pre-allocating 0 bytes for permanent pool.
LogInit: Object subsystem initialized
[2016.12.19-22.41.07:600][  0]LogInit: Selected Device Profile: [Windows]
[2016.12.19-22.41.07:600][  0]LogInit: Applying CVar settings loaded from the selected device profile: [Windows]
[2016.12.19-22.41.07:614][  0]LogInit: Computer: DESKTOP-TAF0IGL
[2016.12.19-22.41.07:614][  0]LogInit: User: tyler
[2016.12.19-22.41.07:614][  0]LogInit: CPU Page size=65536, Cores=4
[2016.12.19-22.41.07:614][  0]LogInit: High frequency timer resolution =3.312793 MHz
[2016.12.19-22.41.07:614][  0]LogMemory: Memory total: Physical=11.9GB (12GB approx)
[2016.12.19-22.41.07:614][  0]LogMemory: Platform Memory Stats for Windows
[2016.12.19-22.41.07:614][  0]LogMemory: Process Physical Memory: 190.55 MB used, 190.55 MB peak
[2016.12.19-22.41.07:614][  0]LogMemory: Process Virtual Memory: 195.27 MB used, 195.27 MB peak
[2016.12.19-22.41.07:614][  0]LogMemory: Physical Memory: 5387.33 MB used, 12223.61 MB total
[2016.12.19-22.41.07:614][  0]LogMemory: Virtual Memory: 553.60 MB used, 134217728.00 MB total
[2016.12.19-22.41.07:655][  0]LogTextLocalizationManager: No specific translations for ('en-CA') exist, so ('en') translations will be used.
[2016.12.19-22.41.08:028][  0]LogD3D11RHI: D3D11 adapters:
[2016.12.19-22.41.08:051][  0]LogD3D11RHI:    0. 'NVIDIA GeForce GTX 970' (Feature Level 11_0)
[2016.12.19-22.41.08:051][  0]LogD3D11RHI:       4059/0/6111 MB DedicatedVideo/DedicatedSystem/SharedSystem, Outputs:2, VendorId:0x10de
[2016.12.19-22.41.08:052][  0]LogD3D11RHI:    1. 'Microsoft Basic Render Driver' (Feature Level 11_0)
[2016.12.19-22.41.08:052][  0]LogD3D11RHI:       0/0/6111 MB DedicatedVideo/DedicatedSystem/SharedSystem, Outputs:0, VendorId:0x1414
[2016.12.19-22.41.08:052][  0]LogD3D11RHI: Chosen D3D11 Adapter: 0
[2016.12.19-22.41.08:056][  0]LogD3D11RHI: Creating new Direct3DDevice
[2016.12.19-22.41.08:056][  0]LogD3D11RHI:     GPU DeviceId: 0x13c2 (for the marketing name, search the web for "GPU Device Id")
[2016.12.19-22.41.08:056][  0]LogWindows: EnumDisplayDevices:
[2016.12.19-22.41.08:057][  0]LogWindows:    0. 'NVIDIA GeForce GTX 970' (P:0 D:1)
[2016.12.19-22.41.08:057][  0]LogWindows:    1. 'NVIDIA GeForce GTX 970' (P:1 D:1)
[2016.12.19-22.41.08:057][  0]LogWindows:    2. 'NVIDIA GeForce GTX 970' (P:0 D:0)
[2016.12.19-22.41.08:057][  0]LogWindows:    3. 'NVIDIA GeForce GTX 970' (P:0 D:0)
[2016.12.19-22.41.08:057][  0]LogWindows: DebugString: FoundDriverCount:4 
[2016.12.19-22.41.08:057][  0]LogD3D11RHI:     Adapter Name: NVIDIA GeForce GTX 970
[2016.12.19-22.41.08:057][  0]LogD3D11RHI:   Driver Version: 372.90 (internal:21.21.13.7290, unified:372.90)
[2016.12.19-22.41.08:057][  0]LogD3D11RHI:      Driver Date: 9-16-2016
[2016.12.19-22.41.08:057][  0]LogRHI: Texture pool is 1361 MB (70% of 1945 MB)
[2016.12.19-22.41.08:072][  0]LogD3D11RHI: Async texture creation enabled
[2016.12.19-22.41.08:082][  0]LogD3D11RHI: GPU Timing Frequency: 1000.000000 (Debug: 2 1)
[2016.12.19-22.41.08:083][  0]LogShaderCompilers: Guid format shader working directory is -11 characters bigger than the processId version (../../../../../../../Documents/Unreal Projects/Colluseum/Intermediate/Shaders/WorkingDirectory/12608/).
[2016.12.19-22.41.08:083][  0]LogShaderCompilers: Cleaned the shader compiler working directory 'C:/Users/tyler/AppData/Local/Temp/UnrealShaderWorkingDir/B6B667E348CC1AC6F60525B810E92A54/'.
[2016.12.19-22.41.08:083][  0]LogShaderCompilers:Display: Using Local Shader Compiler.
[2016.12.19-22.41.09:042][  0]LogTemp:Display: Loaded TP AllDesktopTargetPlatform
[2016.12.19-22.41.09:050][  0]LogTemp:Display: Loaded TP WindowsClientTargetPlatform
[2016.12.19-22.41.09:059][  0]LogTemp:Display: Loaded TP WindowsNoEditorTargetPlatform
[2016.12.19-22.41.09:068][  0]LogTemp:Display: Loaded TP WindowsServerTargetPlatform
[2016.12.19-22.41.09:077][  0]LogTemp:Display: Loaded TP WindowsTargetPlatform
[2016.12.19-22.41.09:085][  0]LogTemp:Display: Loaded TP AndroidTargetPlatform
[2016.12.19-22.41.09:093][  0]LogTemp:Display: Loaded TP Android_ASTCTargetPlatform
[2016.12.19-22.41.09:101][  0]LogTemp:Display: Loaded TP Android_ATCTargetPlatform
[2016.12.19-22.41.09:109][  0]LogTemp:Display: Loaded TP Android_DXTTargetPlatform
[2016.12.19-22.41.09:117][  0]LogTemp:Display: Loaded TP Android_ETC1TargetPlatform
[2016.12.19-22.41.09:126][  0]LogTemp:Display: Loaded TP Android_ETC2TargetPlatform
[2016.12.19-22.41.09:142][  0]LogTemp:Display: Loaded TP Android_MultiTargetPlatform
[2016.12.19-22.41.09:142][  0]LogTemp:Display: Loaded TP Android_PVRTCTargetPlatform
[2016.12.19-22.41.09:143][  0]LogTemp:Display: Loaded TP HTML5TargetPlatform
[2016.12.19-22.41.09:165][  0]LogTemp:Display: Loaded TP IOSTargetPlatform
[2016.12.19-22.41.09:173][  0]LogTemp:Display: Loaded TP TVOSTargetPlatform
[2016.12.19-22.41.09:181][  0]LogTemp:Display: Loaded TP LinuxNoEditorTargetPlatform
[2016.12.19-22.41.09:189][  0]LogTemp:Display: Loaded TP LinuxServerTargetPlatform
[2016.12.19-22.41.09:197][  0]LogTemp:Display: Loaded TP LinuxTargetPlatform
[2016.12.19-22.41.09:197][  0]LogTargetPlatformManager:Display: Building Assets For Windows
[2016.12.19-22.41.09:287][  0]LogDerivedDataCache:Display: Max Cache Size: 512 MB
[2016.12.19-22.41.09:331][  0]LogDerivedDataCache: Loaded boot cache 0.04s 48MB C:/Users/tyler/AppData/Local/UnrealEngine/4.12/DerivedDataCache/Boot.ddc.
[2016.12.19-22.41.09:332][  0]LogDerivedDataCache:Display: Loaded Boot cache: C:/Users/tyler/AppData/Local/UnrealEngine/4.12/DerivedDataCache/Boot.ddc
[2016.12.19-22.41.09:332][  0]LogDerivedDataCache: FDerivedDataBackendGraph:  Pak pak cache file ../../../../../../../Documents/Unreal Projects/Colluseum/DerivedDataCache/DDC.ddp not found, will not use a pak cache.
[2016.12.19-22.41.09:332][  0]LogDerivedDataCache: Unable to find inner node Pak for hierarchical cache Hierarchy.
[2016.12.19-22.41.09:332][  0]LogDerivedDataCache: FDerivedDataBackendGraph:  CompressedPak pak cache file ../../../../../../../Documents/Unreal Projects/Colluseum/DerivedDataCache/Compressed.ddp not found, will not use a pak cache.
[2016.12.19-22.41.09:332][  0]LogDerivedDataCache: Unable to find inner node CompressedPak for hierarchical cache Hierarchy.
[2016.12.19-22.41.09:348][  0]LogDerivedDataCache:Display: Pak cache opened for reading ../../../Engine/DerivedDataCache/Compressed.ddp.
[2016.12.19-22.41.09:360][  0]LogDerivedDataCache: Using Local data cache path C:/Users/tyler/AppData/Local/UnrealEngine/Common/DerivedDataCache: Writable
[2016.12.19-22.41.09:588][  0]LogInit: Selected Device Profile: [Windows]
[2016.12.19-22.41.09:588][  0]LogContentStreaming: Texture pool size is 0.00 MB
[2016.12.19-22.41.09:755][  0]LogMeshUtilities: No automatic mesh reduction module available
[2016.12.19-22.41.09:755][  0]LogMeshUtilities: No automatic mesh merging module available
[2016.12.19-22.41.09:755][  0]LogMeshUtilities: No distributed automatic mesh merging module available
[2016.12.19-22.41.10:005][  0]LogAssetRegistry: FAssetRegistry took 0.0210 seconds to start up
[2016.12.19-22.41.10:048][  0]LogPackageLocalizationCache: Processed 3 localized package path(s) for 2 prioritized culture(s) in 0.040989 seconds
[2016.12.19-22.41.10:053][  0]LogUObjectArray: 28739 objects as part of root set at end of initial load.
[2016.12.19-22.41.10:053][  0]LogUObjectAllocator: 5855624 out of 0 bytes used by permanent object pool.
[2016.12.19-22.41.10:053][  0]LogUObjectArray: CloseDisregardForGC: 0/0 objects in disregard for GC pool
[2016.12.19-22.41.10:058][  0]LogInit: WinSock: version 1.1 (2.2), MaxSocks=32767, MaxUdp=65467
[2016.12.19-22.41.10:228][  0]LogSlate: SlateFontCache - WITH_FREETYPE: 1, WITH_HARFBUZZ: 1
[2016.12.19-22.41.10:228][  0]LogSlate: SlateFontCache - WITH_FREETYPE: 1, WITH_HARFBUZZ: 1
[2016.12.19-22.41.11:109][  0]LogUdpMessaging: Initializing bridge on interface 0.0.0.0:0 to multicast group 230.0.0.1:6666.
[2016.12.19-22.41.11:356][  0]SourceControl: Info Source control is disabled
[2016.12.19-22.41.11:408][  0]SourceControl: Info Source control is disabled
[2016.12.19-22.41.11:426][  0]SourceControl: Info Source control is disabled
[2016.12.19-22.41.11:441][  0]SourceControl: Info Source control is disabled
[2016.12.19-22.41.11:770][  0]LogEngine: Initializing Engine...
[2016.12.19-22.41.11:771][  0]LogHMD: SteamVR failed to initialize.  Err: 110
[2016.12.19-22.41.11:772][  0]LogHMD: SteamVR failed to initialize.  Err: 110
[2016.12.19-22.41.11:901][  0]LogAIModule: Creating AISystem for world NewWorld
[2016.12.19-22.41.11:908][  0]LogInit: XAudio2 using 'Speakers / Headphones (IDT High Definition Audio CODEC)' : 2 channels at 48 kHz using 32 bits per sample (channel mask 0x3)
[2016.12.19-22.41.11:918][  0]LogInit: FAudioDevice initialized.
[2016.12.19-22.41.11:943][  0]LogDerivedDataCache: Saved boot cache 0.02s 48MB C:/Users/tyler/AppData/Local/UnrealEngine/4.12/DerivedDataCache/Boot.ddc.
[2016.12.19-22.41.11:951][  0]LogInit: Texture streaming: Enabled
[2016.12.19-22.41.11:973][  0]LogInit: Transaction tracking system initialized
[2016.12.19-22.41.11:991][  0]BlueprintLog: New page: Editor Load
[2016.12.19-22.41.12:062][  0]LocalizationService: Info Localization service is disabled
[2016.12.19-22.41.12:133][  0]LogConsoleResponse:Display: 
[2016.12.19-22.41.12:233][  0]LogCook:Display: Max memory allowance for cook 8192mb
[2016.12.19-22.41.12:233][  0]LogCook:Display: Mobile HDR setting 1
[2016.12.19-22.41.12:355][  0]LogFileCache: Scanning file cache for directory 'D:/Documents/Unreal Projects/Colluseum/Content/' took 0.01s
[2016.12.19-22.41.12:355][  0]SourceControl: Info Source control is disabled
[2016.12.19-22.41.12:355][  0]Cmd: MAP LOAD FILE="../../../../../../../Documents/Unreal Projects/Colluseum/Content/StarterContent/Maps/Minimal_Default.umap" TEMPLATE=0 SHOWPROGRESS=1 FEATURELEVEL=3
[2016.12.19-22.41.12:356][  0]LightingResults: New page: Lighting Build
[2016.12.19-22.41.12:358][  0]MapCheck: New page: Map Check
[2016.12.19-22.41.12:358][  0]LightingResults: New page: Lighting Build
[2016.12.19-22.41.13:000][  0]LogAIModule: Creating AISystem for world Minimal_Default
[2016.12.19-22.41.13:551][  0]LogEditorServer: Finished looking for orphan Actors (0.000 secs)
[2016.12.19-22.41.13:552][  0]Cmd: MAP CHECKDEP NOCLEARLOG
[2016.12.19-22.41.13:621][  0]MapCheck: Info Map check complete: 0 Error(s), 0 Warning(s), took 69.626ms to complete.
[2016.12.19-22.41.13:622][  0]LogFileHelpers: Loading map 'Minimal_Default' took 1.267
[2016.12.19-22.41.14:256][  0]LogCollectionManager: Loaded 0 collections in 0.001702 seconds
[2016.12.19-22.41.14:303][  0]LogFileCache: Scanning file cache for directory 'D:/Documents/Unreal Projects/Colluseum/Saved/Collections/' took 0.01s
[2016.12.19-22.41.14:303][  0]LogFileCache: Scanning file cache for directory 'D:/Documents/Unreal Projects/Colluseum/Content/Developers/tyler/Collections/' took 0.01s
[2016.12.19-22.41.14:303][  0]LogFileCache: Scanning file cache for directory 'D:/Documents/Unreal Projects/Colluseum/Content/Collections/' took 0.01s
[2016.12.19-22.41.14:303][  0]LogCollectionManager: Rebuilt the GUID cache for 0 collections in 0.000004 seconds
[2016.12.19-22.41.14:311][  0]LogContentBrowser: Native class hierarchy populated in 0.0084 seconds. Added 2047 classes and 369 folders.
[2016.12.19-22.41.14:315][  0]LogStats: UGameplayTagsManager::ConstructGameplayTagTree: Construct from data asset -  0.000 s
[2016.12.19-22.41.14:315][  0]LogStats: UGameplayTagsManager::ConstructGameplayTagTree: GameplayTagTreeChangedEvent.Broadcast -  0.000 s
[2016.12.19-22.41.14:316][  0]LogContentBrowser: Native class hierarchy updated for 'GameplayTags' in 0.0008 seconds. Added 12 classes and 0 folders.
[2016.12.19-22.41.14:320][  0]LogContentBrowser: Native class hierarchy updated for 'WidgetCarousel' in 0.0006 seconds. Added 0 classes and 0 folders.
[2016.12.19-22.41.14:403][  0]LogContentBrowser: Native class hierarchy updated for 'AddContentDialog' in 0.0006 seconds. Added 0 classes and 0 folders.
[2016.12.19-22.41.14:407][  0]LogContentBrowser: Native class hierarchy updated for 'SceneOutliner' in 0.0006 seconds. Added 1 classes and 2 folders.
[2016.12.19-22.41.14:477][  0]LogCrashTracker: Crashtracker disabled due to settings.
[2016.12.19-22.41.14:482][  0]LogUObjectGlobals:Warning: Failed to find object 'Class None.'
[2016.12.19-22.41.14:508][  0]LogContentBrowser: Native class hierarchy updated for 'HierarchicalLODOutliner' in 0.0006 seconds. Added 1 classes and 2 folders.
[2016.12.19-22.41.14:508][  0]LogLoad: Full Startup: 7.79 seconds (BP compile: 0.01 seconds)
[2016.12.19-22.41.14:508][  0]LogExternalProfiler: Found external profiler: VSPerf
[2016.12.19-22.41.14:508][  0]LogExternalProfiler: Using external profiler: VSPerf
[2016.12.19-22.41.14:518][  0]LogWindowsTextInputMethodSystem:Display: IME system now deactivated.
[2016.12.19-22.41.14:518][  0]LogOcInput: OculusInput pre-init called
[2016.12.19-22.41.14:542][  0]LogContentStreaming: Texture pool size now 1000 MB
[2016.12.19-22.41.14:704][  0]LogRenderer: Reallocating scene render targets to support 1056x512 (Frame:2).
[2016.12.19-22.41.14:783][  1]Cmd: UpdateLandscapeEditorData -warnings
[2016.12.19-22.41.14:807][  1]LogAssetRegistry: Asset discovery search completed in 4.8237 seconds
[2016.12.19-22.41.14:807][  1]LogCollectionManager: Rebuilt the object cache for 0 collections in 0.000001 seconds (found 0 objects)
[2016.12.19-22.41.14:807][  1]LogCollectionManager: Fixed up redirectors for 0 collections in 0.000024 seconds (updated 0 objects)
[2016.12.19-22.41.24:603][141]LogEditorViewport: Clicking on Actor (LMB): AtmosphericFog (AtmosphericFog2)
[2016.12.19-22.41.25:433][225]Cmd: DELETE
[2016.12.19-22.41.25:433][225]Cmd: ACTOR DELETE
[2016.12.19-22.41.25:466][225]LogEditorActor: Deleted Actor: AtmosphericFog
[2016.12.19-22.41.25:515][225]LogEditorActor: Deleted 1 Actors (0.072 secs)
[2016.12.19-22.41.27:778][496]LogEditorViewport: Clicking on Actor (LMB): ExponentialHeightFog (ExponentialHeightFog)
[2016.12.19-22.41.29:487][693]Cmd: DELETE
[2016.12.19-22.41.29:487][693]Cmd: ACTOR DELETE
[2016.12.19-22.41.29:498][693]LogEditorActor: Deleted Actor: ExponentialHeightFog
[2016.12.19-22.41.29:507][693]LogEditorActor: Deleted 1 Actors (0.020 secs)
[2016.12.19-22.42.09:286][256]LogEditorViewport: Clicking on Actor (LMB): StaticMeshActor (colusseumfloor3)
[2016.12.19-22.42.43:874][210]Cmd: TRANSACTION UNDO
[2016.12.19-22.42.43:874][210]LogEditorTransaction: Undo Move Actors
[2016.12.19-22.42.44:241][231]Cmd: TRANSACTION UNDO
[2016.12.19-22.42.44:241][231]LogEditorTransaction: Undo Move Actors
[2016.12.19-22.42.44:723][283]Cmd: TRANSACTION UNDO
[2016.12.19-22.42.44:723][283]LogEditorTransaction: Undo Move Actors
[2016.12.19-22.42.45:105][328]Cmd: TRANSACTION UNDO
[2016.12.19-22.42.45:105][328]LogEditorTransaction: Undo Move Actors
[2016.12.19-22.42.45:483][372]Cmd: TRANSACTION UNDO
[2016.12.19-22.42.45:483][372]LogEditorTransaction: Undo Move Actors
[2016.12.19-22.42.45:876][417]Cmd: TRANSACTION UNDO
[2016.12.19-22.42.45:876][417]LogEditorTransaction: Undo Move Actors
[2016.12.19-22.43.00:151][ 72]LogEditorViewport: Clicking on Actor (LMB): StaticMeshActor (colusseumfloor2)
[2016.12.19-22.43.06:696][831]LogEditorViewport: Clicking on Actor (LMB): StaticMeshActor (colusseumfloor3)
[2016.12.19-22.44.04:479][656]LogEditorViewport: Clicking Background
[2016.12.19-22.44.28:626][527]LogEditorViewport: Clicking on Actor (LMB): StaticMeshActor (Cube5)
[2016.12.19-22.44.49:199][857]Cmd: TRANSACTION UNDO
[2016.12.19-22.44.49:199][857]LogEditorTransaction: Undo Move Actors
[2016.12.19-22.44.59:530][ 51]LogEditorViewport: Clicking on Actor (LMB): StaticMeshActor (colusseumfloor3)
[2016.12.19-22.45.00:461][156]LogEditorViewport: Clicking on Actor (LMB): StaticMeshActor (Cube5)
[2016.12.19-22.45.01:851][310]LogEditorViewport: Clicking on Actor (context menu): StaticMeshActor (colusseumfloor2)
[2016.12.19-22.45.02:900][422]LogEditorViewport: Clicking on Actor (LMB): StaticMeshActor (colusseumfloor3)
[2016.12.19-22.45.09:555][187]LogEditorViewport: Clicking on Actor (LMB): StaticMeshActor (Cube5)
[2016.12.19-22.45.17:570][115]LogEditorViewport: Clicking on Actor (LMB): StaticMeshActor (Cube5)
[2016.12.19-22.45.22:436][539]LogEditorViewport: Clicking Background
[2016.12.19-22.45.35:648][ 80]LogEditorViewport: Clicking on Actor (LMB): StaticMeshActor (Cube6)
[2016.12.19-22.45.48:664][518]LogEditorViewport: Clicking on Actor (LMB): Landscape (Landscape)
[2016.12.19-22.45.53:708][ 66]LogEditorViewport: Clicking on Actor (LMB): StaticMeshActor (Cube7)
[2016.12.19-22.46.06:431][509]LogEditorViewport: Clicking on Actor (LMB): Landscape (Landscape)
[2016.12.19-22.46.11:811][105]LogEditorViewport: Clicking on Actor (LMB): StaticMeshActor (Cube7)
[2016.12.19-22.46.15:666][527]LogEditorViewport: Clicking on Actor (context menu): StaticMeshActor (ring)
[2016.12.19-22.46.16:020][559]LogEditorViewport: Clicking on Actor (LMB): StaticMeshActor (ring)
[2016.12.19-22.46.24:671][531]LogEditorViewport: Clicking on Actor (LMB): StaticMeshActor (Cube2)
[2016.12.19-22.46.37:530][978]LogEditorViewport: Clicking Background
[2016.12.19-22.46.42:732][590]LogEditorViewport: Clicking on Actor (LMB): StaticMeshActor (Cube)
[2016.12.19-22.46.49:864][379]LogEditorViewport: Clicking Background
[2016.12.19-22.46.56:344][144]LogEditorViewport: Clicking on Actor (LMB): StaticMeshActor (Cube3)
[2016.12.19-22.47.03:614][955]LogEditorViewport: Clicking on Actor (LMB): Landscape (Landscape)
[2016.12.19-22.47.10:083][685]LogEditorViewport: Clicking on Actor (LMB): StaticMeshActor (colusseumfloor3)
[2016.12.19-22.47.10:607][741]LogEditorViewport: Clicking on Actor (LMB): StaticMeshActor (Cube4)
[2016.12.19-22.47.19:526][737]LogEditorViewport: Clicking on Actor (LMB): Landscape (Landscape)
[2016.12.19-22.47.35:429][516]LogEditorViewport: Clicking on Actor (LMB): StaticMeshActor (Cube6)
[2016.12.19-22.51.20:007][101]LogSavePackage: Save=4691.81ms
[2016.12.19-22.51.20:007][101]LogSavePackage: Moving '../../../../../../../Documents/Unreal Projects/Colluseum/Saved/Minimal_Default_Auto1A45149984E0C82AA65E436BE40FBCA7B.tmp' to '../../../../../../../Documents/Unreal Projects/Colluseum/Saved/Autosaves/Game/StarterContent/Maps/Minimal_Default_Auto1.umap'
[2016.12.19-22.51.20:034][101]LogSavePackage:Display: Finished SavePackage ../../../../../../../Documents/Unreal Projects/Colluseum/Saved/Autosaves/Game/StarterContent/Maps/Minimal_Default_Auto1.umap
[2016.12.19-22.51.20:059][101]LogFileHelpers: Editor autosave (incl. sublevels) for '/Game/StarterContent/Maps/Minimal_Default' took 4.864
[2016.12.19-22.51.20:059][101]LogFileHelpers: Editor autosave (incl. sublevels) for all levels took 4.864
[2016.12.19-23.04.00:379][249]Cmd: QUIT_EDITOR
[2016.12.19-23.04.00:421][249]LogWindowsTextInputMethodSystem:Display: IME system now deactivated.
[2016.12.19-23.04.00:449][249]LogExit: Preparing to exit.
[2016.12.19-23.04.01:631][249]LogActorComponent: UnregisterComponent: (None.None) Not registered. Aborting.
[2016.12.19-23.04.01:631][249]LogActorComponent: UnregisterComponent: (None.None) Not registered. Aborting.
[2016.12.19-23.04.01:631][249]LogActorComponent: UnregisterComponent: (None.None) Not registered. Aborting.
[2016.12.19-23.04.01:631][249]LogActorComponent: UnregisterComponent: (None.None) Not registered. Aborting.
[2016.12.19-23.04.01:631][249]LogActorComponent: UnregisterComponent: (None.None) Not registered. Aborting.
[2016.12.19-23.04.01:631][249]LogActorComponent: UnregisterComponent: (None.None) Not registered. Aborting.
[2016.12.19-23.04.01:663][249]LogExit: Editor shut down
[2016.12.19-23.04.01:663][249]LogExit: Transaction tracking system shut down
[2016.12.19-23.04.01:810][249]LogObj: Freed 0b from 0 cluster array pools.
[2016.12.19-23.04.01:810][249]LogExit: Object subsystem successfully closed.
[2016.12.19-23.04.01:839][249]LogD3D11RHI: Shutdown
[2016.12.19-23.04.01:839][249]LogD3D11RHI: CleanupD3DDevice
[2016.12.19-23.04.01:917][249]LogD3D11RHI: ~FD3D11DynamicRHI
[2016.12.19-23.04.01:943][249]LogModuleManager: Shutting down and abandoning module HierarchicalLODUtilities (214)
[2016.12.19-23.04.01:945][249]LogModuleManager: Shutting down and abandoning module HierarchicalLODOutliner (213)
[2016.12.19-23.04.01:945][249]LogModuleManager: Shutting down and abandoning module CrashTracker (212)
[2016.12.19-23.04.01:945][249]LogModuleManager: Shutting down and abandoning module SceneOutliner (211)
[2016.12.19-23.04.01:945][249]LogModuleManager: Shutting down and abandoning module WidgetCarousel (210)
[2016.12.19-23.04.01:945][249]LogModuleManager: Shutting down and abandoning module AddContentDialog (209)
[2016.12.19-23.04.01:946][249]LogModuleManager: Shutting down and abandoning module GameplayTags (208)
[2016.12.19-23.04.01:946][249]LogModuleManager: Shutting down and abandoning module EditorWidgets (207)
[2016.12.19-23.04.01:946][249]LogModuleManager: Shutting down and abandoning module CollectionManager (206)
[2016.12.19-23.04.01:946][249]LogModuleManager: Shutting down and abandoning module StatsViewer (205)
[2016.12.19-23.04.01:946][249]LogModuleManager: Shutting down and abandoning module FoliageEdit (204)
[2016.12.19-23.04.01:946][249]LogModuleManager: Shutting down and abandoning module LandscapeEditor (203)
[2016.12.19-23.04.01:946][249]LogModuleManager: Shutting down and abandoning module SceneDepthPickerMode (202)
[2016.12.19-23.04.01:946][249]LogModuleManager: Shutting down and abandoning module ActorPickerMode (201)
[2016.12.19-23.04.01:946][249]LogModuleManager: Shutting down and abandoning module GeometryMode (200)
[2016.12.19-23.04.01:946][249]LogModuleManager: Shutting down and abandoning module TextureAlignMode (199)
[2016.12.19-23.04.01:946][249]LogModuleManager: Shutting down and abandoning module BspMode (198)
[2016.12.19-23.04.01:946][249]LogModuleManager: Shutting down and abandoning module HardwareSurvey (197)
[2016.12.19-23.04.01:946][249]LogModuleManager: Shutting down and abandoning module SequenceRecorderSections (196)
[2016.12.19-23.04.01:946][249]LogModuleManager: Shutting down and abandoning module SequenceRecorder (195)
[2016.12.19-23.04.01:946][249]LogModuleManager: Shutting down and abandoning module AutomationWorker (194)
[2016.12.19-23.04.01:946][249]LogModuleManager: Shutting down and abandoning module MatineeToLevelSequence (193)
[2016.12.19-23.04.01:946][249]LogModuleManager: Shutting down and abandoning module PlacementMode (192)
[2016.12.19-23.04.01:946][249]LogModuleManager: Shutting down and abandoning module LevelSequenceEditor (191)
[2016.12.19-23.04.01:946][249]LogModuleManager: Shutting down and abandoning module CharacterAI (190)
[2016.12.19-23.04.01:946][249]LogModuleManager: Shutting down and abandoning module SmartSnapping (189)
[2016.12.19-23.04.01:946][249]LogModuleManager: Shutting down and abandoning module SessionServices (188)
[2016.12.19-23.04.01:946][249]LogModuleManager: Shutting down and abandoning module ViewportSnapping (187)
[2016.12.19-23.04.01:946][249]LogModuleManager: Shutting down and abandoning module LogVisualizer (186)
[2016.12.19-23.04.01:946][249]LogModuleManager: Shutting down and abandoning module GameProjectGeneration (185)
[2016.12.19-23.04.01:946][249]LogModuleManager: Shutting down and abandoning module IntroTutorials (184)
[2016.12.19-23.04.01:946][249]LogModuleManager: Shutting down and abandoning module EditorLiveStreaming (183)
[2016.12.19-23.04.01:946][249]LogModuleManager: Shutting down and abandoning module IOSPlatformEditor (182)
[2016.12.19-23.04.01:946][249]LogModuleManager: Shutting down and abandoning module HTML5PlatformEditor (181)
[2016.12.19-23.04.01:946][249]LogModuleManager: Shutting down and abandoning module AndroidDeviceDetection (180)
[2016.12.19-23.04.02:528][249]LogModuleManager: Shutting down and abandoning module AndroidPlatformEditor (179)
[2016.12.19-23.04.02:528][249]LogModuleManager: Shutting down and abandoning module IOSRuntimeSettings (178)
[2016.12.19-23.04.02:528][249]LogModuleManager: Shutting down and abandoning module AndroidRuntimeSettings (177)
[2016.12.19-23.04.02:528][249]LogModuleManager: Shutting down and abandoning module MergeActors (176)
[2016.12.19-23.04.02:528][249]LogModuleManager: Shutting down and abandoning module SizeMap (175)
[2016.12.19-23.04.02:528][249]LogModuleManager: Shutting down and abandoning module TreeMap (174)
[2016.12.19-23.04.02:529][249]LogModuleManager: Shutting down and abandoning module ReferenceViewer (173)
[2016.12.19-23.04.02:529][249]LogModuleManager: Shutting down and abandoning module LocalizationService (172)
[2016.12.19-23.04.02:529][249]LogModuleManager: Shutting down and abandoning module LocalizationDashboard (171)
[2016.12.19-23.04.02:529][249]LogModuleManager: Shutting down and abandoning module HardwareTargeting (170)
[2016.12.19-23.04.02:529][249]LogModuleManager: Shutting down and abandoning module DeviceProfileEditor (169)
[2016.12.19-23.04.02:529][249]LogModuleManager: Shutting down and abandoning module UndoHistory (168)
[2016.12.19-23.04.02:529][249]LogModuleManager: Shutting down and abandoning module UserFeedback (167)
[2016.12.19-23.04.02:529][249]LogModuleManager: Shutting down and abandoning module XmlParser (166)
[2016.12.19-23.04.02:529][249]LogModuleManager: Shutting down and abandoning module Blutility (165)
[2016.12.19-23.04.02:529][249]LogModuleManager: Shutting down and abandoning module ProjectTargetPlatformEditor (164)
[2016.12.19-23.04.02:529][249]LogModuleManager: Shutting down and abandoning module ProjectSettingsViewer (163)
[2016.12.19-23.04.02:529][249]LogModuleManager: Shutting down and abandoning module InputBindingEditor (162)
[2016.12.19-23.04.02:529][249]LogModuleManager: Shutting down and abandoning module EditorSettingsViewer (161)
[2016.12.19-23.04.02:529][249]LogModuleManager: Shutting down and abandoning module SettingsEditor (160)
[2016.12.19-23.04.02:529][249]LogModuleManager: Shutting down and abandoning module ProjectLauncher (159)
[2016.12.19-23.04.02:529][249]LogModuleManager: Shutting down and abandoning module SessionFrontend (158)
[2016.12.19-23.04.02:530][249]LogModuleManager: Shutting down and abandoning module ProfilerClient (157)
[2016.12.19-23.04.02:530][249]LogModuleManager: Shutting down and abandoning module TargetDeviceServices (156)
[2016.12.19-23.04.02:530][249]LogModuleManager: Shutting down and abandoning module DeviceManager (155)
[2016.12.19-23.04.02:571][249]LogModuleManager: Shutting down and abandoning module AutomationController (154)
[2016.12.19-23.04.02:571][249]LogModuleManager: Shutting down and abandoning module AutomationWindow (153)
[2016.12.19-23.04.02:571][249]LogModuleManager: Shutting down and abandoning module Layers (152)
[2016.12.19-23.04.02:571][249]LogModuleManager: Shutting down and abandoning module ComponentVisualizers (151)
[2016.12.19-23.04.02:571][249]LogModuleManager: Shutting down and abandoning module DetailCustomizations (150)
[2016.12.19-23.04.02:571][249]LogModuleManager: Shutting down and abandoning module PackagesDialog (149)
[2016.12.19-23.04.02:572][249]LogModuleManager: Shutting down and abandoning module Persona (148)
[2016.12.19-23.04.02:572][249]LogModuleManager: Shutting down and abandoning module Kismet (147)
[2016.12.19-23.04.02:572][249]LogModuleManager: Shutting down and abandoning module GraphEditor (146)
[2016.12.19-23.04.02:572][249]LogModuleManager: Shutting down and abandoning module ClassViewer (145)
[2016.12.19-23.04.02:572][249]LogModuleManager: Shutting down and abandoning module Toolbox (144)
[2016.12.19-23.04.02:572][249]LogModuleManager: Shutting down and abandoning module ModuleUI (143)
[2016.12.19-23.04.02:572][249]LogModuleManager: Shutting down and abandoning module MovieSceneTools (142)
[2016.12.19-23.04.02:572][249]LogModuleManager: Shutting down and abandoning module OutputLog (141)
[2016.12.19-23.04.02:572][249]LogModuleManager: Shutting down and abandoning module GammaUI (140)
[2016.12.19-23.04.02:572][249]LogModuleManager: Shutting down and abandoning module Documentation (139)
[2016.12.19-23.04.02:572][249]LogModuleManager: Shutting down and abandoning module StreamingPauseRendering (138)
[2016.12.19-23.04.02:572][249]LogModuleManager: Shutting down and abandoning module AnalyticsET (137)
[2016.12.19-23.04.02:572][249]LogModuleManager: Shutting down and abandoning module Analytics (136)
[2016.12.19-23.04.02:572][249]LogModuleManager: Shutting down and abandoning module PortalServices (135)
[2016.12.19-23.04.02:572][249]LogModuleManager: Shutting down and abandoning module PortalRpc (134)
[2016.12.19-23.04.02:572][249]LogModuleManager: Shutting down and abandoning module MessagingRpc (133)
[2016.12.19-23.04.02:572][249]LogModuleManager: Shutting down and abandoning module GameplayDebugger (132)
[2016.12.19-23.04.02:572][249]LogModuleManager: Shutting down and abandoning module AITestSuite (131)
[2016.12.19-23.04.02:572][249]LogModuleManager: Shutting down and abandoning module AIModule (130)
[2016.12.19-23.04.02:572][249]LogModuleManager: Shutting down and abandoning module ProfilerService (129)
[2016.12.19-23.04.02:715][249]LogModuleManager: Shutting down and abandoning module TaskGraph (128)
[2016.12.19-23.04.02:715][249]LogModuleManager: Shutting down and abandoning module SlateRemote (127)
[2016.12.19-23.04.02:715][249]LogModuleManager: Shutting down and abandoning module SteamVRController (126)
[2016.12.19-23.04.02:715][249]LogModuleManager: Shutting down and abandoning module SteamVR (125)
[2016.12.19-23.04.02:715][249]LogModuleManager: Shutting down and abandoning module ProceduralMeshComponent (124)
[2016.12.19-23.04.02:716][249]LogModuleManager: Shutting down and abandoning module OculusLibrary (123)
[2016.12.19-23.04.02:716][249]LogModuleManager: Shutting down and abandoning module OculusInput (122)
[2016.12.19-23.04.02:716][249]LogModuleManager: Shutting down and abandoning module CustomMeshComponent (121)
[2016.12.19-23.04.02:716][249]LogModuleManager: Shutting down and abandoning module CableComponent (120)
[2016.12.19-23.04.02:716][249]LogModuleManager: Shutting down and abandoning module ArchVisCharacter (119)
[2016.12.19-23.04.02:716][249]LogModuleManager: Shutting down and abandoning module MediaPlayerEditor (118)
[2016.12.19-23.04.02:716][249]LogModuleManager: Shutting down and abandoning module HTML5Networking (117)
[2016.12.19-23.04.02:716][249]LogModuleManager: Shutting down and abandoning module SuperSearch (116)
[2016.12.19-23.04.02:716][249]LogModuleManager: Shutting down and abandoning module SuperSearchEditor (115)
[2016.12.19-23.04.02:716][249]LogModuleManager: Shutting down and abandoning module SpeedTreeImporter (114)
[2016.12.19-23.04.02:716][249]LogModuleManager: Shutting down and abandoning module PluginBrowser (113)
[2016.12.19-23.04.02:716][249]LogModuleManager: Shutting down and abandoning module EpicSurvey (112)
[2016.12.19-23.04.02:716][249]LogModuleManager: Shutting down and abandoning module DesktopPlatform (111)
[2016.12.19-23.04.02:716][249]LogModuleManager: Shutting down and abandoning module VisualStudioSourceCodeAccess (110)
[2016.12.19-23.04.02:716][249]LogModuleManager: Shutting down and abandoning module UObjectPlugin (109)
[2016.12.19-23.04.02:716][249]LogModuleManager: Shutting down and abandoning module SubversionSourceControl (108)
[2016.12.19-23.04.02:716][249]LogModuleManager: Shutting down and abandoning module PerforceSourceControl (107)
[2016.12.19-23.04.02:716][249]LogModuleManager: Shutting down and abandoning module SourceControl (106)
[2016.12.19-23.04.02:716][249]LogModuleManager: Shutting down and abandoning module GitSourceControl (105)
[2016.12.19-23.04.02:716][249]LogModuleManager: Shutting down and abandoning module LightPropagationVolumeEditor (104)
[2016.12.19-23.04.02:716][249]LogModuleManager: Shutting down and abandoning module PaperTiledImporter (103)
[2016.12.19-23.04.02:716][249]LogModuleManager: Shutting down and abandoning module PaperSpriteSheetImporter (102)
[2016.12.19-23.04.02:717][249]LogModuleManager: Shutting down and abandoning module MeshPaint (101)
[2016.12.19-23.04.02:717][249]LogModuleManager: Shutting down and abandoning module PixelInspectorModule (100)
[2016.12.19-23.04.02:717][249]LogModuleManager: Shutting down and abandoning module HotReload (99)
[2016.12.19-23.04.02:718][249]LogModuleManager: Shutting down and abandoning module MainFrame (98)
[2016.12.19-23.04.02:718][249]LogModuleManager: Shutting down and abandoning module LevelEditor (97)
[2016.12.19-23.04.02:719][249]LogModuleManager: Shutting down and abandoning module ContentBrowser (96)
[2016.12.19-23.04.02:721][249]LogModuleManager: Shutting down and abandoning module Paper2DEditor (95)
[2016.12.19-23.04.02:721][249]LogModuleManager: Shutting down and abandoning module UdpMessaging (94)
[2016.12.19-23.04.02:822][249]LogModuleManager: Shutting down and abandoning module LightPropagationVolumeRuntime (93)
[2016.12.19-23.04.02:822][249]LogModuleManager: Shutting down and abandoning module Paper2D (92)
[2016.12.19-23.04.02:822][249]LogModuleManager: Shutting down and abandoning module WindowsMoviePlayer (91)
[2016.12.19-23.04.02:822][249]LogModuleManager: Shutting down and abandoning module Media (90)
[2016.12.19-23.04.02:822][249]LogModuleManager: Shutting down and abandoning module WmfMedia (89)
[2016.12.19-23.04.02:823][249]LogModuleManager: Shutting down and abandoning module MediaAssets (88)
[2016.12.19-23.04.02:823][249]LogModuleManager: Shutting down and abandoning module GameLiveStreaming (87)
[2016.12.19-23.04.02:823][249]LogModuleManager: Shutting down and abandoning module GameplayTagsEditor (86)
[2016.12.19-23.04.02:823][249]LogModuleManager: Shutting down and abandoning module OnlineBlueprintSupport (85)
[2016.12.19-23.04.02:823][249]LogModuleManager: Shutting down and abandoning module VREditor (84)
[2016.12.19-23.04.02:823][249]LogModuleManager: Shutting down and abandoning module GameplayTasksEditor (83)
[2016.12.19-23.04.02:823][249]LogModuleManager: Shutting down and abandoning module PropertyEditor (82)
[2016.12.19-23.04.02:823][249]LogModuleManager: Shutting down and abandoning module BehaviorTreeEditor (81)
[2016.12.19-23.04.02:823][249]LogModuleManager: Shutting down and abandoning module FunctionalTesting (80)
[2016.12.19-23.04.02:823][249]LogModuleManager: Shutting down and abandoning module CollisionAnalyzer (79)
[2016.12.19-23.04.02:823][249]LogModuleManager: Shutting down and abandoning module Sequencer (78)
[2016.12.19-23.04.02:823][249]LogModuleManager: Shutting down and abandoning module WorkspaceMenuStructure (77)
[2016.12.19-23.04.02:823][249]LogModuleManager: Shutting down and abandoning module MessageLog (76)
[2016.12.19-23.04.02:823][249]LogModuleManager: Shutting down and abandoning module AssetTools (75)
[2016.12.19-23.04.02:823][249]LogModuleManager: Shutting down and abandoning module UMGEditor (74)
[2016.12.19-23.04.02:823][249]LogModuleManager: Shutting down and abandoning module UMG (73)
[2016.12.19-23.04.02:823][249]LogModuleManager: Shutting down and abandoning module SlateReflector (72)
[2016.12.19-23.04.02:823][249]LogModuleManager: Shutting down and abandoning module Slate (71)
[2016.12.19-23.04.02:823][249]LogModuleManager: Shutting down and abandoning module EditorStyle (70)
[2016.12.19-23.04.02:827][249]LogModuleManager: Shutting down and abandoning module SourceCodeAccess (69)
[2016.12.19-23.04.02:827][249]LogModuleManager: Shutting down and abandoning module HeadMountedDisplay (68)
[2016.12.19-23.04.02:827][249]LogModuleManager: Shutting down and abandoning module XAudio2 (67)
[2016.12.19-23.04.02:828][249]LogModuleManager: Shutting down and abandoning module Networking (65)
[2016.12.19-23.04.02:828][249]LogModuleManager: Shutting down and abandoning module Core (64)
[2016.12.19-23.04.02:828][249]LogModuleManager: Shutting down and abandoning module DirectoryWatcher (63)
[2016.12.19-23.04.02:829][249]LogModuleManager: Shutting down and abandoning module AssetRegistry (62)
[2016.12.19-23.04.02:940][249]LogModuleManager: Shutting down and abandoning module KismetCompiler (61)
[2016.12.19-23.04.02:940][249]LogModuleManager: Shutting down and abandoning module PhysXFormats (60)
[2016.12.19-23.04.02:940][249]LogModuleManager: Shutting down and abandoning module MeshUtilities (59)
[2016.12.19-23.04.02:940][249]LogModuleManager: Shutting down and abandoning module DerivedDataCache (58)
[2016.12.19-23.04.02:990][249]LogDerivedDataCache: Shutdown
[2016.12.19-23.04.02:990][249]LogModuleManager: Shutting down and abandoning module VulkanShaderFormat (57)
[2016.12.19-23.04.02:990][249]LogModuleManager: Shutting down and abandoning module ShaderFormatOpenGL (56)
[2016.12.19-23.04.02:990][249]LogModuleManager: Shutting down and abandoning module ShaderFormatD3D (55)
[2016.12.19-23.04.02:990][249]LogModuleManager: Shutting down and abandoning module MetalShaderFormat (54)
[2016.12.19-23.04.02:990][249]LogModuleManager: Shutting down and abandoning module TextureFormatUncompressed (53)
[2016.12.19-23.04.02:990][249]LogModuleManager: Shutting down and abandoning module TextureFormatPVR (52)
[2016.12.19-23.04.02:990][249]LogModuleManager: Shutting down and abandoning module TextureFormatIntelISPCTexComp (51)
[2016.12.19-23.04.02:991][249]LogModuleManager: Shutting down and abandoning module TextureFormatDXT (50)
[2016.12.19-23.04.02:991][249]LogModuleManager: Shutting down and abandoning module ImageWrapper (49)
[2016.12.19-23.04.02:991][249]LogModuleManager: Shutting down and abandoning module TextureFormatASTC (48)
[2016.12.19-23.04.02:991][249]LogModuleManager: Shutting down and abandoning module TextureFormatAndroid (47)
[2016.12.19-23.04.02:991][249]LogModuleManager: Shutting down and abandoning module AudioFormatOpus (46)
[2016.12.19-23.04.02:991][249]LogModuleManager: Shutting down and abandoning module AudioFormatOgg (45)
[2016.12.19-23.04.02:991][249]LogModuleManager: Shutting down and abandoning module AudioFormatADPCM (44)
[2016.12.19-23.04.02:991][249]LogModuleManager: Shutting down and abandoning module LinuxTargetPlatform (43)
[2016.12.19-23.04.02:991][249]LogModuleManager: Shutting down and abandoning module LinuxServerTargetPlatform (42)
[2016.12.19-23.04.02:991][249]LogModuleManager: Shutting down and abandoning module LinuxNoEditorTargetPlatform (41)
[2016.12.19-23.04.02:991][249]LogModuleManager: Shutting down and abandoning module TVOSTargetPlatform (40)
[2016.12.19-23.04.02:991][249]LogModuleManager: Shutting down and abandoning module Messaging (39)
[2016.12.19-23.04.02:991][249]LogModuleManager: Shutting down and abandoning module IOSTargetPlatform (38)
[2016.12.19-23.04.02:991][249]LogModuleManager: Shutting down and abandoning module HTML5TargetPlatform (37)
[2016.12.19-23.04.02:991][249]LogModuleManager: Shutting down and abandoning module Android_PVRTCTargetPlatform (36)
[2016.12.19-23.04.02:991][249]LogModuleManager: Shutting down and abandoning module Android_MultiTargetPlatform (35)
[2016.12.19-23.04.02:991][249]LogModuleManager: Shutting down and abandoning module Android_ETC2TargetPlatform (34)
[2016.12.19-23.04.02:991][249]LogModuleManager: Shutting down and abandoning module Android_ETC1TargetPlatform (33)
[2016.12.19-23.04.02:991][249]LogModuleManager: Shutting down and abandoning module Android_DXTTargetPlatform (32)
[2016.12.19-23.04.02:991][249]LogModuleManager: Shutting down and abandoning module Android_ATCTargetPlatform (31)
[2016.12.19-23.04.02:991][249]LogModuleManager: Shutting down and abandoning module Android_ASTCTargetPlatform (30)
[2016.12.19-23.04.02:991][249]LogModuleManager: Shutting down and abandoning module AndroidTargetPlatform (29)
[2016.12.19-23.04.02:991][249]LogModuleManager: Shutting down and abandoning module WindowsTargetPlatform (28)
[2016.12.19-23.04.02:991][249]LogModuleManager: Shutting down and abandoning module WindowsServerTargetPlatform (27)
[2016.12.19-23.04.02:991][249]LogModuleManager: Shutting down and abandoning module WindowsNoEditorTargetPlatform (26)
[2016.12.19-23.04.02:991][249]LogModuleManager: Shutting down and abandoning module WindowsClientTargetPlatform (25)
[2016.12.19-23.04.02:991][249]LogModuleManager: Shutting down and abandoning module AllDesktopTargetPlatform (24)
[2016.12.19-23.04.02:991][249]LogModuleManager: Shutting down and abandoning module TargetPlatform (23)
[2016.12.19-23.04.02:991][249]LogModuleManager: Shutting down and abandoning module InputCore (22)
[2016.12.19-23.04.02:991][249]LogModuleManager: Shutting down and abandoning module Settings (21)
[2016.12.19-23.04.02:991][249]LogModuleManager: Shutting down and abandoning module OnlineSubsystem (19)
[2016.12.19-23.04.02:991][249]LogModuleManager: Shutting down and abandoning module HTTP (18)
[2016.12.19-23.04.07:501][249]LogModuleManager: Shutting down and abandoning module XMPP (17)
[2016.12.19-23.04.07:501][249]LogModuleManager: Shutting down and abandoning module OculusRift (16)
[2016.12.19-23.04.07:501][249]LogModuleManager: Shutting down and abandoning module ExampleDeviceProfileSelector (15)
[2016.12.19-23.04.07:501][249]LogModuleManager: Shutting down and abandoning module TextureCompressor (14)
[2016.12.19-23.04.07:501][249]LogModuleManager: Shutting down and abandoning module ShaderCore (13)
[2016.12.19-23.04.07:501][249]LogModuleManager: Shutting down and abandoning module Landscape (12)
[2016.12.19-23.04.07:501][249]LogModuleManager: Shutting down and abandoning module SlateRHIRenderer (11)
[2016.12.19-23.04.07:503][249]LogModuleManager: Shutting down and abandoning module OpenGLDrv (10)
[2016.12.19-23.04.07:503][249]LogModuleManager: Shutting down and abandoning module D3D11RHI (9)
[2016.12.19-23.04.07:503][249]LogModuleManager: Shutting down and abandoning module AnimGraphRuntime (8)
[2016.12.19-23.04.07:503][249]LogModuleManager: Shutting down and abandoning module Renderer (7)
[2016.12.19-23.04.07:503][249]LogModuleManager: Shutting down and abandoning module Engine (6)
[2016.12.19-23.04.07:503][249]LogModuleManager: Shutting down and abandoning module CoreUObject (5)
[2016.12.19-23.04.07:503][249]LogModuleManager: Shutting down and abandoning module NetworkFile (4)
[2016.12.19-23.04.07:503][249]LogModuleManager: Shutting down and abandoning module StreamingFile (3)
[2016.12.19-23.04.07:503][249]LogModuleManager: Shutting down and abandoning module SandboxFile (2)
[2016.12.19-23.04.07:503][249]LogModuleManager: Shutting down and abandoning module PakFile (1)
[2016.12.19-23.04.07:506][249]LogExit: Exiting.
[2016.12.19-23.04.07:508][249]Log file closed, 12/19/16 15:04:07
