Log file open, 12/19/16 22:43:33
LogInit:Display: Running engine for game: Colluseum
LogPlatformFile: Not using cached read wrapper
LogInit:Display: RandInit(-411909130) SRandInit(-411909128).
LogTaskGraph: Started task graph with 4 named threads and 7 total threads with 1 sets of task threads.
LogStats: Stats thread started at 0.073021
LogInit: Version: 4.12.5-3039270+++UE4+Release-4.12
LogInit: API Version: 2992821
LogInit: Net Version: 3039270
LogDevObjectVersion: Number of dev versions registered: 13
LogDevObjectVersion:   Dev-Blueprints (B0D832E4-1F89-4F0D-ACCF-7EB736FD4AA2): 3
LogDevObjectVersion:   Dev-Build (E1C64328-A22C-4D53-A36C-8E866417BD8C): 0
LogDevObjectVersion:   Dev-Core (375EC13C-06E4-48FB-B500-84F0262A717E): 1
LogDevObjectVersion:   Dev-Editor (E4B068ED-F494-42E9-A231-DA0B2E46BB41): 2
LogDevObjectVersion:   Dev-Framework (CFFC743F-43B0-4480-9391-14DF171D2073): 6
LogDevObjectVersion:   Dev-Mobile (B02B49B5-BB20-44E9-A304-32B752E40360): 0
LogDevObjectVersion:   Dev-Networking (A4E4105C-59A1-49B5-A7C5-40C4547EDFEE): 0
LogDevObjectVersion:   Dev-Online (39C831C9-5AE6-47DC-9A44-9C173E1C8E7C): 0
LogDevObjectVersion:   Dev-Physics (78F01B33-EBEA-4F98-B9B4-84EACCB95AA2): 0
LogDevObjectVersion:   Dev-Platform (6631380F-2D4D-43E0-8009-CF276956A95A): 0
LogDevObjectVersion:   Dev-Rendering (12F88B9F-8875-4AFC-A67C-D90C383ABD29): 2
LogDevObjectVersion:   Dev-Sequencer (7B5AE74C-D270-4C10-A958-57980B212A5A): 0
LogDevObjectVersion:   Dev-VR (D7296918-1DD6-4BDD-9DE2-64A83CC13884): 0
LogInit: Compiled (64-bit): Jul  6 2016 09:09:46
LogInit: Compiled with Visual C++: 19.00.23026.00
LogInit: Build Configuration: Development
LogInit: Branch Name: ++UE4+Release-4.12
LogInit: Command line:  
LogInit: Base directory: D:/Program Files/EPIC/Epic Games/4.12/Engine/Binaries/Win64/
LogInit: Installed Engine Build: 1
LogInit: Using libcurl 7.41.0
LogInit:  - built for x86_64-pc-win32
LogInit:  - supports SSL with WinSSL
LogInit:  - other features:
LogInit:      CURL_VERSION_SSL
LogInit:      CURL_VERSION_IPV6
LogInit:      CURL_VERSION_ASYNCHDNS
LogInit:      CURL_VERSION_LARGEFILE
LogInit:      CURL_VERSION_IDN
LogInit:  CurlRequestOptions (configurable via config and command line):
LogInit:  - bVerifyPeer = true  - Libcurl will verify peer certificate
LogInit:  - bUseHttpProxy = false  - Libcurl will NOT use HTTP proxy
LogInit:  - bDontReuseConnections = false  - Libcurl will reuse connections
LogInit:  - CertBundlePath = nullptr  - Libcurl will use whatever was configured at build time.
LogInit: Presizing for max 8388607 objects, including 0 objects not considered by GC, pre-allocating 0 bytes for permanent pool.
LogInit: Object subsystem initialized
[2016.12.20-06.43.33:909][  0]LogInit: Selected Device Profile: [Windows]
[2016.12.20-06.43.33:909][  0]LogInit: Applying CVar settings loaded from the selected device profile: [Windows]
[2016.12.20-06.43.33:923][  0]LogInit: Computer: DESKTOP-TAF0IGL
[2016.12.20-06.43.33:923][  0]LogInit: User: tyler
[2016.12.20-06.43.33:923][  0]LogInit: CPU Page size=65536, Cores=4
[2016.12.20-06.43.33:923][  0]LogInit: High frequency timer resolution =3.312793 MHz
[2016.12.20-06.43.33:923][  0]LogMemory: Memory total: Physical=11.9GB (12GB approx)
[2016.12.20-06.43.33:923][  0]LogMemory: Platform Memory Stats for Windows
[2016.12.20-06.43.33:923][  0]LogMemory: Process Physical Memory: 190.50 MB used, 190.50 MB peak
[2016.12.20-06.43.33:923][  0]LogMemory: Process Virtual Memory: 195.19 MB used, 195.19 MB peak
[2016.12.20-06.43.33:923][  0]LogMemory: Physical Memory: 6476.77 MB used, 12223.61 MB total
[2016.12.20-06.43.33:923][  0]LogMemory: Virtual Memory: 553.60 MB used, 134217728.00 MB total
[2016.12.20-06.43.33:959][  0]LogTextLocalizationManager: No specific translations for ('en-CA') exist, so ('en') translations will be used.
[2016.12.20-06.43.34:305][  0]LogD3D11RHI: D3D11 adapters:
[2016.12.20-06.43.34:330][  0]LogD3D11RHI:    0. 'NVIDIA GeForce GTX 970' (Feature Level 11_0)
[2016.12.20-06.43.34:330][  0]LogD3D11RHI:       4059/0/6111 MB DedicatedVideo/DedicatedSystem/SharedSystem, Outputs:2, VendorId:0x10de
[2016.12.20-06.43.34:332][  0]LogD3D11RHI:    1. 'Microsoft Basic Render Driver' (Feature Level 11_0)
[2016.12.20-06.43.34:332][  0]LogD3D11RHI:       0/0/6111 MB DedicatedVideo/DedicatedSystem/SharedSystem, Outputs:0, VendorId:0x1414
[2016.12.20-06.43.34:332][  0]LogD3D11RHI: Chosen D3D11 Adapter: 0
[2016.12.20-06.43.34:336][  0]LogD3D11RHI: Creating new Direct3DDevice
[2016.12.20-06.43.34:336][  0]LogD3D11RHI:     GPU DeviceId: 0x13c2 (for the marketing name, search the web for "GPU Device Id")
[2016.12.20-06.43.34:336][  0]LogWindows: EnumDisplayDevices:
[2016.12.20-06.43.34:336][  0]LogWindows:    0. 'NVIDIA GeForce GTX 970' (P:0 D:1)
[2016.12.20-06.43.34:336][  0]LogWindows:    1. 'NVIDIA GeForce GTX 970' (P:1 D:1)
[2016.12.20-06.43.34:337][  0]LogWindows:    2. 'NVIDIA GeForce GTX 970' (P:0 D:0)
[2016.12.20-06.43.34:337][  0]LogWindows:    3. 'NVIDIA GeForce GTX 970' (P:0 D:0)
[2016.12.20-06.43.34:337][  0]LogWindows: DebugString: FoundDriverCount:4 
[2016.12.20-06.43.34:337][  0]LogD3D11RHI:     Adapter Name: NVIDIA GeForce GTX 970
[2016.12.20-06.43.34:337][  0]LogD3D11RHI:   Driver Version: 372.90 (internal:21.21.13.7290, unified:372.90)
[2016.12.20-06.43.34:337][  0]LogD3D11RHI:      Driver Date: 9-16-2016
[2016.12.20-06.43.34:337][  0]LogRHI: Texture pool is 1361 MB (70% of 1945 MB)
[2016.12.20-06.43.34:353][  0]LogD3D11RHI: Async texture creation enabled
[2016.12.20-06.43.34:365][  0]LogD3D11RHI: GPU Timing Frequency: 1000.000000 (Debug: 2 1)
[2016.12.20-06.43.34:365][  0]LogShaderCompilers: Guid format shader working directory is -10 characters bigger than the processId version (../../../../../../../Documents/Unreal Projects/Colluseum/Intermediate/Shaders/WorkingDirectory/5772/).
[2016.12.20-06.43.34:365][  0]LogShaderCompilers: Cleaned the shader compiler working directory 'C:/Users/tyler/AppData/Local/Temp/UnrealShaderWorkingDir/8F619F13491A6ED198D9138A05FA9733/'.
[2016.12.20-06.43.34:366][  0]LogShaderCompilers:Display: Using Local Shader Compiler.
[2016.12.20-06.43.35:326][  0]LogTemp:Display: Loaded TP AllDesktopTargetPlatform
[2016.12.20-06.43.35:335][  0]LogTemp:Display: Loaded TP WindowsClientTargetPlatform
[2016.12.20-06.43.35:344][  0]LogTemp:Display: Loaded TP WindowsNoEditorTargetPlatform
[2016.12.20-06.43.35:352][  0]LogTemp:Display: Loaded TP WindowsServerTargetPlatform
[2016.12.20-06.43.35:361][  0]LogTemp:Display: Loaded TP WindowsTargetPlatform
[2016.12.20-06.43.35:369][  0]LogTemp:Display: Loaded TP AndroidTargetPlatform
[2016.12.20-06.43.35:376][  0]LogTemp:Display: Loaded TP Android_ASTCTargetPlatform
[2016.12.20-06.43.35:383][  0]LogTemp:Display: Loaded TP Android_ATCTargetPlatform
[2016.12.20-06.43.35:391][  0]LogTemp:Display: Loaded TP Android_DXTTargetPlatform
[2016.12.20-06.43.35:399][  0]LogTemp:Display: Loaded TP Android_ETC1TargetPlatform
[2016.12.20-06.43.35:406][  0]LogTemp:Display: Loaded TP Android_ETC2TargetPlatform
[2016.12.20-06.43.35:421][  0]LogTemp:Display: Loaded TP Android_MultiTargetPlatform
[2016.12.20-06.43.35:421][  0]LogTemp:Display: Loaded TP Android_PVRTCTargetPlatform
[2016.12.20-06.43.35:423][  0]LogTemp:Display: Loaded TP HTML5TargetPlatform
[2016.12.20-06.43.35:448][  0]LogTemp:Display: Loaded TP IOSTargetPlatform
[2016.12.20-06.43.35:456][  0]LogTemp:Display: Loaded TP TVOSTargetPlatform
[2016.12.20-06.43.35:464][  0]LogTemp:Display: Loaded TP LinuxNoEditorTargetPlatform
[2016.12.20-06.43.35:472][  0]LogTemp:Display: Loaded TP LinuxServerTargetPlatform
[2016.12.20-06.43.35:479][  0]LogTemp:Display: Loaded TP LinuxTargetPlatform
[2016.12.20-06.43.35:479][  0]LogTargetPlatformManager:Display: Building Assets For Windows
[2016.12.20-06.43.35:567][  0]LogDerivedDataCache:Display: Max Cache Size: 512 MB
[2016.12.20-06.43.35:610][  0]LogDerivedDataCache: Loaded boot cache 0.04s 48MB C:/Users/tyler/AppData/Local/UnrealEngine/4.12/DerivedDataCache/Boot.ddc.
[2016.12.20-06.43.35:611][  0]LogDerivedDataCache:Display: Loaded Boot cache: C:/Users/tyler/AppData/Local/UnrealEngine/4.12/DerivedDataCache/Boot.ddc
[2016.12.20-06.43.35:611][  0]LogDerivedDataCache: FDerivedDataBackendGraph:  Pak pak cache file ../../../../../../../Documents/Unreal Projects/Colluseum/DerivedDataCache/DDC.ddp not found, will not use a pak cache.
[2016.12.20-06.43.35:611][  0]LogDerivedDataCache: Unable to find inner node Pak for hierarchical cache Hierarchy.
[2016.12.20-06.43.35:611][  0]LogDerivedDataCache: FDerivedDataBackendGraph:  CompressedPak pak cache file ../../../../../../../Documents/Unreal Projects/Colluseum/DerivedDataCache/Compressed.ddp not found, will not use a pak cache.
[2016.12.20-06.43.35:611][  0]LogDerivedDataCache: Unable to find inner node CompressedPak for hierarchical cache Hierarchy.
[2016.12.20-06.43.35:626][  0]LogDerivedDataCache:Display: Pak cache opened for reading ../../../Engine/DerivedDataCache/Compressed.ddp.
[2016.12.20-06.43.35:638][  0]LogDerivedDataCache: Using Local data cache path C:/Users/tyler/AppData/Local/UnrealEngine/Common/DerivedDataCache: Writable
[2016.12.20-06.43.35:847][  0]LogInit: Selected Device Profile: [Windows]
[2016.12.20-06.43.35:848][  0]LogContentStreaming: Texture pool size is 0.00 MB
[2016.12.20-06.43.38:377][  0]LogMeshUtilities: No automatic mesh reduction module available
[2016.12.20-06.43.38:377][  0]LogMeshUtilities: No automatic mesh merging module available
[2016.12.20-06.43.38:377][  0]LogMeshUtilities: No distributed automatic mesh merging module available
[2016.12.20-06.43.43:870][  0]LogAssetRegistry: FAssetRegistry took 0.2895 seconds to start up
[2016.12.20-06.43.44:009][  0]LogAssetRegistry:Error: Failed to open file for write ../../../../../../../Documents/Unreal Projects/Colluseum/Intermediate/AssetRegistryCache/530ded22.bin
[2016.12.20-06.43.44:124][  0]LogPackageLocalizationCache: Processed 3 localized package path(s) for 2 prioritized culture(s) in 0.123289 seconds
[2016.12.20-06.43.44:195][  0]LogUObjectArray: 28739 objects as part of root set at end of initial load.
[2016.12.20-06.43.44:195][  0]LogUObjectAllocator: 5855624 out of 0 bytes used by permanent object pool.
[2016.12.20-06.43.44:195][  0]LogUObjectArray: CloseDisregardForGC: 0/0 objects in disregard for GC pool
[2016.12.20-06.43.44:266][  0]LogInit: WinSock: version 1.1 (2.2), MaxSocks=32767, MaxUdp=65467
[2016.12.20-06.43.52:049][  0]LogAssetRegistry:Error: Failed to open file for write ../../../../../../../Documents/Unreal Projects/Colluseum/Intermediate/CachedAssetRegistry.bin
[2016.12.20-06.43.52:049][  0]LogSlate: SlateFontCache - WITH_FREETYPE: 1, WITH_HARFBUZZ: 1
[2016.12.20-06.43.52:064][  0]LogSlate: SlateFontCache - WITH_FREETYPE: 1, WITH_HARFBUZZ: 1
[2016.12.20-06.44.09:278][  0]LogUdpMessaging: Initializing bridge on interface 0.0.0.0:0 to multicast group 230.0.0.1:6666.
[2016.12.20-06.44.11:650][  0]SourceControl: Info Source control is disabled
[2016.12.20-06.44.11:889][  0]SourceControl: Info Source control is disabled
[2016.12.20-06.44.11:970][  0]SourceControl: Info Source control is disabled
[2016.12.20-06.44.12:039][  0]SourceControl: Info Source control is disabled
[2016.12.20-06.44.14:160][  0]LogEngine: Initializing Engine...
[2016.12.20-06.44.14:278][  0]LogHMD: SteamVR failed to initialize.  Err: 110
[2016.12.20-06.44.14:288][  0]LogHMD: SteamVR failed to initialize.  Err: 110
[2016.12.20-06.44.15:818][  0]LogAIModule: Creating AISystem for world NewWorld
[2016.12.20-06.44.16:132][  0]LogInit: XAudio2 using 'Speakers / Headphones (IDT High Definition Audio CODEC)' : 2 channels at 48 kHz using 32 bits per sample (channel mask 0x3)
[2016.12.20-06.44.16:317][  0]LogInit: FAudioDevice initialized.
[2016.12.20-06.44.16:359][  0]LogDerivedDataCache: Saved boot cache 0.04s 48MB C:/Users/tyler/AppData/Local/UnrealEngine/4.12/DerivedDataCache/Boot.ddc.
[2016.12.20-06.44.16:367][  0]LogInit: Texture streaming: Enabled
[2016.12.20-06.44.16:812][  0]LogInit: Transaction tracking system initialized
[2016.12.20-06.44.17:265][  0]BlueprintLog: New page: Editor Load
[2016.12.20-06.44.18:774][  0]LocalizationService: Info Localization service is disabled
[2016.12.20-06.44.19:628][  0]LogConsoleResponse:Display: 
[2016.12.20-06.44.22:082][  0]LogFileCache: Scanning file cache for directory 'D:/Documents/Unreal Projects/Colluseum/Content/' took 0.14s
[2016.12.20-06.44.22:082][  0]LogCook:Display: Max memory allowance for cook 8192mb
[2016.12.20-06.44.22:083][  0]LogCook:Display: Mobile HDR setting 1
[2016.12.20-06.44.24:547][  0]SourceControl: Info Source control is disabled
[2016.12.20-06.44.24:621][  0]Cmd: MAP LOAD FILE="../../../../../../../Documents/Unreal Projects/Colluseum/Content/StarterContent/Maps/Minimal_Default.umap" TEMPLATE=0 SHOWPROGRESS=1 FEATURELEVEL=3
[2016.12.20-06.44.24:719][  0]LightingResults: New page: Lighting Build
[2016.12.20-06.44.25:048][  0]MapCheck: New page: Map Check
[2016.12.20-06.44.25:048][  0]LightingResults: New page: Lighting Build
[2016.12.20-06.44.28:710][  0]LogAIModule: Creating AISystem for world Minimal_Default
[2016.12.20-06.44.44:435][  0]LogEditorServer: Finished looking for orphan Actors (0.000 secs)
[2016.12.20-06.44.44:572][  0]Cmd: MAP CHECKDEP NOCLEARLOG
[2016.12.20-06.44.44:703][  0]MapCheck: Info Map check complete: 0 Error(s), 0 Warning(s), took 131.072ms to complete.
[2016.12.20-06.44.44:703][  0]LogFileHelpers: Loading map 'Minimal_Default' took 20.111
[2016.12.20-06.44.48:319][  0]LogCollectionManager: Loaded 0 collections in 0.003794 seconds
[2016.12.20-06.44.48:669][  0]LogFileCache: Scanning file cache for directory 'D:/Documents/Unreal Projects/Colluseum/Saved/Collections/' took 0.14s
[2016.12.20-06.44.48:669][  0]LogFileCache: Scanning file cache for directory 'D:/Documents/Unreal Projects/Colluseum/Content/Developers/tyler/Collections/' took 0.01s
[2016.12.20-06.44.48:669][  0]LogFileCache: Scanning file cache for directory 'D:/Documents/Unreal Projects/Colluseum/Content/Collections/' took 0.01s
[2016.12.20-06.44.48:669][  0]LogCollectionManager: Rebuilt the GUID cache for 0 collections in 0.000003 seconds
[2016.12.20-06.44.48:714][  0]LogContentBrowser: Native class hierarchy populated in 0.0287 seconds. Added 2047 classes and 369 folders.
[2016.12.20-06.44.48:800][  0]LogStats: UGameplayTagsManager::ConstructGameplayTagTree: Construct from data asset -  0.000 s
[2016.12.20-06.44.48:801][  0]LogStats: UGameplayTagsManager::ConstructGameplayTagTree: GameplayTagTreeChangedEvent.Broadcast -  0.000 s
[2016.12.20-06.44.48:809][  0]LogContentBrowser: Native class hierarchy updated for 'GameplayTags' in 0.0010 seconds. Added 12 classes and 0 folders.
[2016.12.20-06.44.48:841][  0]LogContentBrowser: Native class hierarchy updated for 'WidgetCarousel' in 0.0021 seconds. Added 0 classes and 0 folders.
[2016.12.20-06.44.50:183][  0]LogContentBrowser: Native class hierarchy updated for 'AddContentDialog' in 0.0011 seconds. Added 0 classes and 0 folders.
[2016.12.20-06.44.50:285][  0]LogContentBrowser: Native class hierarchy updated for 'SceneOutliner' in 0.0013 seconds. Added 1 classes and 2 folders.
[2016.12.20-06.44.51:525][  0]LogCrashTracker: Crashtracker disabled due to settings.
[2016.12.20-06.44.51:882][  0]LogUObjectGlobals:Warning: Failed to find object 'Class None.'
[2016.12.20-06.44.52:047][  0]LogContentBrowser: Native class hierarchy updated for 'HierarchicalLODOutliner' in 0.0019 seconds. Added 1 classes and 2 folders.
[2016.12.20-06.44.52:047][  0]LogLoad: Full Startup: 79.03 seconds (BP compile: 0.88 seconds)
[2016.12.20-06.44.52:047][  0]LogExternalProfiler: Found external profiler: VSPerf
[2016.12.20-06.44.52:047][  0]LogExternalProfiler: Using external profiler: VSPerf
[2016.12.20-06.44.52:145][  0]LogWindowsTextInputMethodSystem:Display: IME system now deactivated.
[2016.12.20-06.44.52:161][  0]LogOcInput: OculusInput pre-init called
[2016.12.20-06.44.52:897][  0]LogContentStreaming: Texture pool size now 1000 MB
[2016.12.20-06.44.55:106][  0]LogRenderer: Reallocating scene render targets to support 1056x512 (Frame:2).
[2016.12.20-06.44.55:512][  1]Cmd: UpdateLandscapeEditorData -warnings
[2016.12.20-06.44.57:118][  7]LogAssetRegistry: Asset discovery search completed in 73.5262 seconds
[2016.12.20-06.44.57:119][  7]LogCollectionManager: Rebuilt the object cache for 0 collections in 0.000002 seconds (found 0 objects)
[2016.12.20-06.44.57:147][  7]LogCollectionManager: Fixed up redirectors for 0 collections in 0.028129 seconds (updated 0 objects)
[2016.12.20-06.44.58:715][ 21]LogWindowsTextInputMethodSystem:Display: IME system now deactivated.
[2016.12.20-06.45.00:118][ 22]Cmd: QUIT_EDITOR
[2016.12.20-06.45.00:690][ 22]LogExit: Preparing to exit.
[2016.12.20-06.45.02:195][ 22]LogExit: Editor shut down
[2016.12.20-06.45.02:195][ 22]LogExit: Transaction tracking system shut down
[2016.12.20-06.45.04:202][ 22]LogObj: Freed 0b from 0 cluster array pools.
[2016.12.20-06.45.04:202][ 22]LogExit: Object subsystem successfully closed.
[2016.12.20-06.45.04:425][ 22]LogD3D11RHI: Shutdown
[2016.12.20-06.45.04:426][ 22]LogD3D11RHI: CleanupD3DDevice
[2016.12.20-06.45.04:591][ 22]LogD3D11RHI: ~FD3D11DynamicRHI
[2016.12.20-06.45.05:705][ 22]LogModuleManager: Shutting down and abandoning module HierarchicalLODOutliner (213)
[2016.12.20-06.45.05:713][ 22]LogModuleManager: Shutting down and abandoning module CrashTracker (212)
[2016.12.20-06.45.05:713][ 22]LogModuleManager: Shutting down and abandoning module SceneOutliner (211)
[2016.12.20-06.45.05:713][ 22]LogModuleManager: Shutting down and abandoning module WidgetCarousel (210)
[2016.12.20-06.45.05:726][ 22]LogModuleManager: Shutting down and abandoning module AddContentDialog (209)
[2016.12.20-06.45.05:761][ 22]LogModuleManager: Shutting down and abandoning module GameplayTags (208)
[2016.12.20-06.45.05:761][ 22]LogModuleManager: Shutting down and abandoning module EditorWidgets (207)
[2016.12.20-06.45.05:761][ 22]LogModuleManager: Shutting down and abandoning module CollectionManager (206)
[2016.12.20-06.45.05:782][ 22]LogModuleManager: Shutting down and abandoning module StatsViewer (205)
[2016.12.20-06.45.05:802][ 22]LogModuleManager: Shutting down and abandoning module FoliageEdit (204)
[2016.12.20-06.45.05:805][ 22]LogModuleManager: Shutting down and abandoning module LandscapeEditor (203)
[2016.12.20-06.45.05:837][ 22]LogModuleManager: Shutting down and abandoning module SceneDepthPickerMode (202)
[2016.12.20-06.45.05:837][ 22]LogModuleManager: Shutting down and abandoning module ActorPickerMode (201)
[2016.12.20-06.45.05:837][ 22]LogModuleManager: Shutting down and abandoning module GeometryMode (200)
[2016.12.20-06.45.05:837][ 22]LogModuleManager: Shutting down and abandoning module TextureAlignMode (199)
[2016.12.20-06.45.05:837][ 22]LogModuleManager: Shutting down and abandoning module BspMode (198)
[2016.12.20-06.45.05:852][ 22]LogModuleManager: Shutting down and abandoning module HardwareSurvey (197)
[2016.12.20-06.45.05:852][ 22]LogModuleManager: Shutting down and abandoning module SequenceRecorderSections (196)
[2016.12.20-06.45.05:853][ 22]LogModuleManager: Shutting down and abandoning module SequenceRecorder (195)
[2016.12.20-06.45.05:866][ 22]LogModuleManager: Shutting down and abandoning module AutomationWorker (194)
[2016.12.20-06.45.05:867][ 22]LogModuleManager: Shutting down and abandoning module MatineeToLevelSequence (193)
[2016.12.20-06.45.05:867][ 22]LogModuleManager: Shutting down and abandoning module PlacementMode (192)
[2016.12.20-06.45.05:890][ 22]LogModuleManager: Shutting down and abandoning module LevelSequenceEditor (191)
[2016.12.20-06.45.05:930][ 22]LogModuleManager: Shutting down and abandoning module CharacterAI (190)
[2016.12.20-06.45.05:931][ 22]LogModuleManager: Shutting down and abandoning module SmartSnapping (189)
[2016.12.20-06.45.05:931][ 22]LogModuleManager: Shutting down and abandoning module SessionServices (188)
[2016.12.20-06.45.05:931][ 22]LogModuleManager: Shutting down and abandoning module ViewportSnapping (187)
[2016.12.20-06.45.05:931][ 22]LogModuleManager: Shutting down and abandoning module LogVisualizer (186)
[2016.12.20-06.45.05:956][ 22]LogModuleManager: Shutting down and abandoning module GameProjectGeneration (185)
[2016.12.20-06.45.05:985][ 22]LogModuleManager: Shutting down and abandoning module IntroTutorials (184)
[2016.12.20-06.45.05:994][ 22]LogModuleManager: Shutting down and abandoning module EditorLiveStreaming (183)
[2016.12.20-06.45.05:994][ 22]LogModuleManager: Shutting down and abandoning module IOSPlatformEditor (182)
[2016.12.20-06.45.06:009][ 22]LogModuleManager: Shutting down and abandoning module HTML5PlatformEditor (181)
[2016.12.20-06.45.06:009][ 22]LogModuleManager: Shutting down and abandoning module AndroidDeviceDetection (180)
[2016.12.20-06.45.06:119][ 22]LogModuleManager: Shutting down and abandoning module AndroidPlatformEditor (179)
[2016.12.20-06.45.06:131][ 22]LogModuleManager: Shutting down and abandoning module IOSRuntimeSettings (178)
[2016.12.20-06.45.06:131][ 22]LogModuleManager: Shutting down and abandoning module AndroidRuntimeSettings (177)
[2016.12.20-06.45.06:131][ 22]LogModuleManager: Shutting down and abandoning module MergeActors (176)
[2016.12.20-06.45.06:148][ 22]LogModuleManager: Shutting down and abandoning module SizeMap (175)
[2016.12.20-06.45.06:148][ 22]LogModuleManager: Shutting down and abandoning module TreeMap (174)
[2016.12.20-06.45.06:156][ 22]LogModuleManager: Shutting down and abandoning module ReferenceViewer (173)
[2016.12.20-06.45.06:170][ 22]LogModuleManager: Shutting down and abandoning module LocalizationService (172)
[2016.12.20-06.45.06:187][ 22]LogModuleManager: Shutting down and abandoning module LocalizationDashboard (171)
[2016.12.20-06.45.06:211][ 22]LogModuleManager: Shutting down and abandoning module HardwareTargeting (170)
[2016.12.20-06.45.06:223][ 22]LogModuleManager: Shutting down and abandoning module DeviceProfileEditor (169)
[2016.12.20-06.45.06:237][ 22]LogModuleManager: Shutting down and abandoning module UndoHistory (168)
[2016.12.20-06.45.06:247][ 22]LogModuleManager: Shutting down and abandoning module UserFeedback (167)
[2016.12.20-06.45.06:247][ 22]LogModuleManager: Shutting down and abandoning module XmlParser (166)
[2016.12.20-06.45.06:247][ 22]LogModuleManager: Shutting down and abandoning module Blutility (165)
[2016.12.20-06.45.06:256][ 22]LogModuleManager: Shutting down and abandoning module ProjectTargetPlatformEditor (164)
[2016.12.20-06.45.06:268][ 22]LogModuleManager: Shutting down and abandoning module ProjectSettingsViewer (163)
[2016.12.20-06.45.06:268][ 22]LogModuleManager: Shutting down and abandoning module InputBindingEditor (162)
[2016.12.20-06.45.06:298][ 22]LogModuleManager: Shutting down and abandoning module EditorSettingsViewer (161)
[2016.12.20-06.45.06:299][ 22]LogModuleManager: Shutting down and abandoning module SettingsEditor (160)
[2016.12.20-06.45.06:338][ 22]LogModuleManager: Shutting down and abandoning module ProjectLauncher (159)
[2016.12.20-06.45.06:359][ 22]LogModuleManager: Shutting down and abandoning module SessionFrontend (158)
[2016.12.20-06.45.06:375][ 22]LogModuleManager: Shutting down and abandoning module ProfilerClient (157)
[2016.12.20-06.45.06:389][ 22]LogModuleManager: Shutting down and abandoning module TargetDeviceServices (156)
[2016.12.20-06.45.06:396][ 22]LogModuleManager: Shutting down and abandoning module DeviceManager (155)
[2016.12.20-06.45.06:455][ 22]LogModuleManager: Shutting down and abandoning module AutomationController (154)
[2016.12.20-06.45.06:469][ 22]LogModuleManager: Shutting down and abandoning module AutomationWindow (153)
[2016.12.20-06.45.06:494][ 22]LogModuleManager: Shutting down and abandoning module Layers (152)
[2016.12.20-06.45.06:521][ 22]LogModuleManager: Shutting down and abandoning module ComponentVisualizers (151)
[2016.12.20-06.45.06:521][ 22]LogModuleManager: Shutting down and abandoning module DetailCustomizations (150)
[2016.12.20-06.45.06:538][ 22]LogModuleManager: Shutting down and abandoning module PackagesDialog (149)
[2016.12.20-06.45.06:539][ 22]LogModuleManager: Shutting down and abandoning module Persona (148)
[2016.12.20-06.45.06:586][ 22]LogModuleManager: Shutting down and abandoning module Kismet (147)
[2016.12.20-06.45.06:604][ 22]LogModuleManager: Shutting down and abandoning module GraphEditor (146)
[2016.12.20-06.45.06:657][ 22]LogModuleManager: Shutting down and abandoning module ClassViewer (145)
[2016.12.20-06.45.06:675][ 22]LogModuleManager: Shutting down and abandoning module Toolbox (144)
[2016.12.20-06.45.06:693][ 22]LogModuleManager: Shutting down and abandoning module ModuleUI (143)
[2016.12.20-06.45.06:709][ 22]LogModuleManager: Shutting down and abandoning module MovieSceneTools (142)
[2016.12.20-06.45.06:767][ 22]LogModuleManager: Shutting down and abandoning module OutputLog (141)
[2016.12.20-06.45.06:777][ 22]LogModuleManager: Shutting down and abandoning module GammaUI (140)
[2016.12.20-06.45.06:789][ 22]LogModuleManager: Shutting down and abandoning module Documentation (139)
[2016.12.20-06.45.06:789][ 22]LogModuleManager: Shutting down and abandoning module StreamingPauseRendering (138)
[2016.12.20-06.45.06:789][ 22]LogModuleManager: Shutting down and abandoning module AnalyticsET (137)
[2016.12.20-06.45.06:789][ 22]LogModuleManager: Shutting down and abandoning module Analytics (136)
[2016.12.20-06.45.06:789][ 22]LogModuleManager: Shutting down and abandoning module PortalServices (135)
[2016.12.20-06.45.06:789][ 22]LogModuleManager: Shutting down and abandoning module PortalRpc (134)
[2016.12.20-06.45.06:789][ 22]LogModuleManager: Shutting down and abandoning module MessagingRpc (133)
[2016.12.20-06.45.06:789][ 22]LogModuleManager: Shutting down and abandoning module GameplayDebugger (132)
[2016.12.20-06.45.06:790][ 22]LogModuleManager: Shutting down and abandoning module AITestSuite (131)
[2016.12.20-06.45.06:803][ 22]LogModuleManager: Shutting down and abandoning module AIModule (130)
[2016.12.20-06.45.06:803][ 22]LogModuleManager: Shutting down and abandoning module ProfilerService (129)
[2016.12.20-06.45.06:951][ 22]LogModuleManager: Shutting down and abandoning module TaskGraph (128)
[2016.12.20-06.45.06:969][ 22]LogModuleManager: Shutting down and abandoning module SlateRemote (127)
[2016.12.20-06.45.06:969][ 22]LogModuleManager: Shutting down and abandoning module SteamVRController (126)
[2016.12.20-06.45.06:969][ 22]LogModuleManager: Shutting down and abandoning module SteamVR (125)
[2016.12.20-06.45.06:969][ 22]LogModuleManager: Shutting down and abandoning module ProceduralMeshComponent (124)
[2016.12.20-06.45.06:969][ 22]LogModuleManager: Shutting down and abandoning module OculusLibrary (123)
[2016.12.20-06.45.06:969][ 22]LogModuleManager: Shutting down and abandoning module OculusInput (122)
[2016.12.20-06.45.06:969][ 22]LogModuleManager: Shutting down and abandoning module CustomMeshComponent (121)
[2016.12.20-06.45.06:985][ 22]LogModuleManager: Shutting down and abandoning module CableComponent (120)
[2016.12.20-06.45.06:985][ 22]LogModuleManager: Shutting down and abandoning module ArchVisCharacter (119)
[2016.12.20-06.45.06:985][ 22]LogModuleManager: Shutting down and abandoning module MediaPlayerEditor (118)
[2016.12.20-06.45.07:000][ 22]LogModuleManager: Shutting down and abandoning module HTML5Networking (117)
[2016.12.20-06.45.07:000][ 22]LogModuleManager: Shutting down and abandoning module SuperSearch (116)
[2016.12.20-06.45.07:000][ 22]LogModuleManager: Shutting down and abandoning module SuperSearchEditor (115)
[2016.12.20-06.45.07:000][ 22]LogModuleManager: Shutting down and abandoning module SpeedTreeImporter (114)
[2016.12.20-06.45.07:000][ 22]LogModuleManager: Shutting down and abandoning module PluginBrowser (113)
[2016.12.20-06.45.07:041][ 22]LogModuleManager: Shutting down and abandoning module EpicSurvey (112)
[2016.12.20-06.45.07:041][ 22]LogModuleManager: Shutting down and abandoning module DesktopPlatform (111)
[2016.12.20-06.45.07:051][ 22]LogModuleManager: Shutting down and abandoning module VisualStudioSourceCodeAccess (110)
[2016.12.20-06.45.07:051][ 22]LogModuleManager: Shutting down and abandoning module UObjectPlugin (109)
[2016.12.20-06.45.07:051][ 22]LogModuleManager: Shutting down and abandoning module SubversionSourceControl (108)
[2016.12.20-06.45.07:069][ 22]LogModuleManager: Shutting down and abandoning module PerforceSourceControl (107)
[2016.12.20-06.45.07:076][ 22]LogModuleManager: Shutting down and abandoning module SourceControl (106)
[2016.12.20-06.45.07:087][ 22]LogModuleManager: Shutting down and abandoning module GitSourceControl (105)
[2016.12.20-06.45.07:100][ 22]LogModuleManager: Shutting down and abandoning module LightPropagationVolumeEditor (104)
[2016.12.20-06.45.07:100][ 22]LogModuleManager: Shutting down and abandoning module PaperTiledImporter (103)
[2016.12.20-06.45.07:105][ 22]LogModuleManager: Shutting down and abandoning module PaperSpriteSheetImporter (102)
[2016.12.20-06.45.07:105][ 22]LogModuleManager: Shutting down and abandoning module MeshPaint (101)
[2016.12.20-06.45.07:119][ 22]LogModuleManager: Shutting down and abandoning module PixelInspectorModule (100)
[2016.12.20-06.45.07:142][ 22]LogModuleManager: Shutting down and abandoning module HotReload (99)
[2016.12.20-06.45.07:159][ 22]LogModuleManager: Shutting down and abandoning module MainFrame (98)
[2016.12.20-06.45.07:185][ 22]LogModuleManager: Shutting down and abandoning module LevelEditor (97)
[2016.12.20-06.45.07:196][ 22]LogModuleManager: Shutting down and abandoning module ContentBrowser (96)
[2016.12.20-06.45.07:196][ 22]LogModuleManager: Shutting down and abandoning module Paper2DEditor (95)
[2016.12.20-06.45.07:221][ 22]LogModuleManager: Shutting down and abandoning module UdpMessaging (94)
[2016.12.20-06.45.07:321][ 22]LogModuleManager: Shutting down and abandoning module LightPropagationVolumeRuntime (93)
[2016.12.20-06.45.07:321][ 22]LogModuleManager: Shutting down and abandoning module Paper2D (92)
[2016.12.20-06.45.07:333][ 22]LogModuleManager: Shutting down and abandoning module WindowsMoviePlayer (91)
[2016.12.20-06.45.07:333][ 22]LogModuleManager: Shutting down and abandoning module Media (90)
[2016.12.20-06.45.07:333][ 22]LogModuleManager: Shutting down and abandoning module WmfMedia (89)
[2016.12.20-06.45.07:354][ 22]LogModuleManager: Shutting down and abandoning module MediaAssets (88)
[2016.12.20-06.45.07:354][ 22]LogModuleManager: Shutting down and abandoning module GameLiveStreaming (87)
[2016.12.20-06.45.07:354][ 22]LogModuleManager: Shutting down and abandoning module GameplayTagsEditor (86)
[2016.12.20-06.45.07:354][ 22]LogModuleManager: Shutting down and abandoning module OnlineBlueprintSupport (85)
[2016.12.20-06.45.07:354][ 22]LogModuleManager: Shutting down and abandoning module VREditor (84)
[2016.12.20-06.45.07:376][ 22]LogModuleManager: Shutting down and abandoning module GameplayTasksEditor (83)
[2016.12.20-06.45.07:376][ 22]LogModuleManager: Shutting down and abandoning module PropertyEditor (82)
[2016.12.20-06.45.07:376][ 22]LogModuleManager: Shutting down and abandoning module BehaviorTreeEditor (81)
[2016.12.20-06.45.07:411][ 22]LogModuleManager: Shutting down and abandoning module FunctionalTesting (80)
[2016.12.20-06.45.07:411][ 22]LogModuleManager: Shutting down and abandoning module CollisionAnalyzer (79)
[2016.12.20-06.45.07:422][ 22]LogModuleManager: Shutting down and abandoning module Sequencer (78)
[2016.12.20-06.45.07:452][ 22]LogModuleManager: Shutting down and abandoning module WorkspaceMenuStructure (77)
[2016.12.20-06.45.07:452][ 22]LogModuleManager: Shutting down and abandoning module MessageLog (76)
[2016.12.20-06.45.07:479][ 22]LogModuleManager: Shutting down and abandoning module AssetTools (75)
[2016.12.20-06.45.07:513][ 22]LogModuleManager: Shutting down and abandoning module UMGEditor (74)
[2016.12.20-06.45.07:555][ 22]LogModuleManager: Shutting down and abandoning module UMG (73)
[2016.12.20-06.45.07:587][ 22]LogModuleManager: Shutting down and abandoning module SlateReflector (72)
[2016.12.20-06.45.07:625][ 22]LogModuleManager: Shutting down and abandoning module Slate (71)
[2016.12.20-06.45.07:639][ 22]LogModuleManager: Shutting down and abandoning module EditorStyle (70)
[2016.12.20-06.45.07:642][ 22]LogModuleManager: Shutting down and abandoning module SourceCodeAccess (69)
[2016.12.20-06.45.07:642][ 22]LogModuleManager: Shutting down and abandoning module HeadMountedDisplay (68)
[2016.12.20-06.45.07:642][ 22]LogModuleManager: Shutting down and abandoning module XAudio2 (67)
[2016.12.20-06.45.07:642][ 22]LogModuleManager: Shutting down and abandoning module Networking (65)
[2016.12.20-06.45.07:642][ 22]LogModuleManager: Shutting down and abandoning module Core (64)
[2016.12.20-06.45.07:642][ 22]LogModuleManager: Shutting down and abandoning module DirectoryWatcher (63)
[2016.12.20-06.45.07:642][ 22]LogModuleManager: Shutting down and abandoning module AssetRegistry (62)
[2016.12.20-06.45.07:748][ 22]LogModuleManager: Shutting down and abandoning module KismetCompiler (61)
[2016.12.20-06.45.07:748][ 22]LogModuleManager: Shutting down and abandoning module PhysXFormats (60)
[2016.12.20-06.45.07:748][ 22]LogModuleManager: Shutting down and abandoning module MeshUtilities (59)
[2016.12.20-06.45.07:765][ 22]LogModuleManager: Shutting down and abandoning module DerivedDataCache (58)
[2016.12.20-06.45.08:222][ 22]LogDerivedDataCache: Shutdown
[2016.12.20-06.45.08:223][ 22]LogModuleManager: Shutting down and abandoning module VulkanShaderFormat (57)
[2016.12.20-06.45.08:239][ 22]LogModuleManager: Shutting down and abandoning module ShaderFormatOpenGL (56)
[2016.12.20-06.45.08:252][ 22]LogModuleManager: Shutting down and abandoning module ShaderFormatD3D (55)
[2016.12.20-06.45.08:252][ 22]LogModuleManager: Shutting down and abandoning module MetalShaderFormat (54)
[2016.12.20-06.45.08:279][ 22]LogModuleManager: Shutting down and abandoning module TextureFormatUncompressed (53)
[2016.12.20-06.45.08:279][ 22]LogModuleManager: Shutting down and abandoning module TextureFormatPVR (52)
[2016.12.20-06.45.08:279][ 22]LogModuleManager: Shutting down and abandoning module TextureFormatIntelISPCTexComp (51)
[2016.12.20-06.45.08:281][ 22]LogModuleManager: Shutting down and abandoning module TextureFormatDXT (50)
[2016.12.20-06.45.08:281][ 22]LogModuleManager: Shutting down and abandoning module ImageWrapper (49)
[2016.12.20-06.45.08:281][ 22]LogModuleManager: Shutting down and abandoning module TextureFormatASTC (48)
[2016.12.20-06.45.08:281][ 22]LogModuleManager: Shutting down and abandoning module TextureFormatAndroid (47)
[2016.12.20-06.45.08:281][ 22]LogModuleManager: Shutting down and abandoning module AudioFormatOpus (46)
[2016.12.20-06.45.08:289][ 22]LogModuleManager: Shutting down and abandoning module AudioFormatOgg (45)
[2016.12.20-06.45.08:289][ 22]LogModuleManager: Shutting down and abandoning module AudioFormatADPCM (44)
[2016.12.20-06.45.08:289][ 22]LogModuleManager: Shutting down and abandoning module LinuxTargetPlatform (43)
[2016.12.20-06.45.08:289][ 22]LogModuleManager: Shutting down and abandoning module LinuxServerTargetPlatform (42)
[2016.12.20-06.45.08:289][ 22]LogModuleManager: Shutting down and abandoning module LinuxNoEditorTargetPlatform (41)
[2016.12.20-06.45.08:289][ 22]LogModuleManager: Shutting down and abandoning module TVOSTargetPlatform (40)
[2016.12.20-06.45.08:289][ 22]LogModuleManager: Shutting down and abandoning module Messaging (39)
[2016.12.20-06.45.08:289][ 22]LogModuleManager: Shutting down and abandoning module IOSTargetPlatform (38)
[2016.12.20-06.45.08:289][ 22]LogModuleManager: Shutting down and abandoning module HTML5TargetPlatform (37)
[2016.12.20-06.45.08:289][ 22]LogModuleManager: Shutting down and abandoning module Android_PVRTCTargetPlatform (36)
[2016.12.20-06.45.08:290][ 22]LogModuleManager: Shutting down and abandoning module Android_MultiTargetPlatform (35)
[2016.12.20-06.45.08:290][ 22]LogModuleManager: Shutting down and abandoning module Android_ETC2TargetPlatform (34)
[2016.12.20-06.45.08:290][ 22]LogModuleManager: Shutting down and abandoning module Android_ETC1TargetPlatform (33)
[2016.12.20-06.45.08:290][ 22]LogModuleManager: Shutting down and abandoning module Android_DXTTargetPlatform (32)
[2016.12.20-06.45.08:290][ 22]LogModuleManager: Shutting down and abandoning module Android_ATCTargetPlatform (31)
[2016.12.20-06.45.08:290][ 22]LogModuleManager: Shutting down and abandoning module Android_ASTCTargetPlatform (30)
[2016.12.20-06.45.08:290][ 22]LogModuleManager: Shutting down and abandoning module AndroidTargetPlatform (29)
[2016.12.20-06.45.08:290][ 22]LogModuleManager: Shutting down and abandoning module WindowsTargetPlatform (28)
[2016.12.20-06.45.08:290][ 22]LogModuleManager: Shutting down and abandoning module WindowsServerTargetPlatform (27)
[2016.12.20-06.45.08:290][ 22]LogModuleManager: Shutting down and abandoning module WindowsNoEditorTargetPlatform (26)
[2016.12.20-06.45.08:290][ 22]LogModuleManager: Shutting down and abandoning module WindowsClientTargetPlatform (25)
[2016.12.20-06.45.08:290][ 22]LogModuleManager: Shutting down and abandoning module AllDesktopTargetPlatform (24)
[2016.12.20-06.45.08:290][ 22]LogModuleManager: Shutting down and abandoning module TargetPlatform (23)
[2016.12.20-06.45.08:312][ 22]LogModuleManager: Shutting down and abandoning module InputCore (22)
[2016.12.20-06.45.08:312][ 22]LogModuleManager: Shutting down and abandoning module Settings (21)
[2016.12.20-06.45.08:313][ 22]LogModuleManager: Shutting down and abandoning module OnlineSubsystem (19)
[2016.12.20-06.45.08:313][ 22]LogModuleManager: Shutting down and abandoning module HTTP (18)
[2016.12.20-06.45.12:378][ 22]LogModuleManager: Shutting down and abandoning module XMPP (17)
[2016.12.20-06.45.12:406][ 22]LogModuleManager: Shutting down and abandoning module OculusRift (16)
[2016.12.20-06.45.12:422][ 22]LogModuleManager: Shutting down and abandoning module ExampleDeviceProfileSelector (15)
[2016.12.20-06.45.12:422][ 22]LogModuleManager: Shutting down and abandoning module TextureCompressor (14)
[2016.12.20-06.45.12:424][ 22]LogModuleManager: Shutting down and abandoning module ShaderCore (13)
[2016.12.20-06.45.12:425][ 22]LogModuleManager: Shutting down and abandoning module Landscape (12)
[2016.12.20-06.45.12:425][ 22]LogModuleManager: Shutting down and abandoning module SlateRHIRenderer (11)
[2016.12.20-06.45.12:454][ 22]LogModuleManager: Shutting down and abandoning module OpenGLDrv (10)
[2016.12.20-06.45.12:487][ 22]LogModuleManager: Shutting down and abandoning module D3D11RHI (9)
[2016.12.20-06.45.12:487][ 22]LogModuleManager: Shutting down and abandoning module AnimGraphRuntime (8)
[2016.12.20-06.45.12:499][ 22]LogModuleManager: Shutting down and abandoning module Renderer (7)
[2016.12.20-06.45.12:499][ 22]LogModuleManager: Shutting down and abandoning module Engine (6)
[2016.12.20-06.45.12:499][ 22]LogModuleManager: Shutting down and abandoning module CoreUObject (5)
[2016.12.20-06.45.12:499][ 22]LogModuleManager: Shutting down and abandoning module NetworkFile (4)
[2016.12.20-06.45.12:513][ 22]LogModuleManager: Shutting down and abandoning module StreamingFile (3)
[2016.12.20-06.45.12:513][ 22]LogModuleManager: Shutting down and abandoning module SandboxFile (2)
[2016.12.20-06.45.12:533][ 22]LogModuleManager: Shutting down and abandoning module PakFile (1)
[2016.12.20-06.45.12:552][ 22]LogExit: Exiting.
[2016.12.20-06.45.12:559][ 22]Log file closed, 12/19/16 22:45:12
